
2022-06-13 09:49:30,224 template INFO 模板替换成功，替换的模板为D:\zjg\laodaomeidan-master\api_yaml\login.yml

2022-06-13 09:49:30,282 接口测试 INFO 
            请求地址：http://222.247.54.74:8990/dns-ynjnrcpjfwpt-proj-backstage-api/bks/v1/user/login  

            请求参数：{'headers': {'Proxy-Connection': 'keep-alive', 'Content-Length': '56', 'Content-Type': 'application/x-www-form-urlencoded;charset=UTF-8', 'Accept': 'application/json, text/plain, */*', 'Accept-Language': 'zh-CN,zh;q=0.9', 'User-Agent': 'Mozilla/5.0 (Windows NT 6.1; Win64; x64) AppleWebKit/537.36'}, 'data': {'password': 'qiz3DwnIhxml+YVQRgCz5g==', 'username': 'N/hB1rj3sKt5HLA5ikuapg=='}}  

            返回信息: {'returnCode': 200, 'success': True, 'data': {'authorizationToken': 'eyJhbGciOiJIUzI1NiIsInR5cCI6IkpXVCJ9.eyJjdXJyZW50IjoxNjU1MDg0OTcwMjc2LCJleHAiOjE2NTUwODg1NzAsImlhdCI6MTY1NTA4NDk3MCwidXNlckNvZGUiOiJiYTRkNzgxZTUyM2M0MzczOGI4ZDZiNGU1ZmEwY2QyMCJ9._wmiWUVrxPlxIcjI231SpOPB-nP23mX8OSLPi9B3cUE', 'topCode': '-1'}, 'returnMsg': '操作成功!', 'returnData': {}}  

            

2022-06-13 09:49:30,295 template INFO 模板替换成功，替换的模板为D:\zjg\laodaomeidan-master\api_yaml\saveExaPlanApi.yml

2022-06-13 09:49:30,492 接口测试 INFO 
            请求地址：http://222.247.54.74:8990/dns-ynjnrcpjfwpt-proj-backstage-api/bks/v1/exaPlan/saveExaPlan  

            请求参数：{'headers': {'authorization_token': 'eyJhbGciOiJIUzI1NiIsInR5cCI6IkpXVCJ9.eyJjdXJyZW50IjoxNjU1MDg0OTcwMjc2LCJleHAiOjE2NTUwODg1NzAsImlhdCI6MTY1NTA4NDk3MCwidXNlckNvZGUiOiJiYTRkNzgxZTUyM2M0MzczOGI4ZDZiNGU1ZmEwY2QyMCJ9._wmiWUVrxPlxIcjI231SpOPB-nP23mX8OSLPi9B3cUE', 'Proxy-Connection': 'keep-alive', 'Content-Type': 'application/json;charset=UTF-8', 'Accept': 'application/json, text/plain, */*', 'Accept-Language': 'zh-CN,zh;q=0.9', 'User-Agent': 'Mozilla/5.0 (Windows NT 6.1; Win64; x64) AppleWebKit/537.36'}, 'json': {'advanceSubmit': 1, 'advanceSubmitTime': 30, 'area': ['dd9b2987af4a11e9ac97005056ae9835', 'dd9be929af4a11e9ac97005056ae9835'], 'city': 'dd9be929af4a11e9ac97005056ae9835', 'endTime': '2022-06-23 23:59:59', 'faceReg': 1, 'job': '375a468328aa45f28e2cfbfaa9cfd0e5', 'jobCode': '375a468328aa45f28e2cfbfaa9cfd0e5', 'onlineSwitch': 0, 'planCate': '0', 'planName': '锅巴:狗剩1655084969', 'planStep': 0, 'planType': 0, 'positionSign': 1, 'province': 'dd9b2987af4a11e9ac97005056ae9835', 'regTimes': 1, 'selDate': ['2022-05-13T08:55:58.101Z', '2022-05-29T08:55:58.101Z'], 'socialSignEndTime': '2022-06-23 23:59:59', 'socialSignStartTime': '2022-06-13 00:00:00', 'sociologyDate': ['2022-05-13T08:56:31.901Z', '2022-05-29T08:56:31.901Z'], 'startTime': '2022-06-13 00:00:00', 'sub': [0, 1], 'subjects': '0,1', 'workCode': '53db1e63b7ea484581e489037b4728e0', 'workLevelCode': '8427964542f34e4ca87620e0a3a48d89'}}  

            返回信息: {'returnCode': 200, 'success': True, 'data': None, 'returnMsg': '操作成功!', 'returnData': {}}  

            

2022-06-13 09:49:30,524 template INFO 模板替换成功，替换的模板为D:\zjg\laodaomeidan-master\api_yaml\saveStudentApi.yml

2022-06-13 09:49:30,851 接口测试 INFO 
            请求地址：http://222.247.54.74:8990/dns-ynjnrcpjfwpt-proj-backstage-api/bks/v1/examaff/student/saveStudent  

            请求参数：{'headers': {'authorization_token': 'eyJhbGciOiJIUzI1NiIsInR5cCI6IkpXVCJ9.eyJjdXJyZW50IjoxNjU1MDg0OTcwMjc2LCJleHAiOjE2NTUwODg1NzAsImlhdCI6MTY1NTA4NDk3MCwidXNlckNvZGUiOiJiYTRkNzgxZTUyM2M0MzczOGI4ZDZiNGU1ZmEwY2QyMCJ9._wmiWUVrxPlxIcjI231SpOPB-nP23mX8OSLPi9B3cUE', 'Proxy-Connection': 'keep-alive', 'Content-Type': 'application/json;charset=UTF-8', 'Accept': 'application/json, text/plain, */*', 'Accept-Language': 'zh-CN,zh;q=0.9', 'User-Agent': 'Mozilla/5.0 (Windows NT 6.1; Win64; x64) AppleWebKit/537.36'}, 'json': {'age': 23, 'birth': '1999-03-07', 'bizCode': '', 'cardNo': 532627193602119706, 'cardType': '237', 'education': '0', 'electronicPhoto': 'https://danengshou.obs.cn-north-1.myhuaweicloud.com/71c24673558d458982589cdcbd95b4b6.jpg', 'examaffPlanCode': 'e0368662db7648e482c9db76d8ea8854', 'job': '375a468328aa45f28e2cfbfaa9cfd0e5', 'jobCode': '375a468328aa45f28e2cfbfaa9cfd0e5', 'mobile': 15518340392, 'planCoding': '530100202206130004', 'planType': 0, 'realNamePassed': 0, 'sex': '1', 'studentName': '吴慧1655084969', 'studentType': '0', 'trainSchool': '母猪产后的护理与调养专业学校', 'unit': '汉雅', 'workCode': '53db1e63b7ea484581e489037b4728e0', 'workLevelCode': '8427964542f34e4ca87620e0a3a48d89'}}  

            返回信息: {'returnCode': 200, 'success': True, 'data': None, 'returnMsg': '操作成功!', 'returnData': {}}  

            

2022-06-13 09:49:30,889 template INFO 模板替换成功，替换的模板为D:\zjg\laodaomeidan-master\api_yaml\studentAttachApi.yml

2022-06-13 09:49:30,942 接口测试 INFO 
            请求地址：http://222.247.54.74:8990/dns-ynjnrcpjfwpt-proj-backstage-api/bks/v1/examaff/student/uploadAttach  

            请求参数：{'headers': {'authorization_token': 'eyJhbGciOiJIUzI1NiIsInR5cCI6IkpXVCJ9.eyJjdXJyZW50IjoxNjU1MDg0OTcwMjc2LCJleHAiOjE2NTUwODg1NzAsImlhdCI6MTY1NTA4NDk3MCwidXNlckNvZGUiOiJiYTRkNzgxZTUyM2M0MzczOGI4ZDZiNGU1ZmEwY2QyMCJ9._wmiWUVrxPlxIcjI231SpOPB-nP23mX8OSLPi9B3cUE', 'Proxy-Connection': 'keep-alive', 'Content-Type': 'application/x-www-form-urlencoded', 'Accept': 'application/json, text/plain, */*', 'Accept-Language': 'zh-CN,zh;q=0.9', 'User-Agent': 'Mozilla/5.0 (Windows NT 6.1; Win64; x64) AppleWebKit/537.36'}, 'params': {'attachName': 'F8983F1DD17811C3C6B350B82C90A61A.jpg', 'attachSrc': 'https://danengshou.obs.cn-north-1.myhuaweicloud.com/ed4499281b77450284f90da87659ebee.jpg', 'modelCode': '1', 'planCode': 'e0368662db7648e482c9db76d8ea8854'}}  

            返回信息: {'returnCode': 200, 'success': True, 'data': None, 'returnMsg': '操作成功!', 'returnData': {}}  

            

2022-06-13 09:49:30,964 template INFO 模板替换成功，替换的模板为D:\zjg\laodaomeidan-master\api_yaml\saveSiteApi.yml

2022-06-13 09:49:31,039 接口测试 INFO 
            请求地址：http://222.247.54.74:8990/dns-ynjnrcpjfwpt-proj-backstage-api/bks/v1/examaff/site/saveSite  

            请求参数：{'headers': {'authorization_token': 'eyJhbGciOiJIUzI1NiIsInR5cCI6IkpXVCJ9.eyJjdXJyZW50IjoxNjU1MDg0OTcwMjc2LCJleHAiOjE2NTUwODg1NzAsImlhdCI6MTY1NTA4NDk3MCwidXNlckNvZGUiOiJiYTRkNzgxZTUyM2M0MzczOGI4ZDZiNGU1ZmEwY2QyMCJ9._wmiWUVrxPlxIcjI231SpOPB-nP23mX8OSLPi9B3cUE', 'Proxy-Connection': 'keep-alive', 'Content-Type': 'application/json;charset=UTF-8', 'Accept': 'application/json, text/plain, */*', 'Accept-Language': 'zh-CN,zh;q=0.9', 'User-Agent': 'Mozilla/5.0 (Windows NT 6.1; Win64; x64) AppleWebKit/537.36'}, 'json': {'bizCode': '', 'fillingExamSiteCode': '91a62971ff1641e5b6b1ae1addb9115f', 'planCode': 'e0368662db7648e482c9db76d8ea8854', 'planCoding': '530100202206130004', 'planType': 0, 'siteType': '0'}}  

            返回信息: {'returnCode': 200, 'success': True, 'data': {'id': None, 'bizCode': '49ecb704976e44df8e29ee57bb608d40', 'planCode': 'e0368662db7648e482c9db76d8ea8854', 'planCoding': None, 'planType': None, 'fillingSiteName': None, 'fillingSiteCode': None, 'fillingExamSiteCode': '91a62971ff1641e5b6b1ae1addb9115f', 'sitePosition': None, 'siteLongitude': None, 'siteLatitude': None, 'siteType': 0, 'createBy': 'ba4d781e523c43738b8d6b4e5fa0cd20', 'createTime': '2022-06-13T01:49:31.031+0000', 'lastUpdateTime': '2022-06-13T01:49:31.031+0000', 'lastUpdateBy': 'ba4d781e523c43738b8d6b4e5fa0cd20', 'isDelete': 0, 'topCode': '8b7d7091d36bc4e950a4a1b68bab4178', 'dateInt': 220613, 'cameraList': None, 'cameras': None}, 'returnMsg': '操作成功!', 'returnData': {}}  

            

2022-06-13 09:49:31,059 template INFO 模板替换成功，替换的模板为D:\zjg\laodaomeidan-master\api_yaml\saveSiteApi.yml

2022-06-13 09:49:31,135 接口测试 INFO 
            请求地址：http://222.247.54.74:8990/dns-ynjnrcpjfwpt-proj-backstage-api/bks/v1/examaff/site/saveSite  

            请求参数：{'headers': {'authorization_token': 'eyJhbGciOiJIUzI1NiIsInR5cCI6IkpXVCJ9.eyJjdXJyZW50IjoxNjU1MDg0OTcwMjc2LCJleHAiOjE2NTUwODg1NzAsImlhdCI6MTY1NTA4NDk3MCwidXNlckNvZGUiOiJiYTRkNzgxZTUyM2M0MzczOGI4ZDZiNGU1ZmEwY2QyMCJ9._wmiWUVrxPlxIcjI231SpOPB-nP23mX8OSLPi9B3cUE', 'Proxy-Connection': 'keep-alive', 'Content-Type': 'application/json;charset=UTF-8', 'Accept': 'application/json, text/plain, */*', 'Accept-Language': 'zh-CN,zh;q=0.9', 'User-Agent': 'Mozilla/5.0 (Windows NT 6.1; Win64; x64) AppleWebKit/537.36'}, 'json': {'bizCode': '', 'fillingExamSiteCode': '91a62971ff1641e5b6b1ae1addb9115f', 'planCode': 'e0368662db7648e482c9db76d8ea8854', 'planCoding': '530100202206130004', 'planType': 0, 'siteType': '1'}}  

            返回信息: {'returnCode': 200, 'success': True, 'data': {'id': None, 'bizCode': '811ac358d4904ad3bf3955cc9ec3d67c', 'planCode': 'e0368662db7648e482c9db76d8ea8854', 'planCoding': None, 'planType': None, 'fillingSiteName': None, 'fillingSiteCode': None, 'fillingExamSiteCode': '91a62971ff1641e5b6b1ae1addb9115f', 'sitePosition': None, 'siteLongitude': None, 'siteLatitude': None, 'siteType': 1, 'createBy': 'ba4d781e523c43738b8d6b4e5fa0cd20', 'createTime': '2022-06-13T01:49:31.128+0000', 'lastUpdateTime': '2022-06-13T01:49:31.128+0000', 'lastUpdateBy': 'ba4d781e523c43738b8d6b4e5fa0cd20', 'isDelete': 0, 'topCode': '8b7d7091d36bc4e950a4a1b68bab4178', 'dateInt': 220613, 'cameraList': None, 'cameras': None}, 'returnMsg': '操作成功!', 'returnData': {}}  

            

2022-06-13 09:49:33,165 template INFO 模板替换成功，替换的模板为D:\zjg\laodaomeidan-master\api_yaml\savePlaceApi.yml

2022-06-13 09:49:33,345 接口测试 INFO 
            请求地址：http://222.247.54.74:8990/dns-ynjnrcpjfwpt-proj-backstage-api/bks/v1/examaff/site/savePlace  

            请求参数：{'headers': {'authorization_token': 'eyJhbGciOiJIUzI1NiIsInR5cCI6IkpXVCJ9.eyJjdXJyZW50IjoxNjU1MDg0OTcwMjc2LCJleHAiOjE2NTUwODg1NzAsImlhdCI6MTY1NTA4NDk3MCwidXNlckNvZGUiOiJiYTRkNzgxZTUyM2M0MzczOGI4ZDZiNGU1ZmEwY2QyMCJ9._wmiWUVrxPlxIcjI231SpOPB-nP23mX8OSLPi9B3cUE', 'Proxy-Connection': 'keep-alive', 'Content-Type': 'application/json;charset=UTF-8', 'Accept': 'application/json, text/plain, */*', 'Accept-Language': 'zh-CN,zh;q=0.9', 'User-Agent': 'Mozilla/5.0 (Windows NT 6.1; Win64; x64) AppleWebKit/537.36'}, 'json': {'area': {'address': '云南省昆明市呈贡区', 'addressComponents': {'city': '昆明市', 'district': '呈贡区', 'province': '云南省', 'street': '', 'streetNumber': ''}, 'business': '', 'point': {'lat': 24.906561, 'lng': 102.825089}, 'surroundingPois': [{'Yi': '房地产', 'address': '云南省昆明市呈贡区彩云中路', 'city': '昆明市', 'phoneNumber': None, 'point': {'lat': 24.906687, 'lng': 102.823444}, 'postcode': None, 'tags': ['房地产'], 'title': '众和东苑', 'type': 0, 'uid': 'e6d9df09eaed329eadb22a03'}]}, 'cameras': [], 'endTime': '2022-06-13 09:49:34', 'examSiteCode': '49ecb704976e44df8e29ee57bb608d40', 'jks': ['李本莹'], 'monitors': [{'monitorCode': '23502a671cef47c0889f95399e888428'}], 'orgCode': 'd96b58f212c6418b9f146d65e7add859', 'placeDetailAddress': '考场', 'placeLatitude': 24.906561, 'placeLongitude': 102.825089, 'placeName': '玉兰路麓天路口考场', 'placePosition': '云南省昆明市呈贡区', 'planCode': 'e0368662db7648e482c9db76d8ea8854', 'planCoding': 530100202206130004, 'startTime': '2022-06-13 09:49:33', 'stuCount': 0, 'students': [{'studentCode': 'ca98efa5c32c48d284b2d850e4b09123'}], 'suts': 1}}  

            返回信息: {'returnCode': 200, 'success': True, 'data': None, 'returnMsg': '操作成功!', 'returnData': {}}  

            

2022-06-13 09:49:35,392 template INFO 模板替换成功，替换的模板为D:\zjg\laodaomeidan-master\api_yaml\savePlaceApi.yml

2022-06-13 09:49:35,562 接口测试 INFO 
            请求地址：http://222.247.54.74:8990/dns-ynjnrcpjfwpt-proj-backstage-api/bks/v1/examaff/site/savePlace  

            请求参数：{'headers': {'authorization_token': 'eyJhbGciOiJIUzI1NiIsInR5cCI6IkpXVCJ9.eyJjdXJyZW50IjoxNjU1MDg0OTcwMjc2LCJleHAiOjE2NTUwODg1NzAsImlhdCI6MTY1NTA4NDk3MCwidXNlckNvZGUiOiJiYTRkNzgxZTUyM2M0MzczOGI4ZDZiNGU1ZmEwY2QyMCJ9._wmiWUVrxPlxIcjI231SpOPB-nP23mX8OSLPi9B3cUE', 'Proxy-Connection': 'keep-alive', 'Content-Type': 'application/json;charset=UTF-8', 'Accept': 'application/json, text/plain, */*', 'Accept-Language': 'zh-CN,zh;q=0.9', 'User-Agent': 'Mozilla/5.0 (Windows NT 6.1; Win64; x64) AppleWebKit/537.36'}, 'json': {'area': {'address': '云南省昆明市呈贡区', 'addressComponents': {'city': '昆明市', 'district': '呈贡区', 'province': '云南省', 'street': '', 'streetNumber': ''}, 'business': '', 'point': {'lat': 24.906561, 'lng': 102.825089}, 'surroundingPois': [{'Yi': '房地产', 'address': '云南省昆明市呈贡区彩云中路', 'city': '昆明市', 'phoneNumber': None, 'point': {'lat': 24.906687, 'lng': 102.823444}, 'postcode': None, 'tags': ['房地产'], 'title': '众和东苑', 'type': 0, 'uid': 'e6d9df09eaed329eadb22a03'}]}, 'cameras': [], 'endTime': '2022-06-13 09:49:36', 'examSiteCode': '811ac358d4904ad3bf3955cc9ec3d67c', 'jks': ['李本莹'], 'monitors': [{'monitorCode': '23502a671cef47c0889f95399e888428'}], 'orgCode': 'd96b58f212c6418b9f146d65e7add859', 'placeDetailAddress': '考场', 'placeLatitude': 24.906561, 'placeLongitude': 102.825089, 'placeName': '玉兰路麓天路口考场', 'placePosition': '云南省昆明市呈贡区', 'planCode': 'e0368662db7648e482c9db76d8ea8854', 'planCoding': 530100202206130004, 'startTime': '2022-06-13 09:49:35', 'stuCount': 0, 'students': [{'studentCode': 'ca98efa5c32c48d284b2d850e4b09123'}], 'suts': 1}}  

            返回信息: {'returnCode': 200, 'success': True, 'data': None, 'returnMsg': '操作成功!', 'returnData': {}}  

            

2022-06-13 09:49:35,615 template INFO 模板替换成功，替换的模板为D:\zjg\laodaomeidan-master\api_yaml\saveDistributePersonApi.yml

2022-06-13 09:49:35,689 接口测试 INFO 
            请求地址：http://222.247.54.74:8990/dns-ynjnrcpjfwpt-proj-backstage-api/bks/v1/exaAff/distributePerson  

            请求参数：{'headers': {'authorization_token': 'eyJhbGciOiJIUzI1NiIsInR5cCI6IkpXVCJ9.eyJjdXJyZW50IjoxNjU1MDg0OTcwMjc2LCJleHAiOjE2NTUwODg1NzAsImlhdCI6MTY1NTA4NDk3MCwidXNlckNvZGUiOiJiYTRkNzgxZTUyM2M0MzczOGI4ZDZiNGU1ZmEwY2QyMCJ9._wmiWUVrxPlxIcjI231SpOPB-nP23mX8OSLPi9B3cUE', 'Proxy-Connection': 'keep-alive', 'Content-Type': 'application/json;charset=UTF-8', 'Accept': 'application/json, text/plain, */*', 'Accept-Language': 'zh-CN,zh;q=0.9', 'User-Agent': 'Mozilla/5.0 (Windows NT 6.1; Win64; x64) AppleWebKit/537.36'}, 'json': {'personCode': ['259ef3e2bda84637abbfe66ba9e93e2d'], 'personType': 0, 'planCode': 'e0368662db7648e482c9db76d8ea8854', 'planCoding': 530100202206130004, 'planType': 0}}  

            返回信息: {'returnCode': 200, 'success': True, 'data': None, 'returnMsg': '操作成功!', 'returnData': {}}  

            

2022-06-13 09:49:35,738 template INFO 模板替换成功，替换的模板为D:\zjg\laodaomeidan-master\api_yaml\saveDistributePersonApi.yml

2022-06-13 09:49:35,852 接口测试 INFO 
            请求地址：http://222.247.54.74:8990/dns-ynjnrcpjfwpt-proj-backstage-api/bks/v1/exaAff/distributePerson  

            请求参数：{'headers': {'authorization_token': 'eyJhbGciOiJIUzI1NiIsInR5cCI6IkpXVCJ9.eyJjdXJyZW50IjoxNjU1MDg0OTcwMjc2LCJleHAiOjE2NTUwODg1NzAsImlhdCI6MTY1NTA4NDk3MCwidXNlckNvZGUiOiJiYTRkNzgxZTUyM2M0MzczOGI4ZDZiNGU1ZmEwY2QyMCJ9._wmiWUVrxPlxIcjI231SpOPB-nP23mX8OSLPi9B3cUE', 'Proxy-Connection': 'keep-alive', 'Content-Type': 'application/json;charset=UTF-8', 'Accept': 'application/json, text/plain, */*', 'Accept-Language': 'zh-CN,zh;q=0.9', 'User-Agent': 'Mozilla/5.0 (Windows NT 6.1; Win64; x64) AppleWebKit/537.36'}, 'json': {'personCode': ['cb5fb763ae574f6ab4c9080d9f74037b'], 'personType': 1, 'planCode': 'e0368662db7648e482c9db76d8ea8854', 'planCoding': 530100202206130004, 'planType': 0}}  

            返回信息: {'returnCode': 200, 'success': True, 'data': None, 'returnMsg': '操作成功!', 'returnData': {}}  

            

2022-06-13 09:49:35,911 template INFO 模板替换成功，替换的模板为D:\zjg\laodaomeidan-master\api_yaml\saveDistributePersonApi.yml

2022-06-13 09:49:36,049 接口测试 INFO 
            请求地址：http://222.247.54.74:8990/dns-ynjnrcpjfwpt-proj-backstage-api/bks/v1/exaAff/distributePerson  

            请求参数：{'headers': {'authorization_token': 'eyJhbGciOiJIUzI1NiIsInR5cCI6IkpXVCJ9.eyJjdXJyZW50IjoxNjU1MDg0OTcwMjc2LCJleHAiOjE2NTUwODg1NzAsImlhdCI6MTY1NTA4NDk3MCwidXNlckNvZGUiOiJiYTRkNzgxZTUyM2M0MzczOGI4ZDZiNGU1ZmEwY2QyMCJ9._wmiWUVrxPlxIcjI231SpOPB-nP23mX8OSLPi9B3cUE', 'Proxy-Connection': 'keep-alive', 'Content-Type': 'application/json;charset=UTF-8', 'Accept': 'application/json, text/plain, */*', 'Accept-Language': 'zh-CN,zh;q=0.9', 'User-Agent': 'Mozilla/5.0 (Windows NT 6.1; Win64; x64) AppleWebKit/537.36'}, 'json': {'personCode': ['e534f11638144821b4b2fe69118f4cb6', '74f47dd9df8d4d519f92aad63807b7f1', 'c1c2c092e33042659e765a5bd2716340'], 'personType': 3, 'planCode': 'e0368662db7648e482c9db76d8ea8854', 'planCoding': 530100202206130004, 'planType': 0}}  

            返回信息: {'returnCode': 200, 'success': True, 'data': None, 'returnMsg': '操作成功!', 'returnData': {}}  

            

2022-06-13 09:49:36,065 template INFO 模板替换成功，替换的模板为D:\zjg\laodaomeidan-master\api_yaml\addOffLinePaperApi.yml

2022-06-13 09:49:36,167 接口测试 INFO 
            请求地址：http://222.247.54.74:8990/dns-ynjnrcpjfwpt-proj-backstage-api/bks/v1/exaAff/addOffLinePaper  

            请求参数：{'headers': {'authorization_token': 'eyJhbGciOiJIUzI1NiIsInR5cCI6IkpXVCJ9.eyJjdXJyZW50IjoxNjU1MDg0OTcwMjc2LCJleHAiOjE2NTUwODg1NzAsImlhdCI6MTY1NTA4NDk3MCwidXNlckNvZGUiOiJiYTRkNzgxZTUyM2M0MzczOGI4ZDZiNGU1ZmEwY2QyMCJ9._wmiWUVrxPlxIcjI231SpOPB-nP23mX8OSLPi9B3cUE', 'Content-Type': 'application/x-www-form-urlencoded', 'User-Agent': 'Mozilla/5.0 (Windows NT 6.1; Win64; x64) AppleWebKit/537.36'}, 'params': {'formationType': 1, 'paperCoding': 1, 'paperSrc': 'https://danengshou.obs.cn-north-1.myhuaweicloud.com/7c27c0323ecc45699307cc5342dd8845.jpg', 'planCode': 'e0368662db7648e482c9db76d8ea8854', 'type': '0'}}  

            返回信息: {'returnCode': 200, 'success': True, 'data': None, 'returnMsg': '操作成功!', 'returnData': {}}  

            

2022-06-13 09:49:36,185 template INFO 模板替换成功，替换的模板为D:\zjg\laodaomeidan-master\api_yaml\addOffLinePaperApi.yml

2022-06-13 09:49:36,269 接口测试 INFO 
            请求地址：http://222.247.54.74:8990/dns-ynjnrcpjfwpt-proj-backstage-api/bks/v1/exaAff/addOffLinePaper  

            请求参数：{'headers': {'authorization_token': 'eyJhbGciOiJIUzI1NiIsInR5cCI6IkpXVCJ9.eyJjdXJyZW50IjoxNjU1MDg0OTcwMjc2LCJleHAiOjE2NTUwODg1NzAsImlhdCI6MTY1NTA4NDk3MCwidXNlckNvZGUiOiJiYTRkNzgxZTUyM2M0MzczOGI4ZDZiNGU1ZmEwY2QyMCJ9._wmiWUVrxPlxIcjI231SpOPB-nP23mX8OSLPi9B3cUE', 'Content-Type': 'application/x-www-form-urlencoded', 'User-Agent': 'Mozilla/5.0 (Windows NT 6.1; Win64; x64) AppleWebKit/537.36'}, 'params': {'formationType': 1, 'paperCoding': 2, 'paperSrc': 'https://danengshou.obs.cn-north-1.myhuaweicloud.com/7c27c0323ecc45699307cc5342dd8845.jpg', 'planCode': 'e0368662db7648e482c9db76d8ea8854', 'type': '1'}}  

            返回信息: {'returnCode': 200, 'success': True, 'data': None, 'returnMsg': '操作成功!', 'returnData': {}}  

            

2022-06-13 09:49:46,052 template INFO 模板替换成功，替换的模板为D:\zjg\laodaomeidan-master\api_yaml\login.yml

2022-06-13 09:49:46,107 接口测试 INFO 
            请求地址：http://222.247.54.74:8990/dns-ynjnrcpjfwpt-proj-backstage-api/bks/v1/user/login  

            请求参数：{'headers': {'Proxy-Connection': 'keep-alive', 'Content-Length': '56', 'Content-Type': 'application/x-www-form-urlencoded;charset=UTF-8', 'Accept': 'application/json, text/plain, */*', 'Accept-Language': 'zh-CN,zh;q=0.9', 'User-Agent': 'Mozilla/5.0 (Windows NT 6.1; Win64; x64) AppleWebKit/537.36'}, 'data': {'password': 'qiz3DwnIhxml+YVQRgCz5g==', 'username': 'N/hB1rj3sKt5HLA5ikuapg=='}}  

            返回信息: {'returnCode': 200, 'success': True, 'data': {'authorizationToken': 'eyJhbGciOiJIUzI1NiIsInR5cCI6IkpXVCJ9.eyJjdXJyZW50IjoxNjU1MDg0OTg2MTAyLCJleHAiOjE2NTUwODg1ODYsImlhdCI6MTY1NTA4NDk4NiwidXNlckNvZGUiOiJiYTRkNzgxZTUyM2M0MzczOGI4ZDZiNGU1ZmEwY2QyMCJ9.B_AyjQYQRxN84Cm8_8uh3MtbSNV1l8wDmgxnNxFK4tE', 'topCode': '-1'}, 'returnMsg': '操作成功!', 'returnData': {}}  

            

2022-06-13 09:49:46,120 template INFO 模板替换成功，替换的模板为D:\zjg\laodaomeidan-master\api_yaml\saveStudentApi.yml

2022-06-13 09:49:46,427 接口测试 INFO 
            请求地址：http://222.247.54.74:8990/dns-ynjnrcpjfwpt-proj-backstage-api/bks/v1/examaff/student/saveStudent  

            请求参数：{'headers': {'authorization_token': 'eyJhbGciOiJIUzI1NiIsInR5cCI6IkpXVCJ9.eyJjdXJyZW50IjoxNjU1MDg0OTg2MTAyLCJleHAiOjE2NTUwODg1ODYsImlhdCI6MTY1NTA4NDk4NiwidXNlckNvZGUiOiJiYTRkNzgxZTUyM2M0MzczOGI4ZDZiNGU1ZmEwY2QyMCJ9.B_AyjQYQRxN84Cm8_8uh3MtbSNV1l8wDmgxnNxFK4tE', 'Proxy-Connection': 'keep-alive', 'Content-Type': 'application/json;charset=UTF-8', 'Accept': 'application/json, text/plain, */*', 'Accept-Language': 'zh-CN,zh;q=0.9', 'User-Agent': 'Mozilla/5.0 (Windows NT 6.1; Win64; x64) AppleWebKit/537.36'}, 'json': {'age': 23, 'birth': '1999-03-07', 'bizCode': '', 'cardNo': '22030119910716086X', 'cardType': '237', 'education': '0', 'electronicPhoto': 'https://danengshou.obs.cn-north-1.myhuaweicloud.com/71c24673558d458982589cdcbd95b4b6.jpg', 'examaffPlanCode': 'e0368662db7648e482c9db76d8ea8854', 'job': '375a468328aa45f28e2cfbfaa9cfd0e5', 'jobCode': '375a468328aa45f28e2cfbfaa9cfd0e5', 'mobile': 15865980517, 'planCoding': '530100202206130004', 'planType': 0, 'realNamePassed': 0, 'sex': '1', 'studentName': '岑超1655084985', 'studentType': '0', 'trainSchool': '母猪产后的护理与调养专业学校', 'unit': '汉雅', 'workCode': '53db1e63b7ea484581e489037b4728e0', 'workLevelCode': '8427964542f34e4ca87620e0a3a48d89'}}  

            返回信息: {'returnCode': 200, 'success': True, 'data': None, 'returnMsg': '操作成功!', 'returnData': {}}  

            

2022-06-13 09:49:50,349 template INFO 模板替换成功，替换的模板为D:\zjg\laodaomeidan-master\api_yaml\login.yml

2022-06-13 09:49:50,402 接口测试 INFO 
            请求地址：http://222.247.54.74:8990/dns-ynjnrcpjfwpt-proj-backstage-api/bks/v1/user/login  

            请求参数：{'headers': {'Proxy-Connection': 'keep-alive', 'Content-Length': '56', 'Content-Type': 'application/x-www-form-urlencoded;charset=UTF-8', 'Accept': 'application/json, text/plain, */*', 'Accept-Language': 'zh-CN,zh;q=0.9', 'User-Agent': 'Mozilla/5.0 (Windows NT 6.1; Win64; x64) AppleWebKit/537.36'}, 'data': {'password': 'qiz3DwnIhxml+YVQRgCz5g==', 'username': 'N/hB1rj3sKt5HLA5ikuapg=='}}  

            返回信息: {'returnCode': 200, 'success': True, 'data': {'authorizationToken': 'eyJhbGciOiJIUzI1NiIsInR5cCI6IkpXVCJ9.eyJjdXJyZW50IjoxNjU1MDg0OTkwMzk3LCJleHAiOjE2NTUwODg1OTAsImlhdCI6MTY1NTA4NDk5MCwidXNlckNvZGUiOiJiYTRkNzgxZTUyM2M0MzczOGI4ZDZiNGU1ZmEwY2QyMCJ9.VApJX7WhccODwLyVMCA-uu_NNW40DmEM-xoLOPW67r8', 'topCode': '-1'}, 'returnMsg': '操作成功!', 'returnData': {}}  

            

2022-06-13 09:49:50,413 template INFO 模板替换成功，替换的模板为D:\zjg\laodaomeidan-master\api_yaml\saveStudentApi.yml

2022-06-13 09:49:50,788 接口测试 INFO 
            请求地址：http://222.247.54.74:8990/dns-ynjnrcpjfwpt-proj-backstage-api/bks/v1/examaff/student/saveStudent  

            请求参数：{'headers': {'authorization_token': 'eyJhbGciOiJIUzI1NiIsInR5cCI6IkpXVCJ9.eyJjdXJyZW50IjoxNjU1MDg0OTkwMzk3LCJleHAiOjE2NTUwODg1OTAsImlhdCI6MTY1NTA4NDk5MCwidXNlckNvZGUiOiJiYTRkNzgxZTUyM2M0MzczOGI4ZDZiNGU1ZmEwY2QyMCJ9.VApJX7WhccODwLyVMCA-uu_NNW40DmEM-xoLOPW67r8', 'Proxy-Connection': 'keep-alive', 'Content-Type': 'application/json;charset=UTF-8', 'Accept': 'application/json, text/plain, */*', 'Accept-Language': 'zh-CN,zh;q=0.9', 'User-Agent': 'Mozilla/5.0 (Windows NT 6.1; Win64; x64) AppleWebKit/537.36'}, 'json': {'age': 23, 'birth': '1999-03-07', 'bizCode': '', 'cardNo': '35020619660911323X', 'cardType': '237', 'education': '0', 'electronicPhoto': 'https://danengshou.obs.cn-north-1.myhuaweicloud.com/71c24673558d458982589cdcbd95b4b6.jpg', 'examaffPlanCode': 'e0368662db7648e482c9db76d8ea8854', 'job': '375a468328aa45f28e2cfbfaa9cfd0e5', 'jobCode': '375a468328aa45f28e2cfbfaa9cfd0e5', 'mobile': 18703905007, 'planCoding': '530100202206130004', 'planType': 0, 'realNamePassed': 0, 'sex': '1', 'studentName': '李彬1655084989', 'studentType': '0', 'trainSchool': '母猪产后的护理与调养专业学校', 'unit': '汉雅', 'workCode': '53db1e63b7ea484581e489037b4728e0', 'workLevelCode': '8427964542f34e4ca87620e0a3a48d89'}}  

            返回信息: {'returnCode': 200, 'success': True, 'data': None, 'returnMsg': '操作成功!', 'returnData': {}}  

            

2022-06-13 09:49:55,543 template INFO 模板替换成功，替换的模板为D:\zjg\laodaomeidan-master\api_yaml\login.yml

2022-06-13 09:49:55,594 接口测试 INFO 
            请求地址：http://222.247.54.74:8990/dns-ynjnrcpjfwpt-proj-backstage-api/bks/v1/user/login  

            请求参数：{'headers': {'Proxy-Connection': 'keep-alive', 'Content-Length': '56', 'Content-Type': 'application/x-www-form-urlencoded;charset=UTF-8', 'Accept': 'application/json, text/plain, */*', 'Accept-Language': 'zh-CN,zh;q=0.9', 'User-Agent': 'Mozilla/5.0 (Windows NT 6.1; Win64; x64) AppleWebKit/537.36'}, 'data': {'password': 'qiz3DwnIhxml+YVQRgCz5g==', 'username': 'N/hB1rj3sKt5HLA5ikuapg=='}}  

            返回信息: {'returnCode': 200, 'success': True, 'data': {'authorizationToken': 'eyJhbGciOiJIUzI1NiIsInR5cCI6IkpXVCJ9.eyJjdXJyZW50IjoxNjU1MDg0OTk1NTkwLCJleHAiOjE2NTUwODg1OTUsImlhdCI6MTY1NTA4NDk5NSwidXNlckNvZGUiOiJiYTRkNzgxZTUyM2M0MzczOGI4ZDZiNGU1ZmEwY2QyMCJ9.RXgM0EXaQufBXCnaPEaAe47lN7xrRrQ_QvRdca_xyug', 'topCode': '-1'}, 'returnMsg': '操作成功!', 'returnData': {}}  

            

2022-06-13 09:49:55,605 template INFO 模板替换成功，替换的模板为D:\zjg\laodaomeidan-master\api_yaml\saveExaPlanApi.yml

2022-06-13 09:49:55,802 接口测试 INFO 
            请求地址：http://222.247.54.74:8990/dns-ynjnrcpjfwpt-proj-backstage-api/bks/v1/exaPlan/saveExaPlan  

            请求参数：{'headers': {'authorization_token': 'eyJhbGciOiJIUzI1NiIsInR5cCI6IkpXVCJ9.eyJjdXJyZW50IjoxNjU1MDg0OTk1NTkwLCJleHAiOjE2NTUwODg1OTUsImlhdCI6MTY1NTA4NDk5NSwidXNlckNvZGUiOiJiYTRkNzgxZTUyM2M0MzczOGI4ZDZiNGU1ZmEwY2QyMCJ9.RXgM0EXaQufBXCnaPEaAe47lN7xrRrQ_QvRdca_xyug', 'Proxy-Connection': 'keep-alive', 'Content-Type': 'application/json;charset=UTF-8', 'Accept': 'application/json, text/plain, */*', 'Accept-Language': 'zh-CN,zh;q=0.9', 'User-Agent': 'Mozilla/5.0 (Windows NT 6.1; Win64; x64) AppleWebKit/537.36'}, 'json': {'advanceSubmit': 1, 'advanceSubmitTime': 30, 'area': ['dd9b2987af4a11e9ac97005056ae9835', 'dd9be929af4a11e9ac97005056ae9835'], 'city': 'dd9be929af4a11e9ac97005056ae9835', 'endTime': '2022-06-23 23:59:59', 'faceReg': 1, 'job': '375a468328aa45f28e2cfbfaa9cfd0e5', 'jobCode': '375a468328aa45f28e2cfbfaa9cfd0e5', 'onlineSwitch': 0, 'planCate': '0', 'planName': '锅巴:腿毛1655084994', 'planStep': 0, 'planType': 0, 'positionSign': 1, 'province': 'dd9b2987af4a11e9ac97005056ae9835', 'regTimes': 1, 'selDate': ['2022-05-13T08:55:58.101Z', '2022-05-29T08:55:58.101Z'], 'socialSignEndTime': '2022-06-23 23:59:59', 'socialSignStartTime': '2022-06-13 00:00:00', 'sociologyDate': ['2022-05-13T08:56:31.901Z', '2022-05-29T08:56:31.901Z'], 'startTime': '2022-06-13 00:00:00', 'sub': [0, 1], 'subjects': '0,1', 'workCode': '53db1e63b7ea484581e489037b4728e0', 'workLevelCode': '8427964542f34e4ca87620e0a3a48d89'}}  

            返回信息: {'returnCode': 200, 'success': True, 'data': None, 'returnMsg': '操作成功!', 'returnData': {}}  

            

2022-06-13 09:49:55,830 template INFO 模板替换成功，替换的模板为D:\zjg\laodaomeidan-master\api_yaml\saveStudentApi.yml

2022-06-13 09:49:56,074 接口测试 INFO 
            请求地址：http://222.247.54.74:8990/dns-ynjnrcpjfwpt-proj-backstage-api/bks/v1/examaff/student/saveStudent  

            请求参数：{'headers': {'authorization_token': 'eyJhbGciOiJIUzI1NiIsInR5cCI6IkpXVCJ9.eyJjdXJyZW50IjoxNjU1MDg0OTk1NTkwLCJleHAiOjE2NTUwODg1OTUsImlhdCI6MTY1NTA4NDk5NSwidXNlckNvZGUiOiJiYTRkNzgxZTUyM2M0MzczOGI4ZDZiNGU1ZmEwY2QyMCJ9.RXgM0EXaQufBXCnaPEaAe47lN7xrRrQ_QvRdca_xyug', 'Proxy-Connection': 'keep-alive', 'Content-Type': 'application/json;charset=UTF-8', 'Accept': 'application/json, text/plain, */*', 'Accept-Language': 'zh-CN,zh;q=0.9', 'User-Agent': 'Mozilla/5.0 (Windows NT 6.1; Win64; x64) AppleWebKit/537.36'}, 'json': {'age': 23, 'birth': '1999-03-07', 'bizCode': '', 'cardNo': 520624197912292622, 'cardType': '237', 'education': '0', 'electronicPhoto': 'https://danengshou.obs.cn-north-1.myhuaweicloud.com/71c24673558d458982589cdcbd95b4b6.jpg', 'examaffPlanCode': '4e9f7ecb342a4ef2b5a40c4d5d773507', 'job': '375a468328aa45f28e2cfbfaa9cfd0e5', 'jobCode': '375a468328aa45f28e2cfbfaa9cfd0e5', 'mobile': 18534472920, 'planCoding': '530100202206130005', 'planType': 0, 'realNamePassed': 0, 'sex': '1', 'studentName': '石明1655084994', 'studentType': '0', 'trainSchool': '母猪产后的护理与调养专业学校', 'unit': '汉雅', 'workCode': '53db1e63b7ea484581e489037b4728e0', 'workLevelCode': '8427964542f34e4ca87620e0a3a48d89'}}  

            返回信息: {'returnCode': 200, 'success': True, 'data': None, 'returnMsg': '操作成功!', 'returnData': {}}  

            

2022-06-13 09:49:56,118 template INFO 模板替换成功，替换的模板为D:\zjg\laodaomeidan-master\api_yaml\studentAttachApi.yml

2022-06-13 09:49:56,173 接口测试 INFO 
            请求地址：http://222.247.54.74:8990/dns-ynjnrcpjfwpt-proj-backstage-api/bks/v1/examaff/student/uploadAttach  

            请求参数：{'headers': {'authorization_token': 'eyJhbGciOiJIUzI1NiIsInR5cCI6IkpXVCJ9.eyJjdXJyZW50IjoxNjU1MDg0OTk1NTkwLCJleHAiOjE2NTUwODg1OTUsImlhdCI6MTY1NTA4NDk5NSwidXNlckNvZGUiOiJiYTRkNzgxZTUyM2M0MzczOGI4ZDZiNGU1ZmEwY2QyMCJ9.RXgM0EXaQufBXCnaPEaAe47lN7xrRrQ_QvRdca_xyug', 'Proxy-Connection': 'keep-alive', 'Content-Type': 'application/x-www-form-urlencoded', 'Accept': 'application/json, text/plain, */*', 'Accept-Language': 'zh-CN,zh;q=0.9', 'User-Agent': 'Mozilla/5.0 (Windows NT 6.1; Win64; x64) AppleWebKit/537.36'}, 'params': {'attachName': 'F8983F1DD17811C3C6B350B82C90A61A.jpg', 'attachSrc': 'https://danengshou.obs.cn-north-1.myhuaweicloud.com/ed4499281b77450284f90da87659ebee.jpg', 'modelCode': '1', 'planCode': '4e9f7ecb342a4ef2b5a40c4d5d773507'}}  

            返回信息: {'returnCode': 200, 'success': True, 'data': None, 'returnMsg': '操作成功!', 'returnData': {}}  

            

2022-06-13 09:49:56,196 template INFO 模板替换成功，替换的模板为D:\zjg\laodaomeidan-master\api_yaml\saveSiteApi.yml

2022-06-13 09:49:56,269 接口测试 INFO 
            请求地址：http://222.247.54.74:8990/dns-ynjnrcpjfwpt-proj-backstage-api/bks/v1/examaff/site/saveSite  

            请求参数：{'headers': {'authorization_token': 'eyJhbGciOiJIUzI1NiIsInR5cCI6IkpXVCJ9.eyJjdXJyZW50IjoxNjU1MDg0OTk1NTkwLCJleHAiOjE2NTUwODg1OTUsImlhdCI6MTY1NTA4NDk5NSwidXNlckNvZGUiOiJiYTRkNzgxZTUyM2M0MzczOGI4ZDZiNGU1ZmEwY2QyMCJ9.RXgM0EXaQufBXCnaPEaAe47lN7xrRrQ_QvRdca_xyug', 'Proxy-Connection': 'keep-alive', 'Content-Type': 'application/json;charset=UTF-8', 'Accept': 'application/json, text/plain, */*', 'Accept-Language': 'zh-CN,zh;q=0.9', 'User-Agent': 'Mozilla/5.0 (Windows NT 6.1; Win64; x64) AppleWebKit/537.36'}, 'json': {'bizCode': '', 'fillingExamSiteCode': '91a62971ff1641e5b6b1ae1addb9115f', 'planCode': '4e9f7ecb342a4ef2b5a40c4d5d773507', 'planCoding': '530100202206130005', 'planType': 0, 'siteType': '0'}}  

            返回信息: {'returnCode': 200, 'success': True, 'data': {'id': None, 'bizCode': 'b4760bb4f77e4e5f8d10b4d48bf890f9', 'planCode': '4e9f7ecb342a4ef2b5a40c4d5d773507', 'planCoding': None, 'planType': None, 'fillingSiteName': None, 'fillingSiteCode': None, 'fillingExamSiteCode': '91a62971ff1641e5b6b1ae1addb9115f', 'sitePosition': None, 'siteLongitude': None, 'siteLatitude': None, 'siteType': 0, 'createBy': 'ba4d781e523c43738b8d6b4e5fa0cd20', 'createTime': '2022-06-13T01:49:56.262+0000', 'lastUpdateTime': '2022-06-13T01:49:56.262+0000', 'lastUpdateBy': 'ba4d781e523c43738b8d6b4e5fa0cd20', 'isDelete': 0, 'topCode': '8b7d7091d36bc4e950a4a1b68bab4178', 'dateInt': 220613, 'cameraList': None, 'cameras': None}, 'returnMsg': '操作成功!', 'returnData': {}}  

            

2022-06-13 09:49:56,289 template INFO 模板替换成功，替换的模板为D:\zjg\laodaomeidan-master\api_yaml\saveSiteApi.yml

2022-06-13 09:49:56,361 接口测试 INFO 
            请求地址：http://222.247.54.74:8990/dns-ynjnrcpjfwpt-proj-backstage-api/bks/v1/examaff/site/saveSite  

            请求参数：{'headers': {'authorization_token': 'eyJhbGciOiJIUzI1NiIsInR5cCI6IkpXVCJ9.eyJjdXJyZW50IjoxNjU1MDg0OTk1NTkwLCJleHAiOjE2NTUwODg1OTUsImlhdCI6MTY1NTA4NDk5NSwidXNlckNvZGUiOiJiYTRkNzgxZTUyM2M0MzczOGI4ZDZiNGU1ZmEwY2QyMCJ9.RXgM0EXaQufBXCnaPEaAe47lN7xrRrQ_QvRdca_xyug', 'Proxy-Connection': 'keep-alive', 'Content-Type': 'application/json;charset=UTF-8', 'Accept': 'application/json, text/plain, */*', 'Accept-Language': 'zh-CN,zh;q=0.9', 'User-Agent': 'Mozilla/5.0 (Windows NT 6.1; Win64; x64) AppleWebKit/537.36'}, 'json': {'bizCode': '', 'fillingExamSiteCode': '91a62971ff1641e5b6b1ae1addb9115f', 'planCode': '4e9f7ecb342a4ef2b5a40c4d5d773507', 'planCoding': '530100202206130005', 'planType': 0, 'siteType': '1'}}  

            返回信息: {'returnCode': 200, 'success': True, 'data': {'id': None, 'bizCode': 'b5db1adfff3b4bcfb093897d400ae3fa', 'planCode': '4e9f7ecb342a4ef2b5a40c4d5d773507', 'planCoding': None, 'planType': None, 'fillingSiteName': None, 'fillingSiteCode': None, 'fillingExamSiteCode': '91a62971ff1641e5b6b1ae1addb9115f', 'sitePosition': None, 'siteLongitude': None, 'siteLatitude': None, 'siteType': 1, 'createBy': 'ba4d781e523c43738b8d6b4e5fa0cd20', 'createTime': '2022-06-13T01:49:56.354+0000', 'lastUpdateTime': '2022-06-13T01:49:56.354+0000', 'lastUpdateBy': 'ba4d781e523c43738b8d6b4e5fa0cd20', 'isDelete': 0, 'topCode': '8b7d7091d36bc4e950a4a1b68bab4178', 'dateInt': 220613, 'cameraList': None, 'cameras': None}, 'returnMsg': '操作成功!', 'returnData': {}}  

            

2022-06-13 09:49:58,389 template INFO 模板替换成功，替换的模板为D:\zjg\laodaomeidan-master\api_yaml\savePlaceApi.yml

2022-06-13 09:49:58,549 接口测试 INFO 
            请求地址：http://222.247.54.74:8990/dns-ynjnrcpjfwpt-proj-backstage-api/bks/v1/examaff/site/savePlace  

            请求参数：{'headers': {'authorization_token': 'eyJhbGciOiJIUzI1NiIsInR5cCI6IkpXVCJ9.eyJjdXJyZW50IjoxNjU1MDg0OTk1NTkwLCJleHAiOjE2NTUwODg1OTUsImlhdCI6MTY1NTA4NDk5NSwidXNlckNvZGUiOiJiYTRkNzgxZTUyM2M0MzczOGI4ZDZiNGU1ZmEwY2QyMCJ9.RXgM0EXaQufBXCnaPEaAe47lN7xrRrQ_QvRdca_xyug', 'Proxy-Connection': 'keep-alive', 'Content-Type': 'application/json;charset=UTF-8', 'Accept': 'application/json, text/plain, */*', 'Accept-Language': 'zh-CN,zh;q=0.9', 'User-Agent': 'Mozilla/5.0 (Windows NT 6.1; Win64; x64) AppleWebKit/537.36'}, 'json': {'area': {'address': '云南省昆明市呈贡区', 'addressComponents': {'city': '昆明市', 'district': '呈贡区', 'province': '云南省', 'street': '', 'streetNumber': ''}, 'business': '', 'point': {'lat': 24.906561, 'lng': 102.825089}, 'surroundingPois': [{'Yi': '房地产', 'address': '云南省昆明市呈贡区彩云中路', 'city': '昆明市', 'phoneNumber': None, 'point': {'lat': 24.906687, 'lng': 102.823444}, 'postcode': None, 'tags': ['房地产'], 'title': '众和东苑', 'type': 0, 'uid': 'e6d9df09eaed329eadb22a03'}]}, 'cameras': [], 'endTime': '2022-06-13 09:49:59', 'examSiteCode': 'b4760bb4f77e4e5f8d10b4d48bf890f9', 'jks': ['李本莹'], 'monitors': [{'monitorCode': '23502a671cef47c0889f95399e888428'}], 'orgCode': 'd96b58f212c6418b9f146d65e7add859', 'placeDetailAddress': '考场', 'placeLatitude': 24.906561, 'placeLongitude': 102.825089, 'placeName': '玉兰路麓天路口考场', 'placePosition': '云南省昆明市呈贡区', 'planCode': '4e9f7ecb342a4ef2b5a40c4d5d773507', 'planCoding': 530100202206130005, 'startTime': '2022-06-13 09:49:58', 'stuCount': 0, 'students': [{'studentCode': 'dd227df614a04c3fa8fbd4fbf3977303'}], 'suts': 1}}  

            返回信息: {'returnCode': 200, 'success': True, 'data': None, 'returnMsg': '操作成功!', 'returnData': {}}  

            

2022-06-13 09:50:00,579 template INFO 模板替换成功，替换的模板为D:\zjg\laodaomeidan-master\api_yaml\savePlaceApi.yml

2022-06-13 09:50:00,695 接口测试 INFO 
            请求地址：http://222.247.54.74:8990/dns-ynjnrcpjfwpt-proj-backstage-api/bks/v1/examaff/site/savePlace  

            请求参数：{'headers': {'authorization_token': 'eyJhbGciOiJIUzI1NiIsInR5cCI6IkpXVCJ9.eyJjdXJyZW50IjoxNjU1MDg0OTk1NTkwLCJleHAiOjE2NTUwODg1OTUsImlhdCI6MTY1NTA4NDk5NSwidXNlckNvZGUiOiJiYTRkNzgxZTUyM2M0MzczOGI4ZDZiNGU1ZmEwY2QyMCJ9.RXgM0EXaQufBXCnaPEaAe47lN7xrRrQ_QvRdca_xyug', 'Proxy-Connection': 'keep-alive', 'Content-Type': 'application/json;charset=UTF-8', 'Accept': 'application/json, text/plain, */*', 'Accept-Language': 'zh-CN,zh;q=0.9', 'User-Agent': 'Mozilla/5.0 (Windows NT 6.1; Win64; x64) AppleWebKit/537.36'}, 'json': {'area': {'address': '云南省昆明市呈贡区', 'addressComponents': {'city': '昆明市', 'district': '呈贡区', 'province': '云南省', 'street': '', 'streetNumber': ''}, 'business': '', 'point': {'lat': 24.906561, 'lng': 102.825089}, 'surroundingPois': [{'Yi': '房地产', 'address': '云南省昆明市呈贡区彩云中路', 'city': '昆明市', 'phoneNumber': None, 'point': {'lat': 24.906687, 'lng': 102.823444}, 'postcode': None, 'tags': ['房地产'], 'title': '众和东苑', 'type': 0, 'uid': 'e6d9df09eaed329eadb22a03'}]}, 'cameras': [], 'endTime': '2022-06-13 09:50:01', 'examSiteCode': 'b5db1adfff3b4bcfb093897d400ae3fa', 'jks': ['李本莹'], 'monitors': [{'monitorCode': '23502a671cef47c0889f95399e888428'}], 'orgCode': 'd96b58f212c6418b9f146d65e7add859', 'placeDetailAddress': '考场', 'placeLatitude': 24.906561, 'placeLongitude': 102.825089, 'placeName': '玉兰路麓天路口考场', 'placePosition': '云南省昆明市呈贡区', 'planCode': '4e9f7ecb342a4ef2b5a40c4d5d773507', 'planCoding': 530100202206130005, 'startTime': '2022-06-13 09:50:00', 'stuCount': 0, 'students': [{'studentCode': 'dd227df614a04c3fa8fbd4fbf3977303'}], 'suts': 1}}  

            返回信息: {'returnCode': 200, 'success': True, 'data': None, 'returnMsg': '操作成功!', 'returnData': {}}  

            

2022-06-13 09:50:00,718 template INFO 模板替换成功，替换的模板为D:\zjg\laodaomeidan-master\api_yaml\saveDistributePersonApi.yml

2022-06-13 09:50:00,783 接口测试 INFO 
            请求地址：http://222.247.54.74:8990/dns-ynjnrcpjfwpt-proj-backstage-api/bks/v1/exaAff/distributePerson  

            请求参数：{'headers': {'authorization_token': 'eyJhbGciOiJIUzI1NiIsInR5cCI6IkpXVCJ9.eyJjdXJyZW50IjoxNjU1MDg0OTk1NTkwLCJleHAiOjE2NTUwODg1OTUsImlhdCI6MTY1NTA4NDk5NSwidXNlckNvZGUiOiJiYTRkNzgxZTUyM2M0MzczOGI4ZDZiNGU1ZmEwY2QyMCJ9.RXgM0EXaQufBXCnaPEaAe47lN7xrRrQ_QvRdca_xyug', 'Proxy-Connection': 'keep-alive', 'Content-Type': 'application/json;charset=UTF-8', 'Accept': 'application/json, text/plain, */*', 'Accept-Language': 'zh-CN,zh;q=0.9', 'User-Agent': 'Mozilla/5.0 (Windows NT 6.1; Win64; x64) AppleWebKit/537.36'}, 'json': {'personCode': ['259ef3e2bda84637abbfe66ba9e93e2d'], 'personType': 0, 'planCode': '4e9f7ecb342a4ef2b5a40c4d5d773507', 'planCoding': 530100202206130005, 'planType': 0}}  

            返回信息: {'returnCode': 200, 'success': True, 'data': None, 'returnMsg': '操作成功!', 'returnData': {}}  

            

2022-06-13 09:50:00,803 template INFO 模板替换成功，替换的模板为D:\zjg\laodaomeidan-master\api_yaml\saveDistributePersonApi.yml

2022-06-13 09:50:00,868 接口测试 INFO 
            请求地址：http://222.247.54.74:8990/dns-ynjnrcpjfwpt-proj-backstage-api/bks/v1/exaAff/distributePerson  

            请求参数：{'headers': {'authorization_token': 'eyJhbGciOiJIUzI1NiIsInR5cCI6IkpXVCJ9.eyJjdXJyZW50IjoxNjU1MDg0OTk1NTkwLCJleHAiOjE2NTUwODg1OTUsImlhdCI6MTY1NTA4NDk5NSwidXNlckNvZGUiOiJiYTRkNzgxZTUyM2M0MzczOGI4ZDZiNGU1ZmEwY2QyMCJ9.RXgM0EXaQufBXCnaPEaAe47lN7xrRrQ_QvRdca_xyug', 'Proxy-Connection': 'keep-alive', 'Content-Type': 'application/json;charset=UTF-8', 'Accept': 'application/json, text/plain, */*', 'Accept-Language': 'zh-CN,zh;q=0.9', 'User-Agent': 'Mozilla/5.0 (Windows NT 6.1; Win64; x64) AppleWebKit/537.36'}, 'json': {'personCode': ['cb5fb763ae574f6ab4c9080d9f74037b'], 'personType': 1, 'planCode': '4e9f7ecb342a4ef2b5a40c4d5d773507', 'planCoding': 530100202206130005, 'planType': 0}}  

            返回信息: {'returnCode': 200, 'success': True, 'data': None, 'returnMsg': '操作成功!', 'returnData': {}}  

            

2022-06-13 09:50:00,879 template INFO 模板替换成功，替换的模板为D:\zjg\laodaomeidan-master\api_yaml\saveDistributePersonApi.yml

2022-06-13 09:50:00,984 接口测试 INFO 
            请求地址：http://222.247.54.74:8990/dns-ynjnrcpjfwpt-proj-backstage-api/bks/v1/exaAff/distributePerson  

            请求参数：{'headers': {'authorization_token': 'eyJhbGciOiJIUzI1NiIsInR5cCI6IkpXVCJ9.eyJjdXJyZW50IjoxNjU1MDg0OTk1NTkwLCJleHAiOjE2NTUwODg1OTUsImlhdCI6MTY1NTA4NDk5NSwidXNlckNvZGUiOiJiYTRkNzgxZTUyM2M0MzczOGI4ZDZiNGU1ZmEwY2QyMCJ9.RXgM0EXaQufBXCnaPEaAe47lN7xrRrQ_QvRdca_xyug', 'Proxy-Connection': 'keep-alive', 'Content-Type': 'application/json;charset=UTF-8', 'Accept': 'application/json, text/plain, */*', 'Accept-Language': 'zh-CN,zh;q=0.9', 'User-Agent': 'Mozilla/5.0 (Windows NT 6.1; Win64; x64) AppleWebKit/537.36'}, 'json': {'personCode': ['e534f11638144821b4b2fe69118f4cb6', '74f47dd9df8d4d519f92aad63807b7f1', 'c1c2c092e33042659e765a5bd2716340'], 'personType': 3, 'planCode': '4e9f7ecb342a4ef2b5a40c4d5d773507', 'planCoding': 530100202206130005, 'planType': 0}}  

            返回信息: {'returnCode': 200, 'success': True, 'data': None, 'returnMsg': '操作成功!', 'returnData': {}}  

            

2022-06-13 09:50:00,997 template INFO 模板替换成功，替换的模板为D:\zjg\laodaomeidan-master\api_yaml\addOffLinePaperApi.yml

2022-06-13 09:50:01,076 接口测试 INFO 
            请求地址：http://222.247.54.74:8990/dns-ynjnrcpjfwpt-proj-backstage-api/bks/v1/exaAff/addOffLinePaper  

            请求参数：{'headers': {'authorization_token': 'eyJhbGciOiJIUzI1NiIsInR5cCI6IkpXVCJ9.eyJjdXJyZW50IjoxNjU1MDg0OTk1NTkwLCJleHAiOjE2NTUwODg1OTUsImlhdCI6MTY1NTA4NDk5NSwidXNlckNvZGUiOiJiYTRkNzgxZTUyM2M0MzczOGI4ZDZiNGU1ZmEwY2QyMCJ9.RXgM0EXaQufBXCnaPEaAe47lN7xrRrQ_QvRdca_xyug', 'Content-Type': 'application/x-www-form-urlencoded', 'User-Agent': 'Mozilla/5.0 (Windows NT 6.1; Win64; x64) AppleWebKit/537.36'}, 'params': {'formationType': 1, 'paperCoding': 1, 'paperSrc': 'https://danengshou.obs.cn-north-1.myhuaweicloud.com/7c27c0323ecc45699307cc5342dd8845.jpg', 'planCode': '4e9f7ecb342a4ef2b5a40c4d5d773507', 'type': '0'}}  

            返回信息: {'returnCode': 200, 'success': True, 'data': None, 'returnMsg': '操作成功!', 'returnData': {}}  

            

2022-06-13 09:50:01,098 template INFO 模板替换成功，替换的模板为D:\zjg\laodaomeidan-master\api_yaml\addOffLinePaperApi.yml

2022-06-13 09:50:01,173 接口测试 INFO 
            请求地址：http://222.247.54.74:8990/dns-ynjnrcpjfwpt-proj-backstage-api/bks/v1/exaAff/addOffLinePaper  

            请求参数：{'headers': {'authorization_token': 'eyJhbGciOiJIUzI1NiIsInR5cCI6IkpXVCJ9.eyJjdXJyZW50IjoxNjU1MDg0OTk1NTkwLCJleHAiOjE2NTUwODg1OTUsImlhdCI6MTY1NTA4NDk5NSwidXNlckNvZGUiOiJiYTRkNzgxZTUyM2M0MzczOGI4ZDZiNGU1ZmEwY2QyMCJ9.RXgM0EXaQufBXCnaPEaAe47lN7xrRrQ_QvRdca_xyug', 'Content-Type': 'application/x-www-form-urlencoded', 'User-Agent': 'Mozilla/5.0 (Windows NT 6.1; Win64; x64) AppleWebKit/537.36'}, 'params': {'formationType': 1, 'paperCoding': 2, 'paperSrc': 'https://danengshou.obs.cn-north-1.myhuaweicloud.com/7c27c0323ecc45699307cc5342dd8845.jpg', 'planCode': '4e9f7ecb342a4ef2b5a40c4d5d773507', 'type': '1'}}  

            返回信息: {'returnCode': 200, 'success': True, 'data': None, 'returnMsg': '操作成功!', 'returnData': {}}  

            

2022-06-13 09:50:04,929 template INFO 模板替换成功，替换的模板为D:\zjg\laodaomeidan-master\api_yaml\login.yml

2022-06-13 09:50:04,984 接口测试 INFO 
            请求地址：http://222.247.54.74:8990/dns-ynjnrcpjfwpt-proj-backstage-api/bks/v1/user/login  

            请求参数：{'headers': {'Proxy-Connection': 'keep-alive', 'Content-Length': '56', 'Content-Type': 'application/x-www-form-urlencoded;charset=UTF-8', 'Accept': 'application/json, text/plain, */*', 'Accept-Language': 'zh-CN,zh;q=0.9', 'User-Agent': 'Mozilla/5.0 (Windows NT 6.1; Win64; x64) AppleWebKit/537.36'}, 'data': {'password': 'qiz3DwnIhxml+YVQRgCz5g==', 'username': 'N/hB1rj3sKt5HLA5ikuapg=='}}  

            返回信息: {'returnCode': 200, 'success': True, 'data': {'authorizationToken': 'eyJhbGciOiJIUzI1NiIsInR5cCI6IkpXVCJ9.eyJjdXJyZW50IjoxNjU1MDg1MDA0OTc3LCJleHAiOjE2NTUwODg2MDQsImlhdCI6MTY1NTA4NTAwNCwidXNlckNvZGUiOiJiYTRkNzgxZTUyM2M0MzczOGI4ZDZiNGU1ZmEwY2QyMCJ9.6w1pB_ks_WzRjVI5Getl6xF9gMNuBF6P78UavHBUhIQ', 'topCode': '-1'}, 'returnMsg': '操作成功!', 'returnData': {}}  

            

2022-06-13 09:50:04,996 template INFO 模板替换成功，替换的模板为D:\zjg\laodaomeidan-master\api_yaml\saveStudentApi.yml

2022-06-13 09:50:05,330 接口测试 INFO 
            请求地址：http://222.247.54.74:8990/dns-ynjnrcpjfwpt-proj-backstage-api/bks/v1/examaff/student/saveStudent  

            请求参数：{'headers': {'authorization_token': 'eyJhbGciOiJIUzI1NiIsInR5cCI6IkpXVCJ9.eyJjdXJyZW50IjoxNjU1MDg1MDA0OTc3LCJleHAiOjE2NTUwODg2MDQsImlhdCI6MTY1NTA4NTAwNCwidXNlckNvZGUiOiJiYTRkNzgxZTUyM2M0MzczOGI4ZDZiNGU1ZmEwY2QyMCJ9.6w1pB_ks_WzRjVI5Getl6xF9gMNuBF6P78UavHBUhIQ', 'Proxy-Connection': 'keep-alive', 'Content-Type': 'application/json;charset=UTF-8', 'Accept': 'application/json, text/plain, */*', 'Accept-Language': 'zh-CN,zh;q=0.9', 'User-Agent': 'Mozilla/5.0 (Windows NT 6.1; Win64; x64) AppleWebKit/537.36'}, 'json': {'age': 23, 'birth': '1999-03-07', 'bizCode': '', 'cardNo': 320924196610115916, 'cardType': '237', 'education': '0', 'electronicPhoto': 'https://danengshou.obs.cn-north-1.myhuaweicloud.com/71c24673558d458982589cdcbd95b4b6.jpg', 'examaffPlanCode': '4e9f7ecb342a4ef2b5a40c4d5d773507', 'job': '375a468328aa45f28e2cfbfaa9cfd0e5', 'jobCode': '375a468328aa45f28e2cfbfaa9cfd0e5', 'mobile': 13588269012, 'planCoding': '530100202206130005', 'planType': 0, 'realNamePassed': 0, 'sex': '1', 'studentName': '程金凤1655085004', 'studentType': '0', 'trainSchool': '母猪产后的护理与调养专业学校', 'unit': '汉雅', 'workCode': '53db1e63b7ea484581e489037b4728e0', 'workLevelCode': '8427964542f34e4ca87620e0a3a48d89'}}  

            返回信息: {'returnCode': 200, 'success': True, 'data': None, 'returnMsg': '操作成功!', 'returnData': {}}  

            

2022-06-13 09:50:09,263 template INFO 模板替换成功，替换的模板为D:\zjg\laodaomeidan-master\api_yaml\login.yml

2022-06-13 09:50:09,313 接口测试 INFO 
            请求地址：http://222.247.54.74:8990/dns-ynjnrcpjfwpt-proj-backstage-api/bks/v1/user/login  

            请求参数：{'headers': {'Proxy-Connection': 'keep-alive', 'Content-Length': '56', 'Content-Type': 'application/x-www-form-urlencoded;charset=UTF-8', 'Accept': 'application/json, text/plain, */*', 'Accept-Language': 'zh-CN,zh;q=0.9', 'User-Agent': 'Mozilla/5.0 (Windows NT 6.1; Win64; x64) AppleWebKit/537.36'}, 'data': {'password': 'qiz3DwnIhxml+YVQRgCz5g==', 'username': 'N/hB1rj3sKt5HLA5ikuapg=='}}  

            返回信息: {'returnCode': 200, 'success': True, 'data': {'authorizationToken': 'eyJhbGciOiJIUzI1NiIsInR5cCI6IkpXVCJ9.eyJjdXJyZW50IjoxNjU1MDg1MDA5MzA4LCJleHAiOjE2NTUwODg2MDksImlhdCI6MTY1NTA4NTAwOSwidXNlckNvZGUiOiJiYTRkNzgxZTUyM2M0MzczOGI4ZDZiNGU1ZmEwY2QyMCJ9.Xst05M0xemiFT3wK8Sf1Vc6tL_We6DqPtZ-XBiOyOhE', 'topCode': '-1'}, 'returnMsg': '操作成功!', 'returnData': {}}  

            

2022-06-13 09:50:09,324 template INFO 模板替换成功，替换的模板为D:\zjg\laodaomeidan-master\api_yaml\saveStudentApi.yml

2022-06-13 09:50:09,659 接口测试 INFO 
            请求地址：http://222.247.54.74:8990/dns-ynjnrcpjfwpt-proj-backstage-api/bks/v1/examaff/student/saveStudent  

            请求参数：{'headers': {'authorization_token': 'eyJhbGciOiJIUzI1NiIsInR5cCI6IkpXVCJ9.eyJjdXJyZW50IjoxNjU1MDg1MDA5MzA4LCJleHAiOjE2NTUwODg2MDksImlhdCI6MTY1NTA4NTAwOSwidXNlckNvZGUiOiJiYTRkNzgxZTUyM2M0MzczOGI4ZDZiNGU1ZmEwY2QyMCJ9.Xst05M0xemiFT3wK8Sf1Vc6tL_We6DqPtZ-XBiOyOhE', 'Proxy-Connection': 'keep-alive', 'Content-Type': 'application/json;charset=UTF-8', 'Accept': 'application/json, text/plain, */*', 'Accept-Language': 'zh-CN,zh;q=0.9', 'User-Agent': 'Mozilla/5.0 (Windows NT 6.1; Win64; x64) AppleWebKit/537.36'}, 'json': {'age': 23, 'birth': '1999-03-07', 'bizCode': '', 'cardNo': 130983199908171927, 'cardType': '237', 'education': '0', 'electronicPhoto': 'https://danengshou.obs.cn-north-1.myhuaweicloud.com/71c24673558d458982589cdcbd95b4b6.jpg', 'examaffPlanCode': '4e9f7ecb342a4ef2b5a40c4d5d773507', 'job': '375a468328aa45f28e2cfbfaa9cfd0e5', 'jobCode': '375a468328aa45f28e2cfbfaa9cfd0e5', 'mobile': 13531762579, 'planCoding': '530100202206130005', 'planType': 0, 'realNamePassed': 0, 'sex': '1', 'studentName': '张敏1655085008', 'studentType': '0', 'trainSchool': '母猪产后的护理与调养专业学校', 'unit': '汉雅', 'workCode': '53db1e63b7ea484581e489037b4728e0', 'workLevelCode': '8427964542f34e4ca87620e0a3a48d89'}}  

            返回信息: {'returnCode': 200, 'success': True, 'data': None, 'returnMsg': '操作成功!', 'returnData': {}}  

            

2022-06-13 21:45:34,432 template INFO 模板替换成功，替换的模板为D:\zjg\laodaomeidan-master\api_yaml\login.yml

2022-06-13 21:45:34,586 接口测试 INFO 
            请求地址：http://222.247.54.74:8990/dns-ynjnrcpjfwpt-proj-backstage-api/bks/v1/user/login  

            请求参数：{'headers': {'Proxy-Connection': 'keep-alive', 'Content-Length': '56', 'Content-Type': 'application/x-www-form-urlencoded;charset=UTF-8', 'Accept': 'application/json, text/plain, */*', 'Accept-Language': 'zh-CN,zh;q=0.9', 'User-Agent': 'Mozilla/5.0 (Windows NT 6.1; Win64; x64) AppleWebKit/537.36'}, 'data': {'password': 'qiz3DwnIhxml+YVQRgCz5g==', 'username': 'N/hB1rj3sKt5HLA5ikuapg=='}}  

            返回信息: {'returnCode': 200, 'success': True, 'data': {'authorizationToken': 'eyJhbGciOiJIUzI1NiIsInR5cCI6IkpXVCJ9.eyJjdXJyZW50IjoxNjU1MTI3OTM0MTIxLCJleHAiOjE2NTUxMzE1MzQsImlhdCI6MTY1NTEyNzkzNCwidXNlckNvZGUiOiJiYTRkNzgxZTUyM2M0MzczOGI4ZDZiNGU1ZmEwY2QyMCJ9.Ee-ZRu7PD6P0uDDqGEr1--D8LX4qPB01Zv7LAn1w8SY', 'topCode': '-1'}, 'returnMsg': '操作成功!', 'returnData': {}}  

            

2022-06-13 21:45:34,618 template INFO 模板替换成功，替换的模板为D:\zjg\laodaomeidan-master\api_yaml\saveExaPlanApi.yml

2022-06-13 21:45:34,844 接口测试 INFO 
            请求地址：http://222.247.54.74:8990/dns-ynjnrcpjfwpt-proj-backstage-api/bks/v1/exaPlan/saveExaPlan  

            请求参数：{'headers': {'authorization_token': 'eyJhbGciOiJIUzI1NiIsInR5cCI6IkpXVCJ9.eyJjdXJyZW50IjoxNjU1MTI3OTM0MTIxLCJleHAiOjE2NTUxMzE1MzQsImlhdCI6MTY1NTEyNzkzNCwidXNlckNvZGUiOiJiYTRkNzgxZTUyM2M0MzczOGI4ZDZiNGU1ZmEwY2QyMCJ9.Ee-ZRu7PD6P0uDDqGEr1--D8LX4qPB01Zv7LAn1w8SY', 'Proxy-Connection': 'keep-alive', 'Content-Type': 'application/json;charset=UTF-8', 'Accept': 'application/json, text/plain, */*', 'Accept-Language': 'zh-CN,zh;q=0.9', 'User-Agent': 'Mozilla/5.0 (Windows NT 6.1; Win64; x64) AppleWebKit/537.36'}, 'json': {'advanceSubmit': 1, 'advanceSubmitTime': 30, 'area': ['dd9b2987af4a11e9ac97005056ae9835', 'dd9be929af4a11e9ac97005056ae9835'], 'city': 'dd9be929af4a11e9ac97005056ae9835', 'endTime': '2022-06-23 23:59:59', 'faceReg': 1, 'job': '375a468328aa45f28e2cfbfaa9cfd0e5', 'jobCode': '375a468328aa45f28e2cfbfaa9cfd0e5', 'onlineSwitch': 0, 'planCate': '0', 'planName': '锅巴:你就是歌姬吧1655127931', 'planStep': 0, 'planType': 0, 'positionSign': 1, 'province': 'dd9b2987af4a11e9ac97005056ae9835', 'regTimes': 1, 'selDate': ['2022-05-13T08:55:58.101Z', '2022-05-29T08:55:58.101Z'], 'socialSignEndTime': '2022-06-23 23:59:59', 'socialSignStartTime': '2022-06-13 00:00:00', 'sociologyDate': ['2022-05-13T08:56:31.901Z', '2022-05-29T08:56:31.901Z'], 'startTime': '2022-06-13 00:00:00', 'sub': [0, 1], 'subjects': '0,1', 'workCode': '53db1e63b7ea484581e489037b4728e0', 'workLevelCode': '8427964542f34e4ca87620e0a3a48d89'}}  

            返回信息: {'returnCode': 200, 'success': True, 'data': None, 'returnMsg': '操作成功!', 'returnData': {}}  

            

2022-06-13 21:45:34,903 template INFO 模板替换成功，替换的模板为D:\zjg\laodaomeidan-master\api_yaml\saveStudentApi.yml

2022-06-13 21:45:35,194 接口测试 INFO 
            请求地址：http://222.247.54.74:8990/dns-ynjnrcpjfwpt-proj-backstage-api/bks/v1/examaff/student/saveStudent  

            请求参数：{'headers': {'authorization_token': 'eyJhbGciOiJIUzI1NiIsInR5cCI6IkpXVCJ9.eyJjdXJyZW50IjoxNjU1MTI3OTM0MTIxLCJleHAiOjE2NTUxMzE1MzQsImlhdCI6MTY1NTEyNzkzNCwidXNlckNvZGUiOiJiYTRkNzgxZTUyM2M0MzczOGI4ZDZiNGU1ZmEwY2QyMCJ9.Ee-ZRu7PD6P0uDDqGEr1--D8LX4qPB01Zv7LAn1w8SY', 'Proxy-Connection': 'keep-alive', 'Content-Type': 'application/json;charset=UTF-8', 'Accept': 'application/json, text/plain, */*', 'Accept-Language': 'zh-CN,zh;q=0.9', 'User-Agent': 'Mozilla/5.0 (Windows NT 6.1; Win64; x64) AppleWebKit/537.36'}, 'json': {'age': 23, 'birth': '1999-03-07', 'bizCode': '', 'cardNo': 530129199201159302, 'cardType': '237', 'education': '0', 'electronicPhoto': 'https://danengshou.obs.cn-north-1.myhuaweicloud.com/71c24673558d458982589cdcbd95b4b6.jpg', 'examaffPlanCode': '23a4d714c0c1499daa8d3b7c232b6502', 'job': '375a468328aa45f28e2cfbfaa9cfd0e5', 'jobCode': '375a468328aa45f28e2cfbfaa9cfd0e5', 'mobile': 14584602908, 'planCoding': '530100202206130014', 'planType': 0, 'realNamePassed': 0, 'sex': '1', 'studentName': '米凤兰1655127931', 'studentType': '0', 'trainSchool': '母猪产后的护理与调养专业学校', 'unit': '汉雅', 'workCode': '53db1e63b7ea484581e489037b4728e0', 'workLevelCode': '8427964542f34e4ca87620e0a3a48d89'}}  

            返回信息: {'returnCode': 200, 'success': True, 'data': None, 'returnMsg': '操作成功!', 'returnData': {}}  

            

2022-06-13 21:45:35,251 template INFO 模板替换成功，替换的模板为D:\zjg\laodaomeidan-master\api_yaml\studentAttachApi.yml

2022-06-13 21:45:35,306 接口测试 INFO 
            请求地址：http://222.247.54.74:8990/dns-ynjnrcpjfwpt-proj-backstage-api/bks/v1/examaff/student/uploadAttach  

            请求参数：{'headers': {'authorization_token': 'eyJhbGciOiJIUzI1NiIsInR5cCI6IkpXVCJ9.eyJjdXJyZW50IjoxNjU1MTI3OTM0MTIxLCJleHAiOjE2NTUxMzE1MzQsImlhdCI6MTY1NTEyNzkzNCwidXNlckNvZGUiOiJiYTRkNzgxZTUyM2M0MzczOGI4ZDZiNGU1ZmEwY2QyMCJ9.Ee-ZRu7PD6P0uDDqGEr1--D8LX4qPB01Zv7LAn1w8SY', 'Proxy-Connection': 'keep-alive', 'Content-Type': 'application/x-www-form-urlencoded', 'Accept': 'application/json, text/plain, */*', 'Accept-Language': 'zh-CN,zh;q=0.9', 'User-Agent': 'Mozilla/5.0 (Windows NT 6.1; Win64; x64) AppleWebKit/537.36'}, 'params': {'attachName': 'F8983F1DD17811C3C6B350B82C90A61A.jpg', 'attachSrc': 'https://danengshou.obs.cn-north-1.myhuaweicloud.com/ed4499281b77450284f90da87659ebee.jpg', 'modelCode': '1', 'planCode': '23a4d714c0c1499daa8d3b7c232b6502'}}  

            返回信息: {'returnCode': 200, 'success': True, 'data': None, 'returnMsg': '操作成功!', 'returnData': {}}  

            

2022-06-13 21:45:35,330 template INFO 模板替换成功，替换的模板为D:\zjg\laodaomeidan-master\api_yaml\saveSiteApi.yml

2022-06-13 21:45:35,411 接口测试 INFO 
            请求地址：http://222.247.54.74:8990/dns-ynjnrcpjfwpt-proj-backstage-api/bks/v1/examaff/site/saveSite  

            请求参数：{'headers': {'authorization_token': 'eyJhbGciOiJIUzI1NiIsInR5cCI6IkpXVCJ9.eyJjdXJyZW50IjoxNjU1MTI3OTM0MTIxLCJleHAiOjE2NTUxMzE1MzQsImlhdCI6MTY1NTEyNzkzNCwidXNlckNvZGUiOiJiYTRkNzgxZTUyM2M0MzczOGI4ZDZiNGU1ZmEwY2QyMCJ9.Ee-ZRu7PD6P0uDDqGEr1--D8LX4qPB01Zv7LAn1w8SY', 'Proxy-Connection': 'keep-alive', 'Content-Type': 'application/json;charset=UTF-8', 'Accept': 'application/json, text/plain, */*', 'Accept-Language': 'zh-CN,zh;q=0.9', 'User-Agent': 'Mozilla/5.0 (Windows NT 6.1; Win64; x64) AppleWebKit/537.36'}, 'json': {'bizCode': '', 'fillingExamSiteCode': '91a62971ff1641e5b6b1ae1addb9115f', 'planCode': '23a4d714c0c1499daa8d3b7c232b6502', 'planCoding': '530100202206130014', 'planType': 0, 'siteType': '0'}}  

            返回信息: {'returnCode': 200, 'success': True, 'data': {'id': None, 'bizCode': '101a09d70f1d4903afc6d2775c997670', 'planCode': '23a4d714c0c1499daa8d3b7c232b6502', 'planCoding': None, 'planType': None, 'fillingSiteName': None, 'fillingSiteCode': None, 'fillingExamSiteCode': '91a62971ff1641e5b6b1ae1addb9115f', 'sitePosition': None, 'siteLongitude': None, 'siteLatitude': None, 'siteType': 0, 'createBy': 'ba4d781e523c43738b8d6b4e5fa0cd20', 'createTime': '2022-06-13T13:45:34.946+0000', 'lastUpdateTime': '2022-06-13T13:45:34.946+0000', 'lastUpdateBy': 'ba4d781e523c43738b8d6b4e5fa0cd20', 'isDelete': 0, 'topCode': '8b7d7091d36bc4e950a4a1b68bab4178', 'dateInt': 220613, 'cameraList': None, 'cameras': None}, 'returnMsg': '操作成功!', 'returnData': {}}  

            

2022-06-13 21:45:35,438 template INFO 模板替换成功，替换的模板为D:\zjg\laodaomeidan-master\api_yaml\saveSiteApi.yml

2022-06-13 21:45:35,520 接口测试 INFO 
            请求地址：http://222.247.54.74:8990/dns-ynjnrcpjfwpt-proj-backstage-api/bks/v1/examaff/site/saveSite  

            请求参数：{'headers': {'authorization_token': 'eyJhbGciOiJIUzI1NiIsInR5cCI6IkpXVCJ9.eyJjdXJyZW50IjoxNjU1MTI3OTM0MTIxLCJleHAiOjE2NTUxMzE1MzQsImlhdCI6MTY1NTEyNzkzNCwidXNlckNvZGUiOiJiYTRkNzgxZTUyM2M0MzczOGI4ZDZiNGU1ZmEwY2QyMCJ9.Ee-ZRu7PD6P0uDDqGEr1--D8LX4qPB01Zv7LAn1w8SY', 'Proxy-Connection': 'keep-alive', 'Content-Type': 'application/json;charset=UTF-8', 'Accept': 'application/json, text/plain, */*', 'Accept-Language': 'zh-CN,zh;q=0.9', 'User-Agent': 'Mozilla/5.0 (Windows NT 6.1; Win64; x64) AppleWebKit/537.36'}, 'json': {'bizCode': '', 'fillingExamSiteCode': '91a62971ff1641e5b6b1ae1addb9115f', 'planCode': '23a4d714c0c1499daa8d3b7c232b6502', 'planCoding': '530100202206130014', 'planType': 0, 'siteType': '1'}}  

            返回信息: {'returnCode': 200, 'success': True, 'data': {'id': None, 'bizCode': 'c371618a91b7486a91e2d813a1fdc5b3', 'planCode': '23a4d714c0c1499daa8d3b7c232b6502', 'planCoding': None, 'planType': None, 'fillingSiteName': None, 'fillingSiteCode': None, 'fillingExamSiteCode': '91a62971ff1641e5b6b1ae1addb9115f', 'sitePosition': None, 'siteLongitude': None, 'siteLatitude': None, 'siteType': 1, 'createBy': 'ba4d781e523c43738b8d6b4e5fa0cd20', 'createTime': '2022-06-13T13:45:35.055+0000', 'lastUpdateTime': '2022-06-13T13:45:35.055+0000', 'lastUpdateBy': 'ba4d781e523c43738b8d6b4e5fa0cd20', 'isDelete': 0, 'topCode': '8b7d7091d36bc4e950a4a1b68bab4178', 'dateInt': 220613, 'cameraList': None, 'cameras': None}, 'returnMsg': '操作成功!', 'returnData': {}}  

            

2022-06-13 21:45:37,724 template INFO 模板替换成功，替换的模板为D:\zjg\laodaomeidan-master\api_yaml\savePlaceApi.yml

2022-06-13 21:45:37,951 接口测试 INFO 
            请求地址：http://222.247.54.74:8990/dns-ynjnrcpjfwpt-proj-backstage-api/bks/v1/examaff/site/savePlace  

            请求参数：{'headers': {'authorization_token': 'eyJhbGciOiJIUzI1NiIsInR5cCI6IkpXVCJ9.eyJjdXJyZW50IjoxNjU1MTI3OTM0MTIxLCJleHAiOjE2NTUxMzE1MzQsImlhdCI6MTY1NTEyNzkzNCwidXNlckNvZGUiOiJiYTRkNzgxZTUyM2M0MzczOGI4ZDZiNGU1ZmEwY2QyMCJ9.Ee-ZRu7PD6P0uDDqGEr1--D8LX4qPB01Zv7LAn1w8SY', 'Proxy-Connection': 'keep-alive', 'Content-Type': 'application/json;charset=UTF-8', 'Accept': 'application/json, text/plain, */*', 'Accept-Language': 'zh-CN,zh;q=0.9', 'User-Agent': 'Mozilla/5.0 (Windows NT 6.1; Win64; x64) AppleWebKit/537.36'}, 'json': {'area': {'address': '云南省昆明市呈贡区', 'addressComponents': {'city': '昆明市', 'district': '呈贡区', 'province': '云南省', 'street': '', 'streetNumber': ''}, 'business': '', 'point': {'lat': 24.906561, 'lng': 102.825089}, 'surroundingPois': [{'Yi': '房地产', 'address': '云南省昆明市呈贡区彩云中路', 'city': '昆明市', 'phoneNumber': None, 'point': {'lat': 24.906687, 'lng': 102.823444}, 'postcode': None, 'tags': ['房地产'], 'title': '众和东苑', 'type': 0, 'uid': 'e6d9df09eaed329eadb22a03'}]}, 'cameras': [], 'endTime': '2022-06-13 21:45:38', 'examSiteCode': '101a09d70f1d4903afc6d2775c997670', 'jks': ['李本莹'], 'monitors': [{'monitorCode': '23502a671cef47c0889f95399e888428'}], 'orgCode': 'd96b58f212c6418b9f146d65e7add859', 'placeDetailAddress': '考场', 'placeLatitude': 24.906561, 'placeLongitude': 102.825089, 'placeName': '玉兰路麓天路口考场', 'placePosition': '云南省昆明市呈贡区', 'planCode': '23a4d714c0c1499daa8d3b7c232b6502', 'planCoding': 530100202206130014, 'startTime': '2022-06-13 21:45:37', 'stuCount': 0, 'students': [{'studentCode': '50c7ca5261de4a41ab2bac3fede9a184'}], 'suts': 1}}  

            返回信息: {'returnCode': 200, 'success': True, 'data': None, 'returnMsg': '操作成功!', 'returnData': {}}  

            

2022-06-13 21:45:40,001 template INFO 模板替换成功，替换的模板为D:\zjg\laodaomeidan-master\api_yaml\savePlaceApi.yml

2022-06-13 21:45:40,207 接口测试 INFO 
            请求地址：http://222.247.54.74:8990/dns-ynjnrcpjfwpt-proj-backstage-api/bks/v1/examaff/site/savePlace  

            请求参数：{'headers': {'authorization_token': 'eyJhbGciOiJIUzI1NiIsInR5cCI6IkpXVCJ9.eyJjdXJyZW50IjoxNjU1MTI3OTM0MTIxLCJleHAiOjE2NTUxMzE1MzQsImlhdCI6MTY1NTEyNzkzNCwidXNlckNvZGUiOiJiYTRkNzgxZTUyM2M0MzczOGI4ZDZiNGU1ZmEwY2QyMCJ9.Ee-ZRu7PD6P0uDDqGEr1--D8LX4qPB01Zv7LAn1w8SY', 'Proxy-Connection': 'keep-alive', 'Content-Type': 'application/json;charset=UTF-8', 'Accept': 'application/json, text/plain, */*', 'Accept-Language': 'zh-CN,zh;q=0.9', 'User-Agent': 'Mozilla/5.0 (Windows NT 6.1; Win64; x64) AppleWebKit/537.36'}, 'json': {'area': {'address': '云南省昆明市呈贡区', 'addressComponents': {'city': '昆明市', 'district': '呈贡区', 'province': '云南省', 'street': '', 'streetNumber': ''}, 'business': '', 'point': {'lat': 24.906561, 'lng': 102.825089}, 'surroundingPois': [{'Yi': '房地产', 'address': '云南省昆明市呈贡区彩云中路', 'city': '昆明市', 'phoneNumber': None, 'point': {'lat': 24.906687, 'lng': 102.823444}, 'postcode': None, 'tags': ['房地产'], 'title': '众和东苑', 'type': 0, 'uid': 'e6d9df09eaed329eadb22a03'}]}, 'cameras': [], 'endTime': '2022-06-13 21:45:40', 'examSiteCode': 'c371618a91b7486a91e2d813a1fdc5b3', 'jks': ['李本莹'], 'monitors': [{'monitorCode': '23502a671cef47c0889f95399e888428'}], 'orgCode': 'd96b58f212c6418b9f146d65e7add859', 'placeDetailAddress': '考场', 'placeLatitude': 24.906561, 'placeLongitude': 102.825089, 'placeName': '玉兰路麓天路口考场', 'placePosition': '云南省昆明市呈贡区', 'planCode': '23a4d714c0c1499daa8d3b7c232b6502', 'planCoding': 530100202206130014, 'startTime': '2022-06-13 21:45:39', 'stuCount': 0, 'students': [{'studentCode': '50c7ca5261de4a41ab2bac3fede9a184'}], 'suts': 1}}  

            返回信息: {'returnCode': 200, 'success': True, 'data': None, 'returnMsg': '操作成功!', 'returnData': {}}  

            

2022-06-13 21:45:40,232 template INFO 模板替换成功，替换的模板为D:\zjg\laodaomeidan-master\api_yaml\saveDistributePersonApi.yml

2022-06-13 21:45:40,324 接口测试 INFO 
            请求地址：http://222.247.54.74:8990/dns-ynjnrcpjfwpt-proj-backstage-api/bks/v1/exaAff/distributePerson  

            请求参数：{'headers': {'authorization_token': 'eyJhbGciOiJIUzI1NiIsInR5cCI6IkpXVCJ9.eyJjdXJyZW50IjoxNjU1MTI3OTM0MTIxLCJleHAiOjE2NTUxMzE1MzQsImlhdCI6MTY1NTEyNzkzNCwidXNlckNvZGUiOiJiYTRkNzgxZTUyM2M0MzczOGI4ZDZiNGU1ZmEwY2QyMCJ9.Ee-ZRu7PD6P0uDDqGEr1--D8LX4qPB01Zv7LAn1w8SY', 'Proxy-Connection': 'keep-alive', 'Content-Type': 'application/json;charset=UTF-8', 'Accept': 'application/json, text/plain, */*', 'Accept-Language': 'zh-CN,zh;q=0.9', 'User-Agent': 'Mozilla/5.0 (Windows NT 6.1; Win64; x64) AppleWebKit/537.36'}, 'json': {'personCode': ['259ef3e2bda84637abbfe66ba9e93e2d'], 'personType': 0, 'planCode': '23a4d714c0c1499daa8d3b7c232b6502', 'planCoding': 530100202206130014, 'planType': 0}}  

            返回信息: {'returnCode': 200, 'success': True, 'data': None, 'returnMsg': '操作成功!', 'returnData': {}}  

            

2022-06-13 21:45:40,342 template INFO 模板替换成功，替换的模板为D:\zjg\laodaomeidan-master\api_yaml\saveDistributePersonApi.yml

2022-06-13 21:45:40,412 接口测试 INFO 
            请求地址：http://222.247.54.74:8990/dns-ynjnrcpjfwpt-proj-backstage-api/bks/v1/exaAff/distributePerson  

            请求参数：{'headers': {'authorization_token': 'eyJhbGciOiJIUzI1NiIsInR5cCI6IkpXVCJ9.eyJjdXJyZW50IjoxNjU1MTI3OTM0MTIxLCJleHAiOjE2NTUxMzE1MzQsImlhdCI6MTY1NTEyNzkzNCwidXNlckNvZGUiOiJiYTRkNzgxZTUyM2M0MzczOGI4ZDZiNGU1ZmEwY2QyMCJ9.Ee-ZRu7PD6P0uDDqGEr1--D8LX4qPB01Zv7LAn1w8SY', 'Proxy-Connection': 'keep-alive', 'Content-Type': 'application/json;charset=UTF-8', 'Accept': 'application/json, text/plain, */*', 'Accept-Language': 'zh-CN,zh;q=0.9', 'User-Agent': 'Mozilla/5.0 (Windows NT 6.1; Win64; x64) AppleWebKit/537.36'}, 'json': {'personCode': ['cb5fb763ae574f6ab4c9080d9f74037b'], 'personType': 1, 'planCode': '23a4d714c0c1499daa8d3b7c232b6502', 'planCoding': 530100202206130014, 'planType': 0}}  

            返回信息: {'returnCode': 200, 'success': True, 'data': None, 'returnMsg': '操作成功!', 'returnData': {}}  

            

2022-06-13 21:45:40,438 template INFO 模板替换成功，替换的模板为D:\zjg\laodaomeidan-master\api_yaml\saveDistributePersonApi.yml

2022-06-13 21:45:40,573 接口测试 INFO 
            请求地址：http://222.247.54.74:8990/dns-ynjnrcpjfwpt-proj-backstage-api/bks/v1/exaAff/distributePerson  

            请求参数：{'headers': {'authorization_token': 'eyJhbGciOiJIUzI1NiIsInR5cCI6IkpXVCJ9.eyJjdXJyZW50IjoxNjU1MTI3OTM0MTIxLCJleHAiOjE2NTUxMzE1MzQsImlhdCI6MTY1NTEyNzkzNCwidXNlckNvZGUiOiJiYTRkNzgxZTUyM2M0MzczOGI4ZDZiNGU1ZmEwY2QyMCJ9.Ee-ZRu7PD6P0uDDqGEr1--D8LX4qPB01Zv7LAn1w8SY', 'Proxy-Connection': 'keep-alive', 'Content-Type': 'application/json;charset=UTF-8', 'Accept': 'application/json, text/plain, */*', 'Accept-Language': 'zh-CN,zh;q=0.9', 'User-Agent': 'Mozilla/5.0 (Windows NT 6.1; Win64; x64) AppleWebKit/537.36'}, 'json': {'personCode': ['e534f11638144821b4b2fe69118f4cb6', '74f47dd9df8d4d519f92aad63807b7f1', 'c1c2c092e33042659e765a5bd2716340'], 'personType': 3, 'planCode': '23a4d714c0c1499daa8d3b7c232b6502', 'planCoding': 530100202206130014, 'planType': 0}}  

            返回信息: {'returnCode': 200, 'success': True, 'data': None, 'returnMsg': '操作成功!', 'returnData': {}}  

            

2022-06-13 21:45:40,606 template INFO 模板替换成功，替换的模板为D:\zjg\laodaomeidan-master\api_yaml\addOffLinePaperApi.yml

2022-06-13 21:45:40,721 接口测试 INFO 
            请求地址：http://222.247.54.74:8990/dns-ynjnrcpjfwpt-proj-backstage-api/bks/v1/exaAff/addOffLinePaper  

            请求参数：{'headers': {'authorization_token': 'eyJhbGciOiJIUzI1NiIsInR5cCI6IkpXVCJ9.eyJjdXJyZW50IjoxNjU1MTI3OTM0MTIxLCJleHAiOjE2NTUxMzE1MzQsImlhdCI6MTY1NTEyNzkzNCwidXNlckNvZGUiOiJiYTRkNzgxZTUyM2M0MzczOGI4ZDZiNGU1ZmEwY2QyMCJ9.Ee-ZRu7PD6P0uDDqGEr1--D8LX4qPB01Zv7LAn1w8SY', 'Content-Type': 'application/x-www-form-urlencoded', 'User-Agent': 'Mozilla/5.0 (Windows NT 6.1; Win64; x64) AppleWebKit/537.36'}, 'params': {'formationType': 1, 'paperCoding': 1, 'paperSrc': 'https://danengshou.obs.cn-north-1.myhuaweicloud.com/7c27c0323ecc45699307cc5342dd8845.jpg', 'planCode': '23a4d714c0c1499daa8d3b7c232b6502', 'type': '0'}}  

            返回信息: {'returnCode': 200, 'success': True, 'data': None, 'returnMsg': '操作成功!', 'returnData': {}}  

            

2022-06-13 21:45:40,753 template INFO 模板替换成功，替换的模板为D:\zjg\laodaomeidan-master\api_yaml\addOffLinePaperApi.yml

2022-06-13 21:45:40,864 接口测试 INFO 
            请求地址：http://222.247.54.74:8990/dns-ynjnrcpjfwpt-proj-backstage-api/bks/v1/exaAff/addOffLinePaper  

            请求参数：{'headers': {'authorization_token': 'eyJhbGciOiJIUzI1NiIsInR5cCI6IkpXVCJ9.eyJjdXJyZW50IjoxNjU1MTI3OTM0MTIxLCJleHAiOjE2NTUxMzE1MzQsImlhdCI6MTY1NTEyNzkzNCwidXNlckNvZGUiOiJiYTRkNzgxZTUyM2M0MzczOGI4ZDZiNGU1ZmEwY2QyMCJ9.Ee-ZRu7PD6P0uDDqGEr1--D8LX4qPB01Zv7LAn1w8SY', 'Content-Type': 'application/x-www-form-urlencoded', 'User-Agent': 'Mozilla/5.0 (Windows NT 6.1; Win64; x64) AppleWebKit/537.36'}, 'params': {'formationType': 1, 'paperCoding': 2, 'paperSrc': 'https://danengshou.obs.cn-north-1.myhuaweicloud.com/7c27c0323ecc45699307cc5342dd8845.jpg', 'planCode': '23a4d714c0c1499daa8d3b7c232b6502', 'type': '1'}}  

            返回信息: {'returnCode': 200, 'success': True, 'data': None, 'returnMsg': '操作成功!', 'returnData': {}}  

            
