
2022-05-19 14:37:32,188 template INFO 模板替换成功，替换的模板为D:\zjg\laodaomeidan-master\api_yaml\login.yml

2022-05-19 14:37:32,847 接口测试 INFO 
            请求地址：http://222.247.54.74:8990/dns-ynjnrcpjfwpt-proj-backstage-api/bks/v1/user/login  

            请求参数：{'headers': {'Proxy-Connection': 'keep-alive', 'Content-Length': '56', 'Content-Type': 'application/x-www-form-urlencoded;charset=UTF-8', 'Accept': 'application/json, text/plain, */*', 'Accept-Language': 'zh-CN,zh;q=0.9', 'User-Agent': 'Mozilla/5.0 (Windows NT 6.1; Win64; x64) AppleWebKit/537.36'}, 'data': {'password': '2/5ao/4bbFA9OK/YIOjjVA==', 'username': 'N/hB1rj3sKt5HLA5ikuapg=='}}  

            返回信息: {'returnCode': 200, 'success': True, 'data': {'authorizationToken': 'eyJhbGciOiJIUzI1NiIsInR5cCI6IkpXVCJ9.eyJjdXJyZW50IjoxNjUyOTQyNDkxNzYxLCJleHAiOjE2NTI5NDYwOTEsImlhdCI6MTY1Mjk0MjQ5MSwidXNlckNvZGUiOiJiYTRkNzgxZTUyM2M0MzczOGI4ZDZiNGU1ZmEwY2QyMCJ9.6afoUu1ojrn0QbZ4QThZLe-6thiH06dLM_GVoQH9hBc', 'topCode': '-1'}, 'returnMsg': '操作成功!', 'returnData': {}}  

            

2022-05-19 14:37:32,879 template INFO 模板替换成功，替换的模板为D:\zjg\laodaomeidan-master\api_yaml\saveExaPlanApi.yml

2022-05-19 14:37:32,965 接口测试 INFO 
            请求地址：http://222.247.54.74:8990/dns-ynjnrcpjfwpt-proj-backstage-api/bks/v1/exaPlan/saveExaPlan  

            请求参数：{'headers': {'authorization_token': 'eyJhbGciOiJIUzI1NiIsInR5cCI6IkpXVCJ9.eyJjdXJyZW50IjoxNjUyOTQyNDkxNzYxLCJleHAiOjE2NTI5NDYwOTEsImlhdCI6MTY1Mjk0MjQ5MSwidXNlckNvZGUiOiJiYTRkNzgxZTUyM2M0MzczOGI4ZDZiNGU1ZmEwY2QyMCJ9.6afoUu1ojrn0QbZ4QThZLe-6thiH06dLM_GVoQH9hBc', 'Proxy-Connection': 'keep-alive', 'Content-Type': 'application/json;charset=UTF-8', 'Accept': 'application/json, text/plain, */*', 'Accept-Language': 'zh-CN,zh;q=0.9', 'User-Agent': 'Mozilla/5.0 (Windows NT 6.1; Win64; x64) AppleWebKit/537.36'}, 'json': {'advanceSubmit': 1, 'advanceSubmitTime': 30, 'area': ['dd9b2987af4a11e9ac97005056ae9835', 'dd9be929af4a11e9ac97005056ae9835'], 'city': 'dd9be929af4a11e9ac97005056ae9835', 'endTime': '2022-05-29 23:59:59', 'faceReg': 1, 'job': '375a468328aa45f28e2cfbfaa9cfd0e5', 'jobCode': '375a468328aa45f28e2cfbfaa9cfd0e5', 'onlineSwitch': 0, 'planCate': '0', 'planName': '锅巴:lick dog no house1652942249', 'planStep': 0, 'planType': 0, 'positionSign': 1, 'province': 'dd9b2987af4a11e9ac97005056ae9835', 'regTimes': 1, 'selDate': ['2022-05-13T08:55:58.101Z', '2022-05-29T08:55:58.101Z'], 'socialSignEndTime': '2022-05-29 23:59:59', 'socialSignStartTime': '2022-05-19 00:00:00', 'sociologyDate': ['2022-05-13T08:56:31.901Z', '2022-05-29T08:56:31.901Z'], 'startTime': '2022-05-19 00:00:00', 'sub': [0, 1], 'subjects': '0,1', 'workCode': '53db1e63b7ea484581e489037b4728e0', 'workLevelCode': '8427964542f34e4ca87620e0a3a48d89'}}  

            返回信息: {'returnCode': 200, 'success': True, 'data': None, 'returnMsg': '操作成功!', 'returnData': {}}  

            

2022-05-19 14:37:32,989 template INFO 模板替换成功，替换的模板为D:\zjg\laodaomeidan-master\api_yaml\saveStudentApi.yml

2022-05-19 14:37:33,364 接口测试 INFO 
            请求地址：http://222.247.54.74:8990/dns-ynjnrcpjfwpt-proj-backstage-api/bks/v1/examaff/student/saveStudent  

            请求参数：{'headers': {'authorization_token': 'eyJhbGciOiJIUzI1NiIsInR5cCI6IkpXVCJ9.eyJjdXJyZW50IjoxNjUyOTQyNDkxNzYxLCJleHAiOjE2NTI5NDYwOTEsImlhdCI6MTY1Mjk0MjQ5MSwidXNlckNvZGUiOiJiYTRkNzgxZTUyM2M0MzczOGI4ZDZiNGU1ZmEwY2QyMCJ9.6afoUu1ojrn0QbZ4QThZLe-6thiH06dLM_GVoQH9hBc', 'Proxy-Connection': 'keep-alive', 'Content-Type': 'application/json;charset=UTF-8', 'Accept': 'application/json, text/plain, */*', 'Accept-Language': 'zh-CN,zh;q=0.9', 'User-Agent': 'Mozilla/5.0 (Windows NT 6.1; Win64; x64) AppleWebKit/537.36'}, 'json': {'age': 23, 'birth': '1999-03-07', 'bizCode': '', 'cardNo': 450406199002146463, 'cardType': '237', 'education': '0', 'electronicPhoto': 'https://danengshou.obs.cn-north-1.myhuaweicloud.com/71c24673558d458982589cdcbd95b4b6.jpg', 'examaffPlanCode': '46a5de65b1b8481ebe385565daae8844', 'job': '375a468328aa45f28e2cfbfaa9cfd0e5', 'jobCode': '375a468328aa45f28e2cfbfaa9cfd0e5', 'mobile': 13639766664, 'planCoding': '530100202205190001', 'planType': 0, 'realNamePassed': 0, 'sex': '1', 'studentName': '涂桂兰1652942249', 'studentType': '0', 'trainSchool': '母猪产后的护理与调养专业学校', 'unit': '汉雅', 'workCode': '53db1e63b7ea484581e489037b4728e0', 'workLevelCode': '8427964542f34e4ca87620e0a3a48d89'}}  

            返回信息: {'returnCode': 200, 'success': True, 'data': None, 'returnMsg': '操作成功!', 'returnData': {}}  

            

2022-05-19 14:37:33,437 template INFO 模板替换成功，替换的模板为D:\zjg\laodaomeidan-master\api_yaml\studentAttachApi.yml

2022-05-19 14:37:33,482 接口测试 INFO 
            请求地址：http://222.247.54.74:8990/dns-ynjnrcpjfwpt-proj-backstage-api/bks/v1/examaff/student/uploadAttach  

            请求参数：{'headers': {'authorization_token': 'eyJhbGciOiJIUzI1NiIsInR5cCI6IkpXVCJ9.eyJjdXJyZW50IjoxNjUyOTQyNDkxNzYxLCJleHAiOjE2NTI5NDYwOTEsImlhdCI6MTY1Mjk0MjQ5MSwidXNlckNvZGUiOiJiYTRkNzgxZTUyM2M0MzczOGI4ZDZiNGU1ZmEwY2QyMCJ9.6afoUu1ojrn0QbZ4QThZLe-6thiH06dLM_GVoQH9hBc', 'Proxy-Connection': 'keep-alive', 'Content-Type': 'application/x-www-form-urlencoded', 'Accept': 'application/json, text/plain, */*', 'Accept-Language': 'zh-CN,zh;q=0.9', 'User-Agent': 'Mozilla/5.0 (Windows NT 6.1; Win64; x64) AppleWebKit/537.36'}, 'params': {'attachName': 'F8983F1DD17811C3C6B350B82C90A61A.jpg', 'attachSrc': 'https://danengshou.obs.cn-north-1.myhuaweicloud.com/ed4499281b77450284f90da87659ebee.jpg', 'modelCode': '1', 'planCode': '46a5de65b1b8481ebe385565daae8844'}}  

            返回信息: {'returnCode': 200, 'success': True, 'data': None, 'returnMsg': '操作成功!', 'returnData': {}}  

            

2022-05-19 14:37:33,543 template INFO 模板替换成功，替换的模板为D:\zjg\laodaomeidan-master\api_yaml\saveSiteApi.yml

2022-05-19 14:37:33,593 接口测试 INFO 
            请求地址：http://222.247.54.74:8990/dns-ynjnrcpjfwpt-proj-backstage-api/bks/v1/examaff/site/saveSite  

            请求参数：{'headers': {'authorization_token': 'eyJhbGciOiJIUzI1NiIsInR5cCI6IkpXVCJ9.eyJjdXJyZW50IjoxNjUyOTQyNDkxNzYxLCJleHAiOjE2NTI5NDYwOTEsImlhdCI6MTY1Mjk0MjQ5MSwidXNlckNvZGUiOiJiYTRkNzgxZTUyM2M0MzczOGI4ZDZiNGU1ZmEwY2QyMCJ9.6afoUu1ojrn0QbZ4QThZLe-6thiH06dLM_GVoQH9hBc', 'Proxy-Connection': 'keep-alive', 'Content-Type': 'application/json;charset=UTF-8', 'Accept': 'application/json, text/plain, */*', 'Accept-Language': 'zh-CN,zh;q=0.9', 'User-Agent': 'Mozilla/5.0 (Windows NT 6.1; Win64; x64) AppleWebKit/537.36'}, 'json': {'bizCode': '', 'fillingExamSiteCode': '91a62971ff1641e5b6b1ae1addb9115f', 'planCode': '46a5de65b1b8481ebe385565daae8844', 'planCoding': '530100202205190001', 'planType': 0, 'siteType': '0'}}  

            返回信息: {'returnCode': 200, 'success': True, 'data': {'id': None, 'bizCode': '80b6397f3cf64f369b1c5d26daabfd0b', 'planCode': '46a5de65b1b8481ebe385565daae8844', 'planCoding': None, 'planType': None, 'fillingSiteName': None, 'fillingSiteCode': None, 'fillingExamSiteCode': '91a62971ff1641e5b6b1ae1addb9115f', 'sitePosition': None, 'siteLongitude': None, 'siteLatitude': None, 'siteType': 0, 'createBy': 'ba4d781e523c43738b8d6b4e5fa0cd20', 'createTime': '2022-05-19T06:41:32.505+0000', 'lastUpdateTime': '2022-05-19T06:41:32.505+0000', 'lastUpdateBy': 'ba4d781e523c43738b8d6b4e5fa0cd20', 'isDelete': 0, 'topCode': '8b7d7091d36bc4e950a4a1b68bab4178', 'dateInt': 220519, 'cameraList': None, 'cameras': None}, 'returnMsg': '操作成功!', 'returnData': {}}  

            

2022-05-19 14:37:33,616 template INFO 模板替换成功，替换的模板为D:\zjg\laodaomeidan-master\api_yaml\saveSiteApi.yml

2022-05-19 14:37:33,657 接口测试 INFO 
            请求地址：http://222.247.54.74:8990/dns-ynjnrcpjfwpt-proj-backstage-api/bks/v1/examaff/site/saveSite  

            请求参数：{'headers': {'authorization_token': 'eyJhbGciOiJIUzI1NiIsInR5cCI6IkpXVCJ9.eyJjdXJyZW50IjoxNjUyOTQyNDkxNzYxLCJleHAiOjE2NTI5NDYwOTEsImlhdCI6MTY1Mjk0MjQ5MSwidXNlckNvZGUiOiJiYTRkNzgxZTUyM2M0MzczOGI4ZDZiNGU1ZmEwY2QyMCJ9.6afoUu1ojrn0QbZ4QThZLe-6thiH06dLM_GVoQH9hBc', 'Proxy-Connection': 'keep-alive', 'Content-Type': 'application/json;charset=UTF-8', 'Accept': 'application/json, text/plain, */*', 'Accept-Language': 'zh-CN,zh;q=0.9', 'User-Agent': 'Mozilla/5.0 (Windows NT 6.1; Win64; x64) AppleWebKit/537.36'}, 'json': {'bizCode': '', 'fillingExamSiteCode': '91a62971ff1641e5b6b1ae1addb9115f', 'planCode': '46a5de65b1b8481ebe385565daae8844', 'planCoding': '530100202205190001', 'planType': 0, 'siteType': '1'}}  

            返回信息: {'returnCode': 200, 'success': True, 'data': {'id': None, 'bizCode': '57491491a9cb4e62a8f49f548ca0bf37', 'planCode': '46a5de65b1b8481ebe385565daae8844', 'planCoding': None, 'planType': None, 'fillingSiteName': None, 'fillingSiteCode': None, 'fillingExamSiteCode': '91a62971ff1641e5b6b1ae1addb9115f', 'sitePosition': None, 'siteLongitude': None, 'siteLatitude': None, 'siteType': 1, 'createBy': 'ba4d781e523c43738b8d6b4e5fa0cd20', 'createTime': '2022-05-19T06:41:32.570+0000', 'lastUpdateTime': '2022-05-19T06:41:32.570+0000', 'lastUpdateBy': 'ba4d781e523c43738b8d6b4e5fa0cd20', 'isDelete': 0, 'topCode': '8b7d7091d36bc4e950a4a1b68bab4178', 'dateInt': 220519, 'cameraList': None, 'cameras': None}, 'returnMsg': '操作成功!', 'returnData': {}}  

            

2022-05-19 14:37:35,719 template INFO 模板替换成功，替换的模板为D:\zjg\laodaomeidan-master\api_yaml\savePlaceApi.yml

2022-05-19 14:37:35,891 接口测试 INFO 
            请求地址：http://222.247.54.74:8990/dns-ynjnrcpjfwpt-proj-backstage-api/bks/v1/examaff/site/savePlace  

            请求参数：{'headers': {'authorization_token': 'eyJhbGciOiJIUzI1NiIsInR5cCI6IkpXVCJ9.eyJjdXJyZW50IjoxNjUyOTQyNDkxNzYxLCJleHAiOjE2NTI5NDYwOTEsImlhdCI6MTY1Mjk0MjQ5MSwidXNlckNvZGUiOiJiYTRkNzgxZTUyM2M0MzczOGI4ZDZiNGU1ZmEwY2QyMCJ9.6afoUu1ojrn0QbZ4QThZLe-6thiH06dLM_GVoQH9hBc', 'Proxy-Connection': 'keep-alive', 'Content-Type': 'application/json;charset=UTF-8', 'Accept': 'application/json, text/plain, */*', 'Accept-Language': 'zh-CN,zh;q=0.9', 'User-Agent': 'Mozilla/5.0 (Windows NT 6.1; Win64; x64) AppleWebKit/537.36'}, 'json': {'area': {'address': '云南省昆明市呈贡区', 'addressComponents': {'city': '昆明市', 'district': '呈贡区', 'province': '云南省', 'street': '', 'streetNumber': ''}, 'business': '', 'point': {'lat': 24.906561, 'lng': 102.825089}, 'surroundingPois': [{'Yi': '房地产', 'address': '云南省昆明市呈贡区彩云中路', 'city': '昆明市', 'phoneNumber': None, 'point': {'lat': 24.906687, 'lng': 102.823444}, 'postcode': None, 'tags': ['房地产'], 'title': '众和东苑', 'type': 0, 'uid': 'e6d9df09eaed329eadb22a03'}]}, 'cameras': [], 'endTime': '2022-05-19 14:37:36', 'examSiteCode': '80b6397f3cf64f369b1c5d26daabfd0b', 'jks': ['李本莹'], 'monitors': [{'monitorCode': '23502a671cef47c0889f95399e888428'}], 'orgCode': 'd96b58f212c6418b9f146d65e7add859', 'placeDetailAddress': '考场', 'placeLatitude': 24.906561, 'placeLongitude': 102.825089, 'placeName': '玉兰路麓天路口考场', 'placePosition': '云南省昆明市呈贡区', 'planCode': '46a5de65b1b8481ebe385565daae8844', 'planCoding': 530100202205190001, 'startTime': '2022-05-19 14:37:35', 'stuCount': 0, 'students': [{'studentCode': '990f3f45d7fb4a5fb4cd13f5827838f1'}], 'suts': 1}}  

            返回信息: {'returnCode': 500, 'success': False, 'data': None, 'returnMsg': '监考员【李本莹】存在时间冲突，', 'returnData': {}}  

            

2022-05-19 14:37:38,125 template INFO 模板替换成功，替换的模板为D:\zjg\laodaomeidan-master\api_yaml\savePlaceApi.yml

2022-05-19 14:37:38,273 接口测试 INFO 
            请求地址：http://222.247.54.74:8990/dns-ynjnrcpjfwpt-proj-backstage-api/bks/v1/examaff/site/savePlace  

            请求参数：{'headers': {'authorization_token': 'eyJhbGciOiJIUzI1NiIsInR5cCI6IkpXVCJ9.eyJjdXJyZW50IjoxNjUyOTQyNDkxNzYxLCJleHAiOjE2NTI5NDYwOTEsImlhdCI6MTY1Mjk0MjQ5MSwidXNlckNvZGUiOiJiYTRkNzgxZTUyM2M0MzczOGI4ZDZiNGU1ZmEwY2QyMCJ9.6afoUu1ojrn0QbZ4QThZLe-6thiH06dLM_GVoQH9hBc', 'Proxy-Connection': 'keep-alive', 'Content-Type': 'application/json;charset=UTF-8', 'Accept': 'application/json, text/plain, */*', 'Accept-Language': 'zh-CN,zh;q=0.9', 'User-Agent': 'Mozilla/5.0 (Windows NT 6.1; Win64; x64) AppleWebKit/537.36'}, 'json': {'area': {'address': '云南省昆明市呈贡区', 'addressComponents': {'city': '昆明市', 'district': '呈贡区', 'province': '云南省', 'street': '', 'streetNumber': ''}, 'business': '', 'point': {'lat': 24.906561, 'lng': 102.825089}, 'surroundingPois': [{'Yi': '房地产', 'address': '云南省昆明市呈贡区彩云中路', 'city': '昆明市', 'phoneNumber': None, 'point': {'lat': 24.906687, 'lng': 102.823444}, 'postcode': None, 'tags': ['房地产'], 'title': '众和东苑', 'type': 0, 'uid': 'e6d9df09eaed329eadb22a03'}]}, 'cameras': [], 'endTime': '2022-05-19 14:37:39', 'examSiteCode': '57491491a9cb4e62a8f49f548ca0bf37', 'jks': ['李本莹'], 'monitors': [{'monitorCode': '23502a671cef47c0889f95399e888428'}], 'orgCode': 'd96b58f212c6418b9f146d65e7add859', 'placeDetailAddress': '考场', 'placeLatitude': 24.906561, 'placeLongitude': 102.825089, 'placeName': '玉兰路麓天路口考场', 'placePosition': '云南省昆明市呈贡区', 'planCode': '46a5de65b1b8481ebe385565daae8844', 'planCoding': 530100202205190001, 'startTime': '2022-05-19 14:37:38', 'stuCount': 0, 'students': [{'studentCode': '990f3f45d7fb4a5fb4cd13f5827838f1'}], 'suts': 1}}  

            返回信息: {'returnCode': 200, 'success': True, 'data': None, 'returnMsg': '操作成功!', 'returnData': {}}  

            

2022-05-19 14:37:38,303 template INFO 模板替换成功，替换的模板为D:\zjg\laodaomeidan-master\api_yaml\saveDistributePersonApi.yml

2022-05-19 14:37:38,375 接口测试 INFO 
            请求地址：http://222.247.54.74:8990/dns-ynjnrcpjfwpt-proj-backstage-api/bks/v1/exaAff/distributePerson  

            请求参数：{'headers': {'authorization_token': 'eyJhbGciOiJIUzI1NiIsInR5cCI6IkpXVCJ9.eyJjdXJyZW50IjoxNjUyOTQyNDkxNzYxLCJleHAiOjE2NTI5NDYwOTEsImlhdCI6MTY1Mjk0MjQ5MSwidXNlckNvZGUiOiJiYTRkNzgxZTUyM2M0MzczOGI4ZDZiNGU1ZmEwY2QyMCJ9.6afoUu1ojrn0QbZ4QThZLe-6thiH06dLM_GVoQH9hBc', 'Proxy-Connection': 'keep-alive', 'Content-Type': 'application/json;charset=UTF-8', 'Accept': 'application/json, text/plain, */*', 'Accept-Language': 'zh-CN,zh;q=0.9', 'User-Agent': 'Mozilla/5.0 (Windows NT 6.1; Win64; x64) AppleWebKit/537.36'}, 'json': {'personCode': ['259ef3e2bda84637abbfe66ba9e93e2d'], 'personType': 0, 'planCode': '46a5de65b1b8481ebe385565daae8844', 'planCoding': 530100202205190001, 'planType': 0}}  

            返回信息: {'returnCode': 200, 'success': True, 'data': None, 'returnMsg': '操作成功!', 'returnData': {}}  

            

2022-05-19 14:37:38,399 template INFO 模板替换成功，替换的模板为D:\zjg\laodaomeidan-master\api_yaml\saveDistributePersonApi.yml

2022-05-19 14:37:38,440 接口测试 INFO 
            请求地址：http://222.247.54.74:8990/dns-ynjnrcpjfwpt-proj-backstage-api/bks/v1/exaAff/distributePerson  

            请求参数：{'headers': {'authorization_token': 'eyJhbGciOiJIUzI1NiIsInR5cCI6IkpXVCJ9.eyJjdXJyZW50IjoxNjUyOTQyNDkxNzYxLCJleHAiOjE2NTI5NDYwOTEsImlhdCI6MTY1Mjk0MjQ5MSwidXNlckNvZGUiOiJiYTRkNzgxZTUyM2M0MzczOGI4ZDZiNGU1ZmEwY2QyMCJ9.6afoUu1ojrn0QbZ4QThZLe-6thiH06dLM_GVoQH9hBc', 'Proxy-Connection': 'keep-alive', 'Content-Type': 'application/json;charset=UTF-8', 'Accept': 'application/json, text/plain, */*', 'Accept-Language': 'zh-CN,zh;q=0.9', 'User-Agent': 'Mozilla/5.0 (Windows NT 6.1; Win64; x64) AppleWebKit/537.36'}, 'json': {'personCode': ['cb5fb763ae574f6ab4c9080d9f74037b'], 'personType': 1, 'planCode': '46a5de65b1b8481ebe385565daae8844', 'planCoding': 530100202205190001, 'planType': 0}}  

            返回信息: {'returnCode': 200, 'success': True, 'data': None, 'returnMsg': '操作成功!', 'returnData': {}}  

            

2022-05-19 14:37:38,461 template INFO 模板替换成功，替换的模板为D:\zjg\laodaomeidan-master\api_yaml\saveDistributePersonApi.yml

2022-05-19 14:37:38,528 接口测试 INFO 
            请求地址：http://222.247.54.74:8990/dns-ynjnrcpjfwpt-proj-backstage-api/bks/v1/exaAff/distributePerson  

            请求参数：{'headers': {'authorization_token': 'eyJhbGciOiJIUzI1NiIsInR5cCI6IkpXVCJ9.eyJjdXJyZW50IjoxNjUyOTQyNDkxNzYxLCJleHAiOjE2NTI5NDYwOTEsImlhdCI6MTY1Mjk0MjQ5MSwidXNlckNvZGUiOiJiYTRkNzgxZTUyM2M0MzczOGI4ZDZiNGU1ZmEwY2QyMCJ9.6afoUu1ojrn0QbZ4QThZLe-6thiH06dLM_GVoQH9hBc', 'Proxy-Connection': 'keep-alive', 'Content-Type': 'application/json;charset=UTF-8', 'Accept': 'application/json, text/plain, */*', 'Accept-Language': 'zh-CN,zh;q=0.9', 'User-Agent': 'Mozilla/5.0 (Windows NT 6.1; Win64; x64) AppleWebKit/537.36'}, 'json': {'personCode': ['e534f11638144821b4b2fe69118f4cb6', '74f47dd9df8d4d519f92aad63807b7f1', 'c1c2c092e33042659e765a5bd2716340'], 'personType': 3, 'planCode': '46a5de65b1b8481ebe385565daae8844', 'planCoding': 530100202205190001, 'planType': 0}}  

            返回信息: {'returnCode': 200, 'success': True, 'data': None, 'returnMsg': '操作成功!', 'returnData': {}}  

            

2022-05-19 14:37:38,552 template INFO 模板替换成功，替换的模板为D:\zjg\laodaomeidan-master\api_yaml\addOffLinePaperApi.yml

2022-05-19 14:37:38,701 接口测试 INFO 
            请求地址：http://222.247.54.74:8990/dns-ynjnrcpjfwpt-proj-backstage-api/bks/v1/exaAff/addOffLinePaper  

            请求参数：{'headers': {'authorization_token': 'eyJhbGciOiJIUzI1NiIsInR5cCI6IkpXVCJ9.eyJjdXJyZW50IjoxNjUyOTQyNDkxNzYxLCJleHAiOjE2NTI5NDYwOTEsImlhdCI6MTY1Mjk0MjQ5MSwidXNlckNvZGUiOiJiYTRkNzgxZTUyM2M0MzczOGI4ZDZiNGU1ZmEwY2QyMCJ9.6afoUu1ojrn0QbZ4QThZLe-6thiH06dLM_GVoQH9hBc', 'Content-Type': 'application/x-www-form-urlencoded', 'User-Agent': 'Mozilla/5.0 (Windows NT 6.1; Win64; x64) AppleWebKit/537.36'}, 'params': {'formationType': 1, 'paperCoding': 1, 'paperSrc': 'https://danengshou.obs.cn-north-1.myhuaweicloud.com/7c27c0323ecc45699307cc5342dd8845.jpg', 'planCode': '46a5de65b1b8481ebe385565daae8844', 'type': '0'}}  

            返回信息: {'returnCode': 200, 'success': True, 'data': None, 'returnMsg': '操作成功!', 'returnData': {}}  

            

2022-05-19 14:37:38,715 template INFO 模板替换成功，替换的模板为D:\zjg\laodaomeidan-master\api_yaml\addOffLinePaperApi.yml

2022-05-19 14:37:38,765 接口测试 INFO 
            请求地址：http://222.247.54.74:8990/dns-ynjnrcpjfwpt-proj-backstage-api/bks/v1/exaAff/addOffLinePaper  

            请求参数：{'headers': {'authorization_token': 'eyJhbGciOiJIUzI1NiIsInR5cCI6IkpXVCJ9.eyJjdXJyZW50IjoxNjUyOTQyNDkxNzYxLCJleHAiOjE2NTI5NDYwOTEsImlhdCI6MTY1Mjk0MjQ5MSwidXNlckNvZGUiOiJiYTRkNzgxZTUyM2M0MzczOGI4ZDZiNGU1ZmEwY2QyMCJ9.6afoUu1ojrn0QbZ4QThZLe-6thiH06dLM_GVoQH9hBc', 'Content-Type': 'application/x-www-form-urlencoded', 'User-Agent': 'Mozilla/5.0 (Windows NT 6.1; Win64; x64) AppleWebKit/537.36'}, 'params': {'formationType': 1, 'paperCoding': 2, 'paperSrc': 'https://danengshou.obs.cn-north-1.myhuaweicloud.com/7c27c0323ecc45699307cc5342dd8845.jpg', 'planCode': '46a5de65b1b8481ebe385565daae8844', 'type': '1'}}  

            返回信息: {'returnCode': 200, 'success': True, 'data': None, 'returnMsg': '操作成功!', 'returnData': {}}  

            

2022-05-19 16:30:46,842 template INFO 模板替换成功，替换的模板为D:\zjg\laodaomeidan-master\api_yaml\login.yml

2022-05-19 16:30:47,585 接口测试 INFO 
            请求地址：http://222.247.54.74:8990/dns-ynjnrcpjfwpt-proj-backstage-api/bks/v1/user/login  

            请求参数：{'headers': {'Proxy-Connection': 'keep-alive', 'Content-Length': '56', 'Content-Type': 'application/x-www-form-urlencoded;charset=UTF-8', 'Accept': 'application/json, text/plain, */*', 'Accept-Language': 'zh-CN,zh;q=0.9', 'User-Agent': 'Mozilla/5.0 (Windows NT 6.1; Win64; x64) AppleWebKit/537.36'}, 'data': {'password': '2/5ao/4bbFA9OK/YIOjjVA==', 'username': 'N/hB1rj3sKt5HLA5ikuapg=='}}  

            返回信息: {'returnCode': 200, 'success': True, 'data': {'authorizationToken': 'eyJhbGciOiJIUzI1NiIsInR5cCI6IkpXVCJ9.eyJjdXJyZW50IjoxNjUyOTQ5Mjg2NDIwLCJleHAiOjE2NTI5NTI4ODYsImlhdCI6MTY1Mjk0OTI4NiwidXNlckNvZGUiOiJiYTRkNzgxZTUyM2M0MzczOGI4ZDZiNGU1ZmEwY2QyMCJ9.P3NI3XvF_VyxH4U6m6c4sNJUiQRgUCYSkaUVLR43hA4', 'topCode': '-1'}, 'returnMsg': '操作成功!', 'returnData': {}}  

            

2022-05-19 16:30:47,633 template INFO 模板替换成功，替换的模板为D:\zjg\laodaomeidan-master\api_yaml\saveExaPlanApi.yml

2022-05-19 16:30:47,707 接口测试 INFO 
            请求地址：http://222.247.54.74:8990/dns-ynjnrcpjfwpt-proj-backstage-api/bks/v1/exaPlan/saveExaPlan  

            请求参数：{'headers': {'authorization_token': 'eyJhbGciOiJIUzI1NiIsInR5cCI6IkpXVCJ9.eyJjdXJyZW50IjoxNjUyOTQ5Mjg2NDIwLCJleHAiOjE2NTI5NTI4ODYsImlhdCI6MTY1Mjk0OTI4NiwidXNlckNvZGUiOiJiYTRkNzgxZTUyM2M0MzczOGI4ZDZiNGU1ZmEwY2QyMCJ9.P3NI3XvF_VyxH4U6m6c4sNJUiQRgUCYSkaUVLR43hA4', 'Proxy-Connection': 'keep-alive', 'Content-Type': 'application/json;charset=UTF-8', 'Accept': 'application/json, text/plain, */*', 'Accept-Language': 'zh-CN,zh;q=0.9', 'User-Agent': 'Mozilla/5.0 (Windows NT 6.1; Win64; x64) AppleWebKit/537.36'}, 'json': {'advanceSubmit': 1, 'advanceSubmitTime': 30, 'area': ['dd9b2987af4a11e9ac97005056ae9835', 'dd9be929af4a11e9ac97005056ae9835'], 'city': 'dd9be929af4a11e9ac97005056ae9835', 'endTime': '2022-05-29 23:59:59', 'faceReg': 1, 'job': '375a468328aa45f28e2cfbfaa9cfd0e5', 'jobCode': '375a468328aa45f28e2cfbfaa9cfd0e5', 'onlineSwitch': 0, 'planCate': '0', 'planName': '锅巴:铁柱1652949043', 'planStep': 0, 'planType': 0, 'positionSign': 1, 'province': 'dd9b2987af4a11e9ac97005056ae9835', 'regTimes': 1, 'selDate': ['2022-05-13T08:55:58.101Z', '2022-05-29T08:55:58.101Z'], 'socialSignEndTime': '2022-05-29 23:59:59', 'socialSignStartTime': '2022-05-19 00:00:00', 'sociologyDate': ['2022-05-13T08:56:31.901Z', '2022-05-29T08:56:31.901Z'], 'startTime': '2022-05-19 00:00:00', 'sub': [0, 1], 'subjects': '0,1', 'workCode': '53db1e63b7ea484581e489037b4728e0', 'workLevelCode': '8427964542f34e4ca87620e0a3a48d89'}}  

            返回信息: {'returnCode': 200, 'success': True, 'data': None, 'returnMsg': '操作成功!', 'returnData': {}}  

            

2022-05-19 16:30:47,751 template INFO 模板替换成功，替换的模板为D:\zjg\laodaomeidan-master\api_yaml\saveStudentApi.yml

2022-05-19 16:30:47,990 接口测试 INFO 
            请求地址：http://222.247.54.74:8990/dns-ynjnrcpjfwpt-proj-backstage-api/bks/v1/examaff/student/saveStudent  

            请求参数：{'headers': {'authorization_token': 'eyJhbGciOiJIUzI1NiIsInR5cCI6IkpXVCJ9.eyJjdXJyZW50IjoxNjUyOTQ5Mjg2NDIwLCJleHAiOjE2NTI5NTI4ODYsImlhdCI6MTY1Mjk0OTI4NiwidXNlckNvZGUiOiJiYTRkNzgxZTUyM2M0MzczOGI4ZDZiNGU1ZmEwY2QyMCJ9.P3NI3XvF_VyxH4U6m6c4sNJUiQRgUCYSkaUVLR43hA4', 'Proxy-Connection': 'keep-alive', 'Content-Type': 'application/json;charset=UTF-8', 'Accept': 'application/json, text/plain, */*', 'Accept-Language': 'zh-CN,zh;q=0.9', 'User-Agent': 'Mozilla/5.0 (Windows NT 6.1; Win64; x64) AppleWebKit/537.36'}, 'json': {'age': 23, 'birth': '1999-03-07', 'bizCode': '', 'cardNo': 440400194106089640, 'cardType': '237', 'education': '0', 'electronicPhoto': 'https://danengshou.obs.cn-north-1.myhuaweicloud.com/71c24673558d458982589cdcbd95b4b6.jpg', 'examaffPlanCode': '793082053aed49bbbae15b88427a3fd9', 'job': '375a468328aa45f28e2cfbfaa9cfd0e5', 'jobCode': '375a468328aa45f28e2cfbfaa9cfd0e5', 'mobile': 13559471552, 'planCoding': '530100202205190002', 'planType': 0, 'realNamePassed': 0, 'sex': '1', 'studentName': '彭秀芳1652949043', 'studentType': '0', 'trainSchool': '母猪产后的护理与调养专业学校', 'unit': '汉雅', 'workCode': '53db1e63b7ea484581e489037b4728e0', 'workLevelCode': '8427964542f34e4ca87620e0a3a48d89'}}  

            返回信息: {'returnCode': 200, 'success': True, 'data': None, 'returnMsg': '操作成功!', 'returnData': {}}  

            

2022-05-19 16:30:48,091 template INFO 模板替换成功，替换的模板为D:\zjg\laodaomeidan-master\api_yaml\studentAttachApi.yml

2022-05-19 16:30:48,146 接口测试 INFO 
            请求地址：http://222.247.54.74:8990/dns-ynjnrcpjfwpt-proj-backstage-api/bks/v1/examaff/student/uploadAttach  

            请求参数：{'headers': {'authorization_token': 'eyJhbGciOiJIUzI1NiIsInR5cCI6IkpXVCJ9.eyJjdXJyZW50IjoxNjUyOTQ5Mjg2NDIwLCJleHAiOjE2NTI5NTI4ODYsImlhdCI6MTY1Mjk0OTI4NiwidXNlckNvZGUiOiJiYTRkNzgxZTUyM2M0MzczOGI4ZDZiNGU1ZmEwY2QyMCJ9.P3NI3XvF_VyxH4U6m6c4sNJUiQRgUCYSkaUVLR43hA4', 'Proxy-Connection': 'keep-alive', 'Content-Type': 'application/x-www-form-urlencoded', 'Accept': 'application/json, text/plain, */*', 'Accept-Language': 'zh-CN,zh;q=0.9', 'User-Agent': 'Mozilla/5.0 (Windows NT 6.1; Win64; x64) AppleWebKit/537.36'}, 'params': {'attachName': 'F8983F1DD17811C3C6B350B82C90A61A.jpg', 'attachSrc': 'https://danengshou.obs.cn-north-1.myhuaweicloud.com/ed4499281b77450284f90da87659ebee.jpg', 'modelCode': '1', 'planCode': '793082053aed49bbbae15b88427a3fd9'}}  

            返回信息: {'returnCode': 200, 'success': True, 'data': None, 'returnMsg': '操作成功!', 'returnData': {}}  

            

2022-05-19 16:30:48,231 template INFO 模板替换成功，替换的模板为D:\zjg\laodaomeidan-master\api_yaml\saveSiteApi.yml

2022-05-19 16:30:48,287 接口测试 INFO 
            请求地址：http://222.247.54.74:8990/dns-ynjnrcpjfwpt-proj-backstage-api/bks/v1/examaff/site/saveSite  

            请求参数：{'headers': {'authorization_token': 'eyJhbGciOiJIUzI1NiIsInR5cCI6IkpXVCJ9.eyJjdXJyZW50IjoxNjUyOTQ5Mjg2NDIwLCJleHAiOjE2NTI5NTI4ODYsImlhdCI6MTY1Mjk0OTI4NiwidXNlckNvZGUiOiJiYTRkNzgxZTUyM2M0MzczOGI4ZDZiNGU1ZmEwY2QyMCJ9.P3NI3XvF_VyxH4U6m6c4sNJUiQRgUCYSkaUVLR43hA4', 'Proxy-Connection': 'keep-alive', 'Content-Type': 'application/json;charset=UTF-8', 'Accept': 'application/json, text/plain, */*', 'Accept-Language': 'zh-CN,zh;q=0.9', 'User-Agent': 'Mozilla/5.0 (Windows NT 6.1; Win64; x64) AppleWebKit/537.36'}, 'json': {'bizCode': '', 'fillingExamSiteCode': '91a62971ff1641e5b6b1ae1addb9115f', 'planCode': '793082053aed49bbbae15b88427a3fd9', 'planCoding': '530100202205190002', 'planType': 0, 'siteType': '0'}}  

            返回信息: {'returnCode': 200, 'success': True, 'data': {'id': None, 'bizCode': 'e2cb52a49fb840ac8d0119481c02798a', 'planCode': '793082053aed49bbbae15b88427a3fd9', 'planCoding': None, 'planType': None, 'fillingSiteName': None, 'fillingSiteCode': None, 'fillingExamSiteCode': '91a62971ff1641e5b6b1ae1addb9115f', 'sitePosition': None, 'siteLongitude': None, 'siteLatitude': None, 'siteType': 0, 'createBy': 'ba4d781e523c43738b8d6b4e5fa0cd20', 'createTime': '2022-05-19T08:34:47.110+0000', 'lastUpdateTime': '2022-05-19T08:34:47.110+0000', 'lastUpdateBy': 'ba4d781e523c43738b8d6b4e5fa0cd20', 'isDelete': 0, 'topCode': '8b7d7091d36bc4e950a4a1b68bab4178', 'dateInt': 220519, 'cameraList': None, 'cameras': None}, 'returnMsg': '操作成功!', 'returnData': {}}  

            

2022-05-19 16:30:48,319 template INFO 模板替换成功，替换的模板为D:\zjg\laodaomeidan-master\api_yaml\saveSiteApi.yml

2022-05-19 16:30:48,377 接口测试 INFO 
            请求地址：http://222.247.54.74:8990/dns-ynjnrcpjfwpt-proj-backstage-api/bks/v1/examaff/site/saveSite  

            请求参数：{'headers': {'authorization_token': 'eyJhbGciOiJIUzI1NiIsInR5cCI6IkpXVCJ9.eyJjdXJyZW50IjoxNjUyOTQ5Mjg2NDIwLCJleHAiOjE2NTI5NTI4ODYsImlhdCI6MTY1Mjk0OTI4NiwidXNlckNvZGUiOiJiYTRkNzgxZTUyM2M0MzczOGI4ZDZiNGU1ZmEwY2QyMCJ9.P3NI3XvF_VyxH4U6m6c4sNJUiQRgUCYSkaUVLR43hA4', 'Proxy-Connection': 'keep-alive', 'Content-Type': 'application/json;charset=UTF-8', 'Accept': 'application/json, text/plain, */*', 'Accept-Language': 'zh-CN,zh;q=0.9', 'User-Agent': 'Mozilla/5.0 (Windows NT 6.1; Win64; x64) AppleWebKit/537.36'}, 'json': {'bizCode': '', 'fillingExamSiteCode': '91a62971ff1641e5b6b1ae1addb9115f', 'planCode': '793082053aed49bbbae15b88427a3fd9', 'planCoding': '530100202205190002', 'planType': 0, 'siteType': '1'}}  

            返回信息: {'returnCode': 200, 'success': True, 'data': {'id': None, 'bizCode': '061ba650578f408baf16e428e94c19ed', 'planCode': '793082053aed49bbbae15b88427a3fd9', 'planCoding': None, 'planType': None, 'fillingSiteName': None, 'fillingSiteCode': None, 'fillingExamSiteCode': '91a62971ff1641e5b6b1ae1addb9115f', 'sitePosition': None, 'siteLongitude': None, 'siteLatitude': None, 'siteType': 1, 'createBy': 'ba4d781e523c43738b8d6b4e5fa0cd20', 'createTime': '2022-05-19T08:34:47.202+0000', 'lastUpdateTime': '2022-05-19T08:34:47.202+0000', 'lastUpdateBy': 'ba4d781e523c43738b8d6b4e5fa0cd20', 'isDelete': 0, 'topCode': '8b7d7091d36bc4e950a4a1b68bab4178', 'dateInt': 220519, 'cameraList': None, 'cameras': None}, 'returnMsg': '操作成功!', 'returnData': {}}  

            

2022-05-19 16:30:50,466 template INFO 模板替换成功，替换的模板为D:\zjg\laodaomeidan-master\api_yaml\savePlaceApi.yml

2022-05-19 16:30:50,661 接口测试 INFO 
            请求地址：http://222.247.54.74:8990/dns-ynjnrcpjfwpt-proj-backstage-api/bks/v1/examaff/site/savePlace  

            请求参数：{'headers': {'authorization_token': 'eyJhbGciOiJIUzI1NiIsInR5cCI6IkpXVCJ9.eyJjdXJyZW50IjoxNjUyOTQ5Mjg2NDIwLCJleHAiOjE2NTI5NTI4ODYsImlhdCI6MTY1Mjk0OTI4NiwidXNlckNvZGUiOiJiYTRkNzgxZTUyM2M0MzczOGI4ZDZiNGU1ZmEwY2QyMCJ9.P3NI3XvF_VyxH4U6m6c4sNJUiQRgUCYSkaUVLR43hA4', 'Proxy-Connection': 'keep-alive', 'Content-Type': 'application/json;charset=UTF-8', 'Accept': 'application/json, text/plain, */*', 'Accept-Language': 'zh-CN,zh;q=0.9', 'User-Agent': 'Mozilla/5.0 (Windows NT 6.1; Win64; x64) AppleWebKit/537.36'}, 'json': {'area': {'address': '云南省昆明市呈贡区', 'addressComponents': {'city': '昆明市', 'district': '呈贡区', 'province': '云南省', 'street': '', 'streetNumber': ''}, 'business': '', 'point': {'lat': 24.906561, 'lng': 102.825089}, 'surroundingPois': [{'Yi': '房地产', 'address': '云南省昆明市呈贡区彩云中路', 'city': '昆明市', 'phoneNumber': None, 'point': {'lat': 24.906687, 'lng': 102.823444}, 'postcode': None, 'tags': ['房地产'], 'title': '众和东苑', 'type': 0, 'uid': 'e6d9df09eaed329eadb22a03'}]}, 'cameras': [], 'endTime': '2022-05-19 16:30:51', 'examSiteCode': 'e2cb52a49fb840ac8d0119481c02798a', 'jks': ['李本莹'], 'monitors': [{'monitorCode': '23502a671cef47c0889f95399e888428'}], 'orgCode': 'd96b58f212c6418b9f146d65e7add859', 'placeDetailAddress': '考场', 'placeLatitude': 24.906561, 'placeLongitude': 102.825089, 'placeName': '玉兰路麓天路口考场', 'placePosition': '云南省昆明市呈贡区', 'planCode': '793082053aed49bbbae15b88427a3fd9', 'planCoding': 530100202205190002, 'startTime': '2022-05-19 16:30:50', 'stuCount': 0, 'students': [{'studentCode': '23a4778d536f487f9487eb0982d9578b'}], 'suts': 1}}  

            返回信息: {'returnCode': 200, 'success': True, 'data': None, 'returnMsg': '操作成功!', 'returnData': {}}  

            

2022-05-19 16:30:52,699 template INFO 模板替换成功，替换的模板为D:\zjg\laodaomeidan-master\api_yaml\savePlaceApi.yml

2022-05-19 16:30:52,787 接口测试 INFO 
            请求地址：http://222.247.54.74:8990/dns-ynjnrcpjfwpt-proj-backstage-api/bks/v1/examaff/site/savePlace  

            请求参数：{'headers': {'authorization_token': 'eyJhbGciOiJIUzI1NiIsInR5cCI6IkpXVCJ9.eyJjdXJyZW50IjoxNjUyOTQ5Mjg2NDIwLCJleHAiOjE2NTI5NTI4ODYsImlhdCI6MTY1Mjk0OTI4NiwidXNlckNvZGUiOiJiYTRkNzgxZTUyM2M0MzczOGI4ZDZiNGU1ZmEwY2QyMCJ9.P3NI3XvF_VyxH4U6m6c4sNJUiQRgUCYSkaUVLR43hA4', 'Proxy-Connection': 'keep-alive', 'Content-Type': 'application/json;charset=UTF-8', 'Accept': 'application/json, text/plain, */*', 'Accept-Language': 'zh-CN,zh;q=0.9', 'User-Agent': 'Mozilla/5.0 (Windows NT 6.1; Win64; x64) AppleWebKit/537.36'}, 'json': {'area': {'address': '云南省昆明市呈贡区', 'addressComponents': {'city': '昆明市', 'district': '呈贡区', 'province': '云南省', 'street': '', 'streetNumber': ''}, 'business': '', 'point': {'lat': 24.906561, 'lng': 102.825089}, 'surroundingPois': [{'Yi': '房地产', 'address': '云南省昆明市呈贡区彩云中路', 'city': '昆明市', 'phoneNumber': None, 'point': {'lat': 24.906687, 'lng': 102.823444}, 'postcode': None, 'tags': ['房地产'], 'title': '众和东苑', 'type': 0, 'uid': 'e6d9df09eaed329eadb22a03'}]}, 'cameras': [], 'endTime': '2022-05-19 16:30:53', 'examSiteCode': '061ba650578f408baf16e428e94c19ed', 'jks': ['李本莹'], 'monitors': [{'monitorCode': '23502a671cef47c0889f95399e888428'}], 'orgCode': 'd96b58f212c6418b9f146d65e7add859', 'placeDetailAddress': '考场', 'placeLatitude': 24.906561, 'placeLongitude': 102.825089, 'placeName': '玉兰路麓天路口考场', 'placePosition': '云南省昆明市呈贡区', 'planCode': '793082053aed49bbbae15b88427a3fd9', 'planCoding': 530100202205190002, 'startTime': '2022-05-19 16:30:52', 'stuCount': 0, 'students': [{'studentCode': '23a4778d536f487f9487eb0982d9578b'}], 'suts': 1}}  

            返回信息: {'returnCode': 200, 'success': True, 'data': None, 'returnMsg': '操作成功!', 'returnData': {}}  

            

2022-05-19 16:30:52,824 template INFO 模板替换成功，替换的模板为D:\zjg\laodaomeidan-master\api_yaml\saveDistributePersonApi.yml

2022-05-19 16:30:52,877 接口测试 INFO 
            请求地址：http://222.247.54.74:8990/dns-ynjnrcpjfwpt-proj-backstage-api/bks/v1/exaAff/distributePerson  

            请求参数：{'headers': {'authorization_token': 'eyJhbGciOiJIUzI1NiIsInR5cCI6IkpXVCJ9.eyJjdXJyZW50IjoxNjUyOTQ5Mjg2NDIwLCJleHAiOjE2NTI5NTI4ODYsImlhdCI6MTY1Mjk0OTI4NiwidXNlckNvZGUiOiJiYTRkNzgxZTUyM2M0MzczOGI4ZDZiNGU1ZmEwY2QyMCJ9.P3NI3XvF_VyxH4U6m6c4sNJUiQRgUCYSkaUVLR43hA4', 'Proxy-Connection': 'keep-alive', 'Content-Type': 'application/json;charset=UTF-8', 'Accept': 'application/json, text/plain, */*', 'Accept-Language': 'zh-CN,zh;q=0.9', 'User-Agent': 'Mozilla/5.0 (Windows NT 6.1; Win64; x64) AppleWebKit/537.36'}, 'json': {'personCode': ['259ef3e2bda84637abbfe66ba9e93e2d'], 'personType': 0, 'planCode': '793082053aed49bbbae15b88427a3fd9', 'planCoding': 530100202205190002, 'planType': 0}}  

            返回信息: {'returnCode': 200, 'success': True, 'data': None, 'returnMsg': '操作成功!', 'returnData': {}}  

            

2022-05-19 16:30:52,895 template INFO 模板替换成功，替换的模板为D:\zjg\laodaomeidan-master\api_yaml\saveDistributePersonApi.yml

2022-05-19 16:30:52,940 接口测试 INFO 
            请求地址：http://222.247.54.74:8990/dns-ynjnrcpjfwpt-proj-backstage-api/bks/v1/exaAff/distributePerson  

            请求参数：{'headers': {'authorization_token': 'eyJhbGciOiJIUzI1NiIsInR5cCI6IkpXVCJ9.eyJjdXJyZW50IjoxNjUyOTQ5Mjg2NDIwLCJleHAiOjE2NTI5NTI4ODYsImlhdCI6MTY1Mjk0OTI4NiwidXNlckNvZGUiOiJiYTRkNzgxZTUyM2M0MzczOGI4ZDZiNGU1ZmEwY2QyMCJ9.P3NI3XvF_VyxH4U6m6c4sNJUiQRgUCYSkaUVLR43hA4', 'Proxy-Connection': 'keep-alive', 'Content-Type': 'application/json;charset=UTF-8', 'Accept': 'application/json, text/plain, */*', 'Accept-Language': 'zh-CN,zh;q=0.9', 'User-Agent': 'Mozilla/5.0 (Windows NT 6.1; Win64; x64) AppleWebKit/537.36'}, 'json': {'personCode': ['cb5fb763ae574f6ab4c9080d9f74037b'], 'personType': 1, 'planCode': '793082053aed49bbbae15b88427a3fd9', 'planCoding': 530100202205190002, 'planType': 0}}  

            返回信息: {'returnCode': 200, 'success': True, 'data': None, 'returnMsg': '操作成功!', 'returnData': {}}  

            

2022-05-19 16:30:52,964 template INFO 模板替换成功，替换的模板为D:\zjg\laodaomeidan-master\api_yaml\saveDistributePersonApi.yml

2022-05-19 16:30:53,041 接口测试 INFO 
            请求地址：http://222.247.54.74:8990/dns-ynjnrcpjfwpt-proj-backstage-api/bks/v1/exaAff/distributePerson  

            请求参数：{'headers': {'authorization_token': 'eyJhbGciOiJIUzI1NiIsInR5cCI6IkpXVCJ9.eyJjdXJyZW50IjoxNjUyOTQ5Mjg2NDIwLCJleHAiOjE2NTI5NTI4ODYsImlhdCI6MTY1Mjk0OTI4NiwidXNlckNvZGUiOiJiYTRkNzgxZTUyM2M0MzczOGI4ZDZiNGU1ZmEwY2QyMCJ9.P3NI3XvF_VyxH4U6m6c4sNJUiQRgUCYSkaUVLR43hA4', 'Proxy-Connection': 'keep-alive', 'Content-Type': 'application/json;charset=UTF-8', 'Accept': 'application/json, text/plain, */*', 'Accept-Language': 'zh-CN,zh;q=0.9', 'User-Agent': 'Mozilla/5.0 (Windows NT 6.1; Win64; x64) AppleWebKit/537.36'}, 'json': {'personCode': ['e534f11638144821b4b2fe69118f4cb6', '74f47dd9df8d4d519f92aad63807b7f1', 'c1c2c092e33042659e765a5bd2716340'], 'personType': 3, 'planCode': '793082053aed49bbbae15b88427a3fd9', 'planCoding': 530100202205190002, 'planType': 0}}  

            返回信息: {'returnCode': 200, 'success': True, 'data': None, 'returnMsg': '操作成功!', 'returnData': {}}  

            

2022-05-19 16:30:53,056 template INFO 模板替换成功，替换的模板为D:\zjg\laodaomeidan-master\api_yaml\addOffLinePaperApi.yml

2022-05-19 16:30:53,151 接口测试 INFO 
            请求地址：http://222.247.54.74:8990/dns-ynjnrcpjfwpt-proj-backstage-api/bks/v1/exaAff/addOffLinePaper  

            请求参数：{'headers': {'authorization_token': 'eyJhbGciOiJIUzI1NiIsInR5cCI6IkpXVCJ9.eyJjdXJyZW50IjoxNjUyOTQ5Mjg2NDIwLCJleHAiOjE2NTI5NTI4ODYsImlhdCI6MTY1Mjk0OTI4NiwidXNlckNvZGUiOiJiYTRkNzgxZTUyM2M0MzczOGI4ZDZiNGU1ZmEwY2QyMCJ9.P3NI3XvF_VyxH4U6m6c4sNJUiQRgUCYSkaUVLR43hA4', 'Content-Type': 'application/x-www-form-urlencoded', 'User-Agent': 'Mozilla/5.0 (Windows NT 6.1; Win64; x64) AppleWebKit/537.36'}, 'params': {'formationType': 1, 'paperCoding': 1, 'paperSrc': 'https://danengshou.obs.cn-north-1.myhuaweicloud.com/7c27c0323ecc45699307cc5342dd8845.jpg', 'planCode': '793082053aed49bbbae15b88427a3fd9', 'type': '0'}}  

            返回信息: {'returnCode': 200, 'success': True, 'data': None, 'returnMsg': '操作成功!', 'returnData': {}}  

            

2022-05-19 16:30:53,176 template INFO 模板替换成功，替换的模板为D:\zjg\laodaomeidan-master\api_yaml\addOffLinePaperApi.yml

2022-05-19 16:30:53,238 接口测试 INFO 
            请求地址：http://222.247.54.74:8990/dns-ynjnrcpjfwpt-proj-backstage-api/bks/v1/exaAff/addOffLinePaper  

            请求参数：{'headers': {'authorization_token': 'eyJhbGciOiJIUzI1NiIsInR5cCI6IkpXVCJ9.eyJjdXJyZW50IjoxNjUyOTQ5Mjg2NDIwLCJleHAiOjE2NTI5NTI4ODYsImlhdCI6MTY1Mjk0OTI4NiwidXNlckNvZGUiOiJiYTRkNzgxZTUyM2M0MzczOGI4ZDZiNGU1ZmEwY2QyMCJ9.P3NI3XvF_VyxH4U6m6c4sNJUiQRgUCYSkaUVLR43hA4', 'Content-Type': 'application/x-www-form-urlencoded', 'User-Agent': 'Mozilla/5.0 (Windows NT 6.1; Win64; x64) AppleWebKit/537.36'}, 'params': {'formationType': 1, 'paperCoding': 2, 'paperSrc': 'https://danengshou.obs.cn-north-1.myhuaweicloud.com/7c27c0323ecc45699307cc5342dd8845.jpg', 'planCode': '793082053aed49bbbae15b88427a3fd9', 'type': '1'}}  

            返回信息: {'returnCode': 200, 'success': True, 'data': None, 'returnMsg': '操作成功!', 'returnData': {}}  

            

2022-05-19 16:44:09,169 template INFO 模板替换成功，替换的模板为D:\zjg\laodaomeidan-master\api_yaml\login.yml

2022-05-19 16:44:10,526 接口测试 INFO 
            请求地址：http://222.247.54.74:8990/dns-ynjnrcpjfwpt-proj-backstage-api/bks/v1/user/login  

            请求参数：{'headers': {'Proxy-Connection': 'keep-alive', 'Content-Length': '56', 'Content-Type': 'application/x-www-form-urlencoded;charset=UTF-8', 'Accept': 'application/json, text/plain, */*', 'Accept-Language': 'zh-CN,zh;q=0.9', 'User-Agent': 'Mozilla/5.0 (Windows NT 6.1; Win64; x64) AppleWebKit/537.36'}, 'data': {'password': '2/5ao/4bbFA9OK/YIOjjVA==', 'username': 'N/hB1rj3sKt5HLA5ikuapg=='}}  

            返回信息: {'returnCode': 200, 'success': True, 'data': {'authorizationToken': 'eyJhbGciOiJIUzI1NiIsInR5cCI6IkpXVCJ9.eyJjdXJyZW50IjoxNjUyOTUwMDg5MzUxLCJleHAiOjE2NTI5NTM2ODksImlhdCI6MTY1Mjk1MDA4OSwidXNlckNvZGUiOiJiYTRkNzgxZTUyM2M0MzczOGI4ZDZiNGU1ZmEwY2QyMCJ9.viWm8CsWqtvlfOqR1ksEbCUZF-9dyCQpCavjjhXQuH0', 'topCode': '-1'}, 'returnMsg': '操作成功!', 'returnData': {}}  

            

2022-05-19 16:44:10,559 template INFO 模板替换成功，替换的模板为D:\zjg\laodaomeidan-master\api_yaml\saveExaPlanApi.yml

2022-05-19 16:44:10,656 接口测试 INFO 
            请求地址：http://222.247.54.74:8990/dns-ynjnrcpjfwpt-proj-backstage-api/bks/v1/exaPlan/saveExaPlan  

            请求参数：{'headers': {'authorization_token': 'eyJhbGciOiJIUzI1NiIsInR5cCI6IkpXVCJ9.eyJjdXJyZW50IjoxNjUyOTUwMDg5MzUxLCJleHAiOjE2NTI5NTM2ODksImlhdCI6MTY1Mjk1MDA4OSwidXNlckNvZGUiOiJiYTRkNzgxZTUyM2M0MzczOGI4ZDZiNGU1ZmEwY2QyMCJ9.viWm8CsWqtvlfOqR1ksEbCUZF-9dyCQpCavjjhXQuH0', 'Proxy-Connection': 'keep-alive', 'Content-Type': 'application/json;charset=UTF-8', 'Accept': 'application/json, text/plain, */*', 'Accept-Language': 'zh-CN,zh;q=0.9', 'User-Agent': 'Mozilla/5.0 (Windows NT 6.1; Win64; x64) AppleWebKit/537.36'}, 'json': {'advanceSubmit': 1, 'advanceSubmitTime': 30, 'area': ['dd9b2987af4a11e9ac97005056ae9835', 'dd9be929af4a11e9ac97005056ae9835'], 'city': 'dd9be929af4a11e9ac97005056ae9835', 'endTime': '2022-05-29 23:59:59', 'faceReg': 1, 'job': '375a468328aa45f28e2cfbfaa9cfd0e5', 'jobCode': '375a468328aa45f28e2cfbfaa9cfd0e5', 'onlineSwitch': 0, 'planCate': '0', 'planName': '锅巴:腿毛1652949847', 'planStep': 0, 'planType': 0, 'positionSign': 1, 'province': 'dd9b2987af4a11e9ac97005056ae9835', 'regTimes': 1, 'selDate': ['2022-05-13T08:55:58.101Z', '2022-05-29T08:55:58.101Z'], 'socialSignEndTime': '2022-05-29 23:59:59', 'socialSignStartTime': '2022-05-19 00:00:00', 'sociologyDate': ['2022-05-13T08:56:31.901Z', '2022-05-29T08:56:31.901Z'], 'startTime': '2022-05-19 00:00:00', 'sub': [0, 1], 'subjects': '0,1', 'workCode': '53db1e63b7ea484581e489037b4728e0', 'workLevelCode': '8427964542f34e4ca87620e0a3a48d89'}}  

            返回信息: {'returnCode': 200, 'success': True, 'data': None, 'returnMsg': '操作成功!', 'returnData': {}}  

            

2022-05-19 16:44:10,696 template INFO 模板替换成功，替换的模板为D:\zjg\laodaomeidan-master\api_yaml\saveStudentApi.yml

2022-05-19 16:44:10,910 接口测试 INFO 
            请求地址：http://222.247.54.74:8990/dns-ynjnrcpjfwpt-proj-backstage-api/bks/v1/examaff/student/saveStudent  

            请求参数：{'headers': {'authorization_token': 'eyJhbGciOiJIUzI1NiIsInR5cCI6IkpXVCJ9.eyJjdXJyZW50IjoxNjUyOTUwMDg5MzUxLCJleHAiOjE2NTI5NTM2ODksImlhdCI6MTY1Mjk1MDA4OSwidXNlckNvZGUiOiJiYTRkNzgxZTUyM2M0MzczOGI4ZDZiNGU1ZmEwY2QyMCJ9.viWm8CsWqtvlfOqR1ksEbCUZF-9dyCQpCavjjhXQuH0', 'Proxy-Connection': 'keep-alive', 'Content-Type': 'application/json;charset=UTF-8', 'Accept': 'application/json, text/plain, */*', 'Accept-Language': 'zh-CN,zh;q=0.9', 'User-Agent': 'Mozilla/5.0 (Windows NT 6.1; Win64; x64) AppleWebKit/537.36'}, 'json': {'age': 23, 'birth': '1999-03-07', 'bizCode': '', 'cardNo': 360202194512038285, 'cardType': '237', 'education': '0', 'electronicPhoto': 'https://danengshou.obs.cn-north-1.myhuaweicloud.com/71c24673558d458982589cdcbd95b4b6.jpg', 'examaffPlanCode': 'bf600b92fcc847ba836a4b1772b7cafe', 'job': '375a468328aa45f28e2cfbfaa9cfd0e5', 'jobCode': '375a468328aa45f28e2cfbfaa9cfd0e5', 'mobile': 13083027777, 'planCoding': '530100202205190003', 'planType': 0, 'realNamePassed': 0, 'sex': '1', 'studentName': '梁涛1652949847', 'studentType': '0', 'trainSchool': '母猪产后的护理与调养专业学校', 'unit': '汉雅', 'workCode': '53db1e63b7ea484581e489037b4728e0', 'workLevelCode': '8427964542f34e4ca87620e0a3a48d89'}}  

            返回信息: {'returnCode': 200, 'success': True, 'data': None, 'returnMsg': '操作成功!', 'returnData': {}}  

            

2022-05-19 16:44:10,933 template INFO 模板替换成功，替换的模板为D:\zjg\laodaomeidan-master\api_yaml\studentAttachApi.yml

2022-05-19 16:44:10,987 接口测试 INFO 
            请求地址：http://222.247.54.74:8990/dns-ynjnrcpjfwpt-proj-backstage-api/bks/v1/examaff/student/uploadAttach  

            请求参数：{'headers': {'authorization_token': 'eyJhbGciOiJIUzI1NiIsInR5cCI6IkpXVCJ9.eyJjdXJyZW50IjoxNjUyOTUwMDg5MzUxLCJleHAiOjE2NTI5NTM2ODksImlhdCI6MTY1Mjk1MDA4OSwidXNlckNvZGUiOiJiYTRkNzgxZTUyM2M0MzczOGI4ZDZiNGU1ZmEwY2QyMCJ9.viWm8CsWqtvlfOqR1ksEbCUZF-9dyCQpCavjjhXQuH0', 'Proxy-Connection': 'keep-alive', 'Content-Type': 'application/x-www-form-urlencoded', 'Accept': 'application/json, text/plain, */*', 'Accept-Language': 'zh-CN,zh;q=0.9', 'User-Agent': 'Mozilla/5.0 (Windows NT 6.1; Win64; x64) AppleWebKit/537.36'}, 'params': {'attachName': 'F8983F1DD17811C3C6B350B82C90A61A.jpg', 'attachSrc': 'https://danengshou.obs.cn-north-1.myhuaweicloud.com/ed4499281b77450284f90da87659ebee.jpg', 'modelCode': '1', 'planCode': 'bf600b92fcc847ba836a4b1772b7cafe'}}  

            返回信息: {'returnCode': 200, 'success': True, 'data': None, 'returnMsg': '操作成功!', 'returnData': {}}  

            

2022-05-19 16:44:11,016 template INFO 模板替换成功，替换的模板为D:\zjg\laodaomeidan-master\api_yaml\saveSiteApi.yml

2022-05-19 16:44:11,072 接口测试 INFO 
            请求地址：http://222.247.54.74:8990/dns-ynjnrcpjfwpt-proj-backstage-api/bks/v1/examaff/site/saveSite  

            请求参数：{'headers': {'authorization_token': 'eyJhbGciOiJIUzI1NiIsInR5cCI6IkpXVCJ9.eyJjdXJyZW50IjoxNjUyOTUwMDg5MzUxLCJleHAiOjE2NTI5NTM2ODksImlhdCI6MTY1Mjk1MDA4OSwidXNlckNvZGUiOiJiYTRkNzgxZTUyM2M0MzczOGI4ZDZiNGU1ZmEwY2QyMCJ9.viWm8CsWqtvlfOqR1ksEbCUZF-9dyCQpCavjjhXQuH0', 'Proxy-Connection': 'keep-alive', 'Content-Type': 'application/json;charset=UTF-8', 'Accept': 'application/json, text/plain, */*', 'Accept-Language': 'zh-CN,zh;q=0.9', 'User-Agent': 'Mozilla/5.0 (Windows NT 6.1; Win64; x64) AppleWebKit/537.36'}, 'json': {'bizCode': '', 'fillingExamSiteCode': '91a62971ff1641e5b6b1ae1addb9115f', 'planCode': 'bf600b92fcc847ba836a4b1772b7cafe', 'planCoding': '530100202205190003', 'planType': 0, 'siteType': '0'}}  

            返回信息: {'returnCode': 200, 'success': True, 'data': {'id': None, 'bizCode': 'bd39c476c5bf4d8ba73bc057da9eb2a9', 'planCode': 'bf600b92fcc847ba836a4b1772b7cafe', 'planCoding': None, 'planType': None, 'fillingSiteName': None, 'fillingSiteCode': None, 'fillingExamSiteCode': '91a62971ff1641e5b6b1ae1addb9115f', 'sitePosition': None, 'siteLongitude': None, 'siteLatitude': None, 'siteType': 0, 'createBy': 'ba4d781e523c43738b8d6b4e5fa0cd20', 'createTime': '2022-05-19T08:48:09.891+0000', 'lastUpdateTime': '2022-05-19T08:48:09.891+0000', 'lastUpdateBy': 'ba4d781e523c43738b8d6b4e5fa0cd20', 'isDelete': 0, 'topCode': '8b7d7091d36bc4e950a4a1b68bab4178', 'dateInt': 220519, 'cameraList': None, 'cameras': None}, 'returnMsg': '操作成功!', 'returnData': {}}  

            

2022-05-19 16:44:11,091 template INFO 模板替换成功，替换的模板为D:\zjg\laodaomeidan-master\api_yaml\saveSiteApi.yml

2022-05-19 16:44:11,158 接口测试 INFO 
            请求地址：http://222.247.54.74:8990/dns-ynjnrcpjfwpt-proj-backstage-api/bks/v1/examaff/site/saveSite  

            请求参数：{'headers': {'authorization_token': 'eyJhbGciOiJIUzI1NiIsInR5cCI6IkpXVCJ9.eyJjdXJyZW50IjoxNjUyOTUwMDg5MzUxLCJleHAiOjE2NTI5NTM2ODksImlhdCI6MTY1Mjk1MDA4OSwidXNlckNvZGUiOiJiYTRkNzgxZTUyM2M0MzczOGI4ZDZiNGU1ZmEwY2QyMCJ9.viWm8CsWqtvlfOqR1ksEbCUZF-9dyCQpCavjjhXQuH0', 'Proxy-Connection': 'keep-alive', 'Content-Type': 'application/json;charset=UTF-8', 'Accept': 'application/json, text/plain, */*', 'Accept-Language': 'zh-CN,zh;q=0.9', 'User-Agent': 'Mozilla/5.0 (Windows NT 6.1; Win64; x64) AppleWebKit/537.36'}, 'json': {'bizCode': '', 'fillingExamSiteCode': '91a62971ff1641e5b6b1ae1addb9115f', 'planCode': 'bf600b92fcc847ba836a4b1772b7cafe', 'planCoding': '530100202205190003', 'planType': 0, 'siteType': '1'}}  

            返回信息: {'returnCode': 200, 'success': True, 'data': {'id': None, 'bizCode': '141cf5b043e34deda9df02f0f13b8ad9', 'planCode': 'bf600b92fcc847ba836a4b1772b7cafe', 'planCoding': None, 'planType': None, 'fillingSiteName': None, 'fillingSiteCode': None, 'fillingExamSiteCode': '91a62971ff1641e5b6b1ae1addb9115f', 'sitePosition': None, 'siteLongitude': None, 'siteLatitude': None, 'siteType': 1, 'createBy': 'ba4d781e523c43738b8d6b4e5fa0cd20', 'createTime': '2022-05-19T08:48:09.987+0000', 'lastUpdateTime': '2022-05-19T08:48:09.987+0000', 'lastUpdateBy': 'ba4d781e523c43738b8d6b4e5fa0cd20', 'isDelete': 0, 'topCode': '8b7d7091d36bc4e950a4a1b68bab4178', 'dateInt': 220519, 'cameraList': None, 'cameras': None}, 'returnMsg': '操作成功!', 'returnData': {}}  

            

2022-05-19 16:44:13,197 template INFO 模板替换成功，替换的模板为D:\zjg\laodaomeidan-master\api_yaml\savePlaceApi.yml

2022-05-19 16:44:13,309 接口测试 INFO 
            请求地址：http://222.247.54.74:8990/dns-ynjnrcpjfwpt-proj-backstage-api/bks/v1/examaff/site/savePlace  

            请求参数：{'headers': {'authorization_token': 'eyJhbGciOiJIUzI1NiIsInR5cCI6IkpXVCJ9.eyJjdXJyZW50IjoxNjUyOTUwMDg5MzUxLCJleHAiOjE2NTI5NTM2ODksImlhdCI6MTY1Mjk1MDA4OSwidXNlckNvZGUiOiJiYTRkNzgxZTUyM2M0MzczOGI4ZDZiNGU1ZmEwY2QyMCJ9.viWm8CsWqtvlfOqR1ksEbCUZF-9dyCQpCavjjhXQuH0', 'Proxy-Connection': 'keep-alive', 'Content-Type': 'application/json;charset=UTF-8', 'Accept': 'application/json, text/plain, */*', 'Accept-Language': 'zh-CN,zh;q=0.9', 'User-Agent': 'Mozilla/5.0 (Windows NT 6.1; Win64; x64) AppleWebKit/537.36'}, 'json': {'area': {'address': '云南省昆明市呈贡区', 'addressComponents': {'city': '昆明市', 'district': '呈贡区', 'province': '云南省', 'street': '', 'streetNumber': ''}, 'business': '', 'point': {'lat': 24.906561, 'lng': 102.825089}, 'surroundingPois': [{'Yi': '房地产', 'address': '云南省昆明市呈贡区彩云中路', 'city': '昆明市', 'phoneNumber': None, 'point': {'lat': 24.906687, 'lng': 102.823444}, 'postcode': None, 'tags': ['房地产'], 'title': '众和东苑', 'type': 0, 'uid': 'e6d9df09eaed329eadb22a03'}]}, 'cameras': [], 'endTime': '2022-05-19 16:44:14', 'examSiteCode': 'bd39c476c5bf4d8ba73bc057da9eb2a9', 'jks': ['李本莹'], 'monitors': [{'monitorCode': '23502a671cef47c0889f95399e888428'}], 'orgCode': 'd96b58f212c6418b9f146d65e7add859', 'placeDetailAddress': '考场', 'placeLatitude': 24.906561, 'placeLongitude': 102.825089, 'placeName': '玉兰路麓天路口考场', 'placePosition': '云南省昆明市呈贡区', 'planCode': 'bf600b92fcc847ba836a4b1772b7cafe', 'planCoding': 530100202205190003, 'startTime': '2022-05-19 16:44:13', 'stuCount': 0, 'students': [{'studentCode': '69c1e266467f43c18ee4ceb635816804'}], 'suts': 1}}  

            返回信息: {'returnCode': 200, 'success': True, 'data': None, 'returnMsg': '操作成功!', 'returnData': {}}  

            

2022-05-19 16:44:15,337 template INFO 模板替换成功，替换的模板为D:\zjg\laodaomeidan-master\api_yaml\savePlaceApi.yml

2022-05-19 16:44:15,435 接口测试 INFO 
            请求地址：http://222.247.54.74:8990/dns-ynjnrcpjfwpt-proj-backstage-api/bks/v1/examaff/site/savePlace  

            请求参数：{'headers': {'authorization_token': 'eyJhbGciOiJIUzI1NiIsInR5cCI6IkpXVCJ9.eyJjdXJyZW50IjoxNjUyOTUwMDg5MzUxLCJleHAiOjE2NTI5NTM2ODksImlhdCI6MTY1Mjk1MDA4OSwidXNlckNvZGUiOiJiYTRkNzgxZTUyM2M0MzczOGI4ZDZiNGU1ZmEwY2QyMCJ9.viWm8CsWqtvlfOqR1ksEbCUZF-9dyCQpCavjjhXQuH0', 'Proxy-Connection': 'keep-alive', 'Content-Type': 'application/json;charset=UTF-8', 'Accept': 'application/json, text/plain, */*', 'Accept-Language': 'zh-CN,zh;q=0.9', 'User-Agent': 'Mozilla/5.0 (Windows NT 6.1; Win64; x64) AppleWebKit/537.36'}, 'json': {'area': {'address': '云南省昆明市呈贡区', 'addressComponents': {'city': '昆明市', 'district': '呈贡区', 'province': '云南省', 'street': '', 'streetNumber': ''}, 'business': '', 'point': {'lat': 24.906561, 'lng': 102.825089}, 'surroundingPois': [{'Yi': '房地产', 'address': '云南省昆明市呈贡区彩云中路', 'city': '昆明市', 'phoneNumber': None, 'point': {'lat': 24.906687, 'lng': 102.823444}, 'postcode': None, 'tags': ['房地产'], 'title': '众和东苑', 'type': 0, 'uid': 'e6d9df09eaed329eadb22a03'}]}, 'cameras': [], 'endTime': '2022-05-19 16:44:16', 'examSiteCode': '141cf5b043e34deda9df02f0f13b8ad9', 'jks': ['李本莹'], 'monitors': [{'monitorCode': '23502a671cef47c0889f95399e888428'}], 'orgCode': 'd96b58f212c6418b9f146d65e7add859', 'placeDetailAddress': '考场', 'placeLatitude': 24.906561, 'placeLongitude': 102.825089, 'placeName': '玉兰路麓天路口考场', 'placePosition': '云南省昆明市呈贡区', 'planCode': 'bf600b92fcc847ba836a4b1772b7cafe', 'planCoding': 530100202205190003, 'startTime': '2022-05-19 16:44:15', 'stuCount': 0, 'students': [{'studentCode': '69c1e266467f43c18ee4ceb635816804'}], 'suts': 1}}  

            返回信息: {'returnCode': 200, 'success': True, 'data': None, 'returnMsg': '操作成功!', 'returnData': {}}  

            

2022-05-19 16:44:15,464 template INFO 模板替换成功，替换的模板为D:\zjg\laodaomeidan-master\api_yaml\saveDistributePersonApi.yml

2022-05-19 16:44:15,518 接口测试 INFO 
            请求地址：http://222.247.54.74:8990/dns-ynjnrcpjfwpt-proj-backstage-api/bks/v1/exaAff/distributePerson  

            请求参数：{'headers': {'authorization_token': 'eyJhbGciOiJIUzI1NiIsInR5cCI6IkpXVCJ9.eyJjdXJyZW50IjoxNjUyOTUwMDg5MzUxLCJleHAiOjE2NTI5NTM2ODksImlhdCI6MTY1Mjk1MDA4OSwidXNlckNvZGUiOiJiYTRkNzgxZTUyM2M0MzczOGI4ZDZiNGU1ZmEwY2QyMCJ9.viWm8CsWqtvlfOqR1ksEbCUZF-9dyCQpCavjjhXQuH0', 'Proxy-Connection': 'keep-alive', 'Content-Type': 'application/json;charset=UTF-8', 'Accept': 'application/json, text/plain, */*', 'Accept-Language': 'zh-CN,zh;q=0.9', 'User-Agent': 'Mozilla/5.0 (Windows NT 6.1; Win64; x64) AppleWebKit/537.36'}, 'json': {'personCode': ['259ef3e2bda84637abbfe66ba9e93e2d'], 'personType': 0, 'planCode': 'bf600b92fcc847ba836a4b1772b7cafe', 'planCoding': 530100202205190003, 'planType': 0}}  

            返回信息: {'returnCode': 200, 'success': True, 'data': None, 'returnMsg': '操作成功!', 'returnData': {}}  

            

2022-05-19 16:44:15,547 template INFO 模板替换成功，替换的模板为D:\zjg\laodaomeidan-master\api_yaml\saveDistributePersonApi.yml

2022-05-19 16:44:15,603 接口测试 INFO 
            请求地址：http://222.247.54.74:8990/dns-ynjnrcpjfwpt-proj-backstage-api/bks/v1/exaAff/distributePerson  

            请求参数：{'headers': {'authorization_token': 'eyJhbGciOiJIUzI1NiIsInR5cCI6IkpXVCJ9.eyJjdXJyZW50IjoxNjUyOTUwMDg5MzUxLCJleHAiOjE2NTI5NTM2ODksImlhdCI6MTY1Mjk1MDA4OSwidXNlckNvZGUiOiJiYTRkNzgxZTUyM2M0MzczOGI4ZDZiNGU1ZmEwY2QyMCJ9.viWm8CsWqtvlfOqR1ksEbCUZF-9dyCQpCavjjhXQuH0', 'Proxy-Connection': 'keep-alive', 'Content-Type': 'application/json;charset=UTF-8', 'Accept': 'application/json, text/plain, */*', 'Accept-Language': 'zh-CN,zh;q=0.9', 'User-Agent': 'Mozilla/5.0 (Windows NT 6.1; Win64; x64) AppleWebKit/537.36'}, 'json': {'personCode': ['cb5fb763ae574f6ab4c9080d9f74037b'], 'personType': 1, 'planCode': 'bf600b92fcc847ba836a4b1772b7cafe', 'planCoding': 530100202205190003, 'planType': 0}}  

            返回信息: {'returnCode': 200, 'success': True, 'data': None, 'returnMsg': '操作成功!', 'returnData': {}}  

            

2022-05-19 16:44:15,628 template INFO 模板替换成功，替换的模板为D:\zjg\laodaomeidan-master\api_yaml\saveDistributePersonApi.yml

2022-05-19 16:44:15,700 接口测试 INFO 
            请求地址：http://222.247.54.74:8990/dns-ynjnrcpjfwpt-proj-backstage-api/bks/v1/exaAff/distributePerson  

            请求参数：{'headers': {'authorization_token': 'eyJhbGciOiJIUzI1NiIsInR5cCI6IkpXVCJ9.eyJjdXJyZW50IjoxNjUyOTUwMDg5MzUxLCJleHAiOjE2NTI5NTM2ODksImlhdCI6MTY1Mjk1MDA4OSwidXNlckNvZGUiOiJiYTRkNzgxZTUyM2M0MzczOGI4ZDZiNGU1ZmEwY2QyMCJ9.viWm8CsWqtvlfOqR1ksEbCUZF-9dyCQpCavjjhXQuH0', 'Proxy-Connection': 'keep-alive', 'Content-Type': 'application/json;charset=UTF-8', 'Accept': 'application/json, text/plain, */*', 'Accept-Language': 'zh-CN,zh;q=0.9', 'User-Agent': 'Mozilla/5.0 (Windows NT 6.1; Win64; x64) AppleWebKit/537.36'}, 'json': {'personCode': ['e534f11638144821b4b2fe69118f4cb6', '74f47dd9df8d4d519f92aad63807b7f1', 'c1c2c092e33042659e765a5bd2716340'], 'personType': 3, 'planCode': 'bf600b92fcc847ba836a4b1772b7cafe', 'planCoding': 530100202205190003, 'planType': 0}}  

            返回信息: {'returnCode': 200, 'success': True, 'data': None, 'returnMsg': '操作成功!', 'returnData': {}}  

            

2022-05-19 16:44:15,718 template INFO 模板替换成功，替换的模板为D:\zjg\laodaomeidan-master\api_yaml\addOffLinePaperApi.yml

2022-05-19 16:44:15,786 接口测试 INFO 
            请求地址：http://222.247.54.74:8990/dns-ynjnrcpjfwpt-proj-backstage-api/bks/v1/exaAff/addOffLinePaper  

            请求参数：{'headers': {'authorization_token': 'eyJhbGciOiJIUzI1NiIsInR5cCI6IkpXVCJ9.eyJjdXJyZW50IjoxNjUyOTUwMDg5MzUxLCJleHAiOjE2NTI5NTM2ODksImlhdCI6MTY1Mjk1MDA4OSwidXNlckNvZGUiOiJiYTRkNzgxZTUyM2M0MzczOGI4ZDZiNGU1ZmEwY2QyMCJ9.viWm8CsWqtvlfOqR1ksEbCUZF-9dyCQpCavjjhXQuH0', 'Content-Type': 'application/x-www-form-urlencoded', 'User-Agent': 'Mozilla/5.0 (Windows NT 6.1; Win64; x64) AppleWebKit/537.36'}, 'params': {'formationType': 1, 'paperCoding': 1, 'paperSrc': 'https://danengshou.obs.cn-north-1.myhuaweicloud.com/7c27c0323ecc45699307cc5342dd8845.jpg', 'planCode': 'bf600b92fcc847ba836a4b1772b7cafe', 'type': '0'}}  

            返回信息: {'returnCode': 200, 'success': True, 'data': None, 'returnMsg': '操作成功!', 'returnData': {}}  

            

2022-05-19 16:44:15,808 template INFO 模板替换成功，替换的模板为D:\zjg\laodaomeidan-master\api_yaml\addOffLinePaperApi.yml

2022-05-19 16:44:15,879 接口测试 INFO 
            请求地址：http://222.247.54.74:8990/dns-ynjnrcpjfwpt-proj-backstage-api/bks/v1/exaAff/addOffLinePaper  

            请求参数：{'headers': {'authorization_token': 'eyJhbGciOiJIUzI1NiIsInR5cCI6IkpXVCJ9.eyJjdXJyZW50IjoxNjUyOTUwMDg5MzUxLCJleHAiOjE2NTI5NTM2ODksImlhdCI6MTY1Mjk1MDA4OSwidXNlckNvZGUiOiJiYTRkNzgxZTUyM2M0MzczOGI4ZDZiNGU1ZmEwY2QyMCJ9.viWm8CsWqtvlfOqR1ksEbCUZF-9dyCQpCavjjhXQuH0', 'Content-Type': 'application/x-www-form-urlencoded', 'User-Agent': 'Mozilla/5.0 (Windows NT 6.1; Win64; x64) AppleWebKit/537.36'}, 'params': {'formationType': 1, 'paperCoding': 2, 'paperSrc': 'https://danengshou.obs.cn-north-1.myhuaweicloud.com/7c27c0323ecc45699307cc5342dd8845.jpg', 'planCode': 'bf600b92fcc847ba836a4b1772b7cafe', 'type': '1'}}  

            返回信息: {'returnCode': 200, 'success': True, 'data': None, 'returnMsg': '操作成功!', 'returnData': {}}  

            

2022-05-19 18:58:58,092 template INFO 模板替换成功，替换的模板为D:\zjg\laodaomeidan-master\api_yaml\login.yml

2022-05-19 18:58:58,697 接口测试 INFO 
            请求地址：http://222.247.54.74:8990/dns-ynjnrcpjfwpt-proj-backstage-api/bks/v1/user/login  

            请求参数：{'headers': {'Proxy-Connection': 'keep-alive', 'Content-Length': '56', 'Content-Type': 'application/x-www-form-urlencoded;charset=UTF-8', 'Accept': 'application/json, text/plain, */*', 'Accept-Language': 'zh-CN,zh;q=0.9', 'User-Agent': 'Mozilla/5.0 (Windows NT 6.1; Win64; x64) AppleWebKit/537.36'}, 'data': {'password': '2/5ao/4bbFA9OK/YIOjjVA==', 'username': 'N/hB1rj3sKt5HLA5ikuapg=='}}  

            返回信息: {'returnCode': 200, 'success': True, 'data': {'authorizationToken': 'eyJhbGciOiJIUzI1NiIsInR5cCI6IkpXVCJ9.eyJjdXJyZW50IjoxNjUyOTU4MTc3NDQxLCJleHAiOjE2NTI5NjE3NzcsImlhdCI6MTY1Mjk1ODE3NywidXNlckNvZGUiOiJiYTRkNzgxZTUyM2M0MzczOGI4ZDZiNGU1ZmEwY2QyMCJ9.2ZSpS1X95m508FGIkJSO-Ba5H5VX_WRwEcfPHfqe8bc', 'topCode': '-1'}, 'returnMsg': '操作成功!', 'returnData': {}}  

            

2022-05-19 18:58:58,750 template INFO 模板替换成功，替换的模板为D:\zjg\laodaomeidan-master\api_yaml\saveExaPlanApi.yml

2022-05-19 18:58:58,817 接口测试 INFO 
            请求地址：http://222.247.54.74:8990/dns-ynjnrcpjfwpt-proj-backstage-api/bks/v1/exaPlan/saveExaPlan  

            请求参数：{'headers': {'authorization_token': 'eyJhbGciOiJIUzI1NiIsInR5cCI6IkpXVCJ9.eyJjdXJyZW50IjoxNjUyOTU4MTc3NDQxLCJleHAiOjE2NTI5NjE3NzcsImlhdCI6MTY1Mjk1ODE3NywidXNlckNvZGUiOiJiYTRkNzgxZTUyM2M0MzczOGI4ZDZiNGU1ZmEwY2QyMCJ9.2ZSpS1X95m508FGIkJSO-Ba5H5VX_WRwEcfPHfqe8bc', 'Proxy-Connection': 'keep-alive', 'Content-Type': 'application/json;charset=UTF-8', 'Accept': 'application/json, text/plain, */*', 'Accept-Language': 'zh-CN,zh;q=0.9', 'User-Agent': 'Mozilla/5.0 (Windows NT 6.1; Win64; x64) AppleWebKit/537.36'}, 'json': {'advanceSubmit': 1, 'advanceSubmitTime': 30, 'area': ['dd9b2987af4a11e9ac97005056ae9835', 'dd9be929af4a11e9ac97005056ae9835'], 'city': 'dd9be929af4a11e9ac97005056ae9835', 'endTime': '2022-05-29 23:59:59', 'faceReg': 1, 'job': '375a468328aa45f28e2cfbfaa9cfd0e5', 'jobCode': '375a468328aa45f28e2cfbfaa9cfd0e5', 'onlineSwitch': 0, 'planCate': '0', 'planName': '锅巴:大力1652957935', 'planStep': 0, 'planType': 0, 'positionSign': 1, 'province': 'dd9b2987af4a11e9ac97005056ae9835', 'regTimes': 1, 'selDate': ['2022-05-13T08:55:58.101Z', '2022-05-29T08:55:58.101Z'], 'socialSignEndTime': '2022-05-29 23:59:59', 'socialSignStartTime': '2022-05-19 00:00:00', 'sociologyDate': ['2022-05-13T08:56:31.901Z', '2022-05-29T08:56:31.901Z'], 'startTime': '2022-05-19 00:00:00', 'sub': [0, 1], 'subjects': '0,1', 'workCode': '53db1e63b7ea484581e489037b4728e0', 'workLevelCode': '8427964542f34e4ca87620e0a3a48d89'}}  

            返回信息: {'returnCode': 200, 'success': True, 'data': None, 'returnMsg': '操作成功!', 'returnData': {}}  

            

2022-05-19 18:58:58,852 template INFO 模板替换成功，替换的模板为D:\zjg\laodaomeidan-master\api_yaml\saveStudentApi.yml

2022-05-19 18:58:59,047 接口测试 INFO 
            请求地址：http://222.247.54.74:8990/dns-ynjnrcpjfwpt-proj-backstage-api/bks/v1/examaff/student/saveStudent  

            请求参数：{'headers': {'authorization_token': 'eyJhbGciOiJIUzI1NiIsInR5cCI6IkpXVCJ9.eyJjdXJyZW50IjoxNjUyOTU4MTc3NDQxLCJleHAiOjE2NTI5NjE3NzcsImlhdCI6MTY1Mjk1ODE3NywidXNlckNvZGUiOiJiYTRkNzgxZTUyM2M0MzczOGI4ZDZiNGU1ZmEwY2QyMCJ9.2ZSpS1X95m508FGIkJSO-Ba5H5VX_WRwEcfPHfqe8bc', 'Proxy-Connection': 'keep-alive', 'Content-Type': 'application/json;charset=UTF-8', 'Accept': 'application/json, text/plain, */*', 'Accept-Language': 'zh-CN,zh;q=0.9', 'User-Agent': 'Mozilla/5.0 (Windows NT 6.1; Win64; x64) AppleWebKit/537.36'}, 'json': {'age': 23, 'birth': '1999-03-07', 'bizCode': '', 'cardNo': 130901197504278046, 'cardType': '237', 'education': '0', 'electronicPhoto': 'https://danengshou.obs.cn-north-1.myhuaweicloud.com/71c24673558d458982589cdcbd95b4b6.jpg', 'examaffPlanCode': 'c562fc6399a24ea19f0bfe280204d090', 'job': '375a468328aa45f28e2cfbfaa9cfd0e5', 'jobCode': '375a468328aa45f28e2cfbfaa9cfd0e5', 'mobile': 15374629144, 'planCoding': '530100202205190004', 'planType': 0, 'realNamePassed': 0, 'sex': '1', 'studentName': '李志强1652957935', 'studentType': '0', 'trainSchool': '母猪产后的护理与调养专业学校', 'unit': '汉雅', 'workCode': '53db1e63b7ea484581e489037b4728e0', 'workLevelCode': '8427964542f34e4ca87620e0a3a48d89'}}  

            返回信息: {'returnCode': 200, 'success': True, 'data': None, 'returnMsg': '操作成功!', 'returnData': {}}  

            

2022-05-19 18:58:59,083 template INFO 模板替换成功，替换的模板为D:\zjg\laodaomeidan-master\api_yaml\studentAttachApi.yml

2022-05-19 18:58:59,126 接口测试 INFO 
            请求地址：http://222.247.54.74:8990/dns-ynjnrcpjfwpt-proj-backstage-api/bks/v1/examaff/student/uploadAttach  

            请求参数：{'headers': {'authorization_token': 'eyJhbGciOiJIUzI1NiIsInR5cCI6IkpXVCJ9.eyJjdXJyZW50IjoxNjUyOTU4MTc3NDQxLCJleHAiOjE2NTI5NjE3NzcsImlhdCI6MTY1Mjk1ODE3NywidXNlckNvZGUiOiJiYTRkNzgxZTUyM2M0MzczOGI4ZDZiNGU1ZmEwY2QyMCJ9.2ZSpS1X95m508FGIkJSO-Ba5H5VX_WRwEcfPHfqe8bc', 'Proxy-Connection': 'keep-alive', 'Content-Type': 'application/x-www-form-urlencoded', 'Accept': 'application/json, text/plain, */*', 'Accept-Language': 'zh-CN,zh;q=0.9', 'User-Agent': 'Mozilla/5.0 (Windows NT 6.1; Win64; x64) AppleWebKit/537.36'}, 'params': {'attachName': 'F8983F1DD17811C3C6B350B82C90A61A.jpg', 'attachSrc': 'https://danengshou.obs.cn-north-1.myhuaweicloud.com/ed4499281b77450284f90da87659ebee.jpg', 'modelCode': '1', 'planCode': 'c562fc6399a24ea19f0bfe280204d090'}}  

            返回信息: {'returnCode': 200, 'success': True, 'data': None, 'returnMsg': '操作成功!', 'returnData': {}}  

            

2022-05-19 18:58:59,180 template INFO 模板替换成功，替换的模板为D:\zjg\laodaomeidan-master\api_yaml\saveSiteApi.yml

2022-05-19 18:58:59,227 接口测试 INFO 
            请求地址：http://222.247.54.74:8990/dns-ynjnrcpjfwpt-proj-backstage-api/bks/v1/examaff/site/saveSite  

            请求参数：{'headers': {'authorization_token': 'eyJhbGciOiJIUzI1NiIsInR5cCI6IkpXVCJ9.eyJjdXJyZW50IjoxNjUyOTU4MTc3NDQxLCJleHAiOjE2NTI5NjE3NzcsImlhdCI6MTY1Mjk1ODE3NywidXNlckNvZGUiOiJiYTRkNzgxZTUyM2M0MzczOGI4ZDZiNGU1ZmEwY2QyMCJ9.2ZSpS1X95m508FGIkJSO-Ba5H5VX_WRwEcfPHfqe8bc', 'Proxy-Connection': 'keep-alive', 'Content-Type': 'application/json;charset=UTF-8', 'Accept': 'application/json, text/plain, */*', 'Accept-Language': 'zh-CN,zh;q=0.9', 'User-Agent': 'Mozilla/5.0 (Windows NT 6.1; Win64; x64) AppleWebKit/537.36'}, 'json': {'bizCode': '', 'fillingExamSiteCode': '91a62971ff1641e5b6b1ae1addb9115f', 'planCode': 'c562fc6399a24ea19f0bfe280204d090', 'planCoding': '530100202205190004', 'planType': 0, 'siteType': '0'}}  

            返回信息: {'returnCode': 200, 'success': True, 'data': {'id': None, 'bizCode': '6e75022dd8904c52af10a6806394920e', 'planCode': 'c562fc6399a24ea19f0bfe280204d090', 'planCoding': None, 'planType': None, 'fillingSiteName': None, 'fillingSiteCode': None, 'fillingExamSiteCode': '91a62971ff1641e5b6b1ae1addb9115f', 'sitePosition': None, 'siteLongitude': None, 'siteLatitude': None, 'siteType': 0, 'createBy': 'ba4d781e523c43738b8d6b4e5fa0cd20', 'createTime': '2022-05-19T11:02:57.968+0000', 'lastUpdateTime': '2022-05-19T11:02:57.968+0000', 'lastUpdateBy': 'ba4d781e523c43738b8d6b4e5fa0cd20', 'isDelete': 0, 'topCode': '8b7d7091d36bc4e950a4a1b68bab4178', 'dateInt': 220519, 'cameraList': None, 'cameras': None}, 'returnMsg': '操作成功!', 'returnData': {}}  

            

2022-05-19 18:58:59,242 template INFO 模板替换成功，替换的模板为D:\zjg\laodaomeidan-master\api_yaml\saveSiteApi.yml

2022-05-19 18:58:59,286 接口测试 INFO 
            请求地址：http://222.247.54.74:8990/dns-ynjnrcpjfwpt-proj-backstage-api/bks/v1/examaff/site/saveSite  

            请求参数：{'headers': {'authorization_token': 'eyJhbGciOiJIUzI1NiIsInR5cCI6IkpXVCJ9.eyJjdXJyZW50IjoxNjUyOTU4MTc3NDQxLCJleHAiOjE2NTI5NjE3NzcsImlhdCI6MTY1Mjk1ODE3NywidXNlckNvZGUiOiJiYTRkNzgxZTUyM2M0MzczOGI4ZDZiNGU1ZmEwY2QyMCJ9.2ZSpS1X95m508FGIkJSO-Ba5H5VX_WRwEcfPHfqe8bc', 'Proxy-Connection': 'keep-alive', 'Content-Type': 'application/json;charset=UTF-8', 'Accept': 'application/json, text/plain, */*', 'Accept-Language': 'zh-CN,zh;q=0.9', 'User-Agent': 'Mozilla/5.0 (Windows NT 6.1; Win64; x64) AppleWebKit/537.36'}, 'json': {'bizCode': '', 'fillingExamSiteCode': '91a62971ff1641e5b6b1ae1addb9115f', 'planCode': 'c562fc6399a24ea19f0bfe280204d090', 'planCoding': '530100202205190004', 'planType': 0, 'siteType': '1'}}  

            返回信息: {'returnCode': 200, 'success': True, 'data': {'id': None, 'bizCode': '8cfc48afadf34a10b3cce608f2439156', 'planCode': 'c562fc6399a24ea19f0bfe280204d090', 'planCoding': None, 'planType': None, 'fillingSiteName': None, 'fillingSiteCode': None, 'fillingExamSiteCode': '91a62971ff1641e5b6b1ae1addb9115f', 'sitePosition': None, 'siteLongitude': None, 'siteLatitude': None, 'siteType': 1, 'createBy': 'ba4d781e523c43738b8d6b4e5fa0cd20', 'createTime': '2022-05-19T11:02:58.025+0000', 'lastUpdateTime': '2022-05-19T11:02:58.025+0000', 'lastUpdateBy': 'ba4d781e523c43738b8d6b4e5fa0cd20', 'isDelete': 0, 'topCode': '8b7d7091d36bc4e950a4a1b68bab4178', 'dateInt': 220519, 'cameraList': None, 'cameras': None}, 'returnMsg': '操作成功!', 'returnData': {}}  

            

2022-05-19 18:59:01,332 template INFO 模板替换成功，替换的模板为D:\zjg\laodaomeidan-master\api_yaml\savePlaceApi.yml

2022-05-19 18:59:01,415 接口测试 INFO 
            请求地址：http://222.247.54.74:8990/dns-ynjnrcpjfwpt-proj-backstage-api/bks/v1/examaff/site/savePlace  

            请求参数：{'headers': {'authorization_token': 'eyJhbGciOiJIUzI1NiIsInR5cCI6IkpXVCJ9.eyJjdXJyZW50IjoxNjUyOTU4MTc3NDQxLCJleHAiOjE2NTI5NjE3NzcsImlhdCI6MTY1Mjk1ODE3NywidXNlckNvZGUiOiJiYTRkNzgxZTUyM2M0MzczOGI4ZDZiNGU1ZmEwY2QyMCJ9.2ZSpS1X95m508FGIkJSO-Ba5H5VX_WRwEcfPHfqe8bc', 'Proxy-Connection': 'keep-alive', 'Content-Type': 'application/json;charset=UTF-8', 'Accept': 'application/json, text/plain, */*', 'Accept-Language': 'zh-CN,zh;q=0.9', 'User-Agent': 'Mozilla/5.0 (Windows NT 6.1; Win64; x64) AppleWebKit/537.36'}, 'json': {'area': {'address': '云南省昆明市呈贡区', 'addressComponents': {'city': '昆明市', 'district': '呈贡区', 'province': '云南省', 'street': '', 'streetNumber': ''}, 'business': '', 'point': {'lat': 24.906561, 'lng': 102.825089}, 'surroundingPois': [{'Yi': '房地产', 'address': '云南省昆明市呈贡区彩云中路', 'city': '昆明市', 'phoneNumber': None, 'point': {'lat': 24.906687, 'lng': 102.823444}, 'postcode': None, 'tags': ['房地产'], 'title': '众和东苑', 'type': 0, 'uid': 'e6d9df09eaed329eadb22a03'}]}, 'cameras': [], 'endTime': '2022-05-19 18:59:02', 'examSiteCode': '6e75022dd8904c52af10a6806394920e', 'jks': ['李本莹'], 'monitors': [{'monitorCode': '23502a671cef47c0889f95399e888428'}], 'orgCode': 'd96b58f212c6418b9f146d65e7add859', 'placeDetailAddress': '考场', 'placeLatitude': 24.906561, 'placeLongitude': 102.825089, 'placeName': '玉兰路麓天路口考场', 'placePosition': '云南省昆明市呈贡区', 'planCode': 'c562fc6399a24ea19f0bfe280204d090', 'planCoding': 530100202205190004, 'startTime': '2022-05-19 18:59:01', 'stuCount': 0, 'students': [{'studentCode': '47c76ef49c4e470780193cdc4a82a619'}], 'suts': 1}}  

            返回信息: {'returnCode': 200, 'success': True, 'data': None, 'returnMsg': '操作成功!', 'returnData': {}}  

            

2022-05-19 18:59:03,456 template INFO 模板替换成功，替换的模板为D:\zjg\laodaomeidan-master\api_yaml\savePlaceApi.yml

2022-05-19 18:59:03,532 接口测试 INFO 
            请求地址：http://222.247.54.74:8990/dns-ynjnrcpjfwpt-proj-backstage-api/bks/v1/examaff/site/savePlace  

            请求参数：{'headers': {'authorization_token': 'eyJhbGciOiJIUzI1NiIsInR5cCI6IkpXVCJ9.eyJjdXJyZW50IjoxNjUyOTU4MTc3NDQxLCJleHAiOjE2NTI5NjE3NzcsImlhdCI6MTY1Mjk1ODE3NywidXNlckNvZGUiOiJiYTRkNzgxZTUyM2M0MzczOGI4ZDZiNGU1ZmEwY2QyMCJ9.2ZSpS1X95m508FGIkJSO-Ba5H5VX_WRwEcfPHfqe8bc', 'Proxy-Connection': 'keep-alive', 'Content-Type': 'application/json;charset=UTF-8', 'Accept': 'application/json, text/plain, */*', 'Accept-Language': 'zh-CN,zh;q=0.9', 'User-Agent': 'Mozilla/5.0 (Windows NT 6.1; Win64; x64) AppleWebKit/537.36'}, 'json': {'area': {'address': '云南省昆明市呈贡区', 'addressComponents': {'city': '昆明市', 'district': '呈贡区', 'province': '云南省', 'street': '', 'streetNumber': ''}, 'business': '', 'point': {'lat': 24.906561, 'lng': 102.825089}, 'surroundingPois': [{'Yi': '房地产', 'address': '云南省昆明市呈贡区彩云中路', 'city': '昆明市', 'phoneNumber': None, 'point': {'lat': 24.906687, 'lng': 102.823444}, 'postcode': None, 'tags': ['房地产'], 'title': '众和东苑', 'type': 0, 'uid': 'e6d9df09eaed329eadb22a03'}]}, 'cameras': [], 'endTime': '2022-05-19 18:59:04', 'examSiteCode': '8cfc48afadf34a10b3cce608f2439156', 'jks': ['李本莹'], 'monitors': [{'monitorCode': '23502a671cef47c0889f95399e888428'}], 'orgCode': 'd96b58f212c6418b9f146d65e7add859', 'placeDetailAddress': '考场', 'placeLatitude': 24.906561, 'placeLongitude': 102.825089, 'placeName': '玉兰路麓天路口考场', 'placePosition': '云南省昆明市呈贡区', 'planCode': 'c562fc6399a24ea19f0bfe280204d090', 'planCoding': 530100202205190004, 'startTime': '2022-05-19 18:59:03', 'stuCount': 0, 'students': [{'studentCode': '47c76ef49c4e470780193cdc4a82a619'}], 'suts': 1}}  

            返回信息: {'returnCode': 200, 'success': True, 'data': None, 'returnMsg': '操作成功!', 'returnData': {}}  

            

2022-05-19 18:59:03,566 template INFO 模板替换成功，替换的模板为D:\zjg\laodaomeidan-master\api_yaml\saveDistributePersonApi.yml

2022-05-19 18:59:03,606 接口测试 INFO 
            请求地址：http://222.247.54.74:8990/dns-ynjnrcpjfwpt-proj-backstage-api/bks/v1/exaAff/distributePerson  

            请求参数：{'headers': {'authorization_token': 'eyJhbGciOiJIUzI1NiIsInR5cCI6IkpXVCJ9.eyJjdXJyZW50IjoxNjUyOTU4MTc3NDQxLCJleHAiOjE2NTI5NjE3NzcsImlhdCI6MTY1Mjk1ODE3NywidXNlckNvZGUiOiJiYTRkNzgxZTUyM2M0MzczOGI4ZDZiNGU1ZmEwY2QyMCJ9.2ZSpS1X95m508FGIkJSO-Ba5H5VX_WRwEcfPHfqe8bc', 'Proxy-Connection': 'keep-alive', 'Content-Type': 'application/json;charset=UTF-8', 'Accept': 'application/json, text/plain, */*', 'Accept-Language': 'zh-CN,zh;q=0.9', 'User-Agent': 'Mozilla/5.0 (Windows NT 6.1; Win64; x64) AppleWebKit/537.36'}, 'json': {'personCode': ['259ef3e2bda84637abbfe66ba9e93e2d'], 'personType': 0, 'planCode': 'c562fc6399a24ea19f0bfe280204d090', 'planCoding': 530100202205190004, 'planType': 0}}  

            返回信息: {'returnCode': 200, 'success': True, 'data': None, 'returnMsg': '操作成功!', 'returnData': {}}  

            

2022-05-19 18:59:03,619 template INFO 模板替换成功，替换的模板为D:\zjg\laodaomeidan-master\api_yaml\saveDistributePersonApi.yml

2022-05-19 18:59:03,661 接口测试 INFO 
            请求地址：http://222.247.54.74:8990/dns-ynjnrcpjfwpt-proj-backstage-api/bks/v1/exaAff/distributePerson  

            请求参数：{'headers': {'authorization_token': 'eyJhbGciOiJIUzI1NiIsInR5cCI6IkpXVCJ9.eyJjdXJyZW50IjoxNjUyOTU4MTc3NDQxLCJleHAiOjE2NTI5NjE3NzcsImlhdCI6MTY1Mjk1ODE3NywidXNlckNvZGUiOiJiYTRkNzgxZTUyM2M0MzczOGI4ZDZiNGU1ZmEwY2QyMCJ9.2ZSpS1X95m508FGIkJSO-Ba5H5VX_WRwEcfPHfqe8bc', 'Proxy-Connection': 'keep-alive', 'Content-Type': 'application/json;charset=UTF-8', 'Accept': 'application/json, text/plain, */*', 'Accept-Language': 'zh-CN,zh;q=0.9', 'User-Agent': 'Mozilla/5.0 (Windows NT 6.1; Win64; x64) AppleWebKit/537.36'}, 'json': {'personCode': ['cb5fb763ae574f6ab4c9080d9f74037b'], 'personType': 1, 'planCode': 'c562fc6399a24ea19f0bfe280204d090', 'planCoding': 530100202205190004, 'planType': 0}}  

            返回信息: {'returnCode': 200, 'success': True, 'data': None, 'returnMsg': '操作成功!', 'returnData': {}}  

            

2022-05-19 18:59:03,681 template INFO 模板替换成功，替换的模板为D:\zjg\laodaomeidan-master\api_yaml\saveDistributePersonApi.yml

2022-05-19 18:59:03,740 接口测试 INFO 
            请求地址：http://222.247.54.74:8990/dns-ynjnrcpjfwpt-proj-backstage-api/bks/v1/exaAff/distributePerson  

            请求参数：{'headers': {'authorization_token': 'eyJhbGciOiJIUzI1NiIsInR5cCI6IkpXVCJ9.eyJjdXJyZW50IjoxNjUyOTU4MTc3NDQxLCJleHAiOjE2NTI5NjE3NzcsImlhdCI6MTY1Mjk1ODE3NywidXNlckNvZGUiOiJiYTRkNzgxZTUyM2M0MzczOGI4ZDZiNGU1ZmEwY2QyMCJ9.2ZSpS1X95m508FGIkJSO-Ba5H5VX_WRwEcfPHfqe8bc', 'Proxy-Connection': 'keep-alive', 'Content-Type': 'application/json;charset=UTF-8', 'Accept': 'application/json, text/plain, */*', 'Accept-Language': 'zh-CN,zh;q=0.9', 'User-Agent': 'Mozilla/5.0 (Windows NT 6.1; Win64; x64) AppleWebKit/537.36'}, 'json': {'personCode': ['e534f11638144821b4b2fe69118f4cb6', '74f47dd9df8d4d519f92aad63807b7f1', 'c1c2c092e33042659e765a5bd2716340'], 'personType': 3, 'planCode': 'c562fc6399a24ea19f0bfe280204d090', 'planCoding': 530100202205190004, 'planType': 0}}  

            返回信息: {'returnCode': 200, 'success': True, 'data': None, 'returnMsg': '操作成功!', 'returnData': {}}  

            

2022-05-19 18:59:03,752 template INFO 模板替换成功，替换的模板为D:\zjg\laodaomeidan-master\api_yaml\addOffLinePaperApi.yml

2022-05-19 18:59:03,812 接口测试 INFO 
            请求地址：http://222.247.54.74:8990/dns-ynjnrcpjfwpt-proj-backstage-api/bks/v1/exaAff/addOffLinePaper  

            请求参数：{'headers': {'authorization_token': 'eyJhbGciOiJIUzI1NiIsInR5cCI6IkpXVCJ9.eyJjdXJyZW50IjoxNjUyOTU4MTc3NDQxLCJleHAiOjE2NTI5NjE3NzcsImlhdCI6MTY1Mjk1ODE3NywidXNlckNvZGUiOiJiYTRkNzgxZTUyM2M0MzczOGI4ZDZiNGU1ZmEwY2QyMCJ9.2ZSpS1X95m508FGIkJSO-Ba5H5VX_WRwEcfPHfqe8bc', 'Content-Type': 'application/x-www-form-urlencoded', 'User-Agent': 'Mozilla/5.0 (Windows NT 6.1; Win64; x64) AppleWebKit/537.36'}, 'params': {'formationType': 1, 'paperCoding': 1, 'paperSrc': 'https://danengshou.obs.cn-north-1.myhuaweicloud.com/7c27c0323ecc45699307cc5342dd8845.jpg', 'planCode': 'c562fc6399a24ea19f0bfe280204d090', 'type': '0'}}  

            返回信息: {'returnCode': 200, 'success': True, 'data': None, 'returnMsg': '操作成功!', 'returnData': {}}  

            

2022-05-19 18:59:03,833 template INFO 模板替换成功，替换的模板为D:\zjg\laodaomeidan-master\api_yaml\addOffLinePaperApi.yml

2022-05-19 18:59:03,897 接口测试 INFO 
            请求地址：http://222.247.54.74:8990/dns-ynjnrcpjfwpt-proj-backstage-api/bks/v1/exaAff/addOffLinePaper  

            请求参数：{'headers': {'authorization_token': 'eyJhbGciOiJIUzI1NiIsInR5cCI6IkpXVCJ9.eyJjdXJyZW50IjoxNjUyOTU4MTc3NDQxLCJleHAiOjE2NTI5NjE3NzcsImlhdCI6MTY1Mjk1ODE3NywidXNlckNvZGUiOiJiYTRkNzgxZTUyM2M0MzczOGI4ZDZiNGU1ZmEwY2QyMCJ9.2ZSpS1X95m508FGIkJSO-Ba5H5VX_WRwEcfPHfqe8bc', 'Content-Type': 'application/x-www-form-urlencoded', 'User-Agent': 'Mozilla/5.0 (Windows NT 6.1; Win64; x64) AppleWebKit/537.36'}, 'params': {'formationType': 1, 'paperCoding': 2, 'paperSrc': 'https://danengshou.obs.cn-north-1.myhuaweicloud.com/7c27c0323ecc45699307cc5342dd8845.jpg', 'planCode': 'c562fc6399a24ea19f0bfe280204d090', 'type': '1'}}  

            返回信息: {'returnCode': 200, 'success': True, 'data': None, 'returnMsg': '操作成功!', 'returnData': {}}  

            
