
2022-06-29 14:31:23,906 template INFO 模板替换成功，替换的模板为D:\zjg\laodaomeidan-master\api_yaml\login.yml

2022-06-29 14:31:24,135 接口测试 INFO 
            请求地址：http://222.247.54.74:8990/dns-ynjnrcpjfwpt-proj-backstage-api/bks/v1/user/login  

            请求参数：{'headers': {'Proxy-Connection': 'keep-alive', 'Content-Length': '56', 'Content-Type': 'application/x-www-form-urlencoded;charset=UTF-8', 'Accept': 'application/json, text/plain, */*', 'Accept-Language': 'zh-CN,zh;q=0.9', 'User-Agent': 'Mozilla/5.0 (Windows NT 6.1; Win64; x64) AppleWebKit/537.36'}, 'data': {'password': 'qiz3DwnIhxml+YVQRgCz5g==', 'username': 'N/hB1rj3sKt5HLA5ikuapg=='}}  

            返回信息: {'returnCode': 200, 'success': True, 'data': {'authorizationToken': 'eyJhbGciOiJIUzI1NiIsInR5cCI6IkpXVCJ9.eyJjdXJyZW50IjoxNjU2NDg0NTM2NTUyLCJleHAiOjE2NTY0ODgxMzYsImlhdCI6MTY1NjQ4NDUzNiwidXNlckNvZGUiOiJiYTRkNzgxZTUyM2M0MzczOGI4ZDZiNGU1ZmEwY2QyMCJ9.lEnRnMZ7pbqXRWOMgfZKXyhJx52S5Mvil3cK3SEGpIE', 'topCode': '-1'}, 'returnMsg': '操作成功!', 'returnData': {}}  

            

2022-06-29 14:31:24,138 template INFO 模板替换成功，替换的模板为D:\zjg\laodaomeidan-master\api_yaml\filView.yml

2022-06-29 14:31:24,273 接口测试 INFO 
            请求地址：http://222.247.54.74:8990/dns-ynjnrcpjfwpt-proj-backstage-api/bks/v1/fil/view/filView  

            请求参数：{'headers': {'Proxy-Connection': 'keep-alive', 'authorization_token': 'eyJhbGciOiJIUzI1NiIsInR5cCI6IkpXVCJ9.eyJjdXJyZW50IjoxNjU2NDg0NTM2NTUyLCJleHAiOjE2NTY0ODgxMzYsImlhdCI6MTY1NjQ4NDUzNiwidXNlckNvZGUiOiJiYTRkNzgxZTUyM2M0MzczOGI4ZDZiNGU1ZmEwY2QyMCJ9.lEnRnMZ7pbqXRWOMgfZKXyhJx52S5Mvil3cK3SEGpIE', 'Content-Type': 'application/x-www-form-urlencoded;charset=UTF-8', 'Accept': 'application/json, text/plain, */*', 'Accept-Language': 'zh-CN,zh;q=0.9', 'User-Agent': 'Mozilla/5.0 (Windows NT 6.1; Win64; x64) AppleWebKit/537.36'}}  

            返回信息: {'returnCode': 200, 'success': True, 'data': {'orgCode': '8b7d7091d36bc4e950a4a1b68bab4178', 'filInfoCode': None, 'orgName': '昆明市官渡区阳光职业培训学校', 'socialCreditCode': '-1', 'unitAddress': '昆明市官渡区街道办事处季官社区第三居民小组云秀小巷官南城G区102号', 'contractPerson': '郑颖', 'contractPhone': '13312560156', 'isFil': 1, 'skillLevelIdentification': 8, 'professionalQualification': -1, 'specialAbility': 8, 'officialExamination': 8, 'codingStatus': 1}, 'returnMsg': '操作成功!', 'returnData': {}}  

            

2022-06-29 14:32:09,632 template INFO 模板替换成功，替换的模板为D:\zjg\laodaomeidan-master\api_yaml\login.yml

2022-06-29 14:32:09,765 接口测试 INFO 
            请求地址：http://222.247.54.74:8990/dns-ynjnrcpjfwpt-proj-backstage-api/bks/v1/user/login  

            请求参数：{'headers': {'Proxy-Connection': 'keep-alive', 'Content-Length': '56', 'Content-Type': 'application/x-www-form-urlencoded;charset=UTF-8', 'Accept': 'application/json, text/plain, */*', 'Accept-Language': 'zh-CN,zh;q=0.9', 'User-Agent': 'Mozilla/5.0 (Windows NT 6.1; Win64; x64) AppleWebKit/537.36'}, 'data': {'password': 'qiz3DwnIhxml+YVQRgCz5g==', 'username': 'N/hB1rj3sKt5HLA5ikuapg=='}}  

            返回信息: {'returnCode': 200, 'success': True, 'data': {'authorizationToken': 'eyJhbGciOiJIUzI1NiIsInR5cCI6IkpXVCJ9.eyJjdXJyZW50IjoxNjU2NDg0NTgyMTg3LCJleHAiOjE2NTY0ODgxODIsImlhdCI6MTY1NjQ4NDU4MiwidXNlckNvZGUiOiJiYTRkNzgxZTUyM2M0MzczOGI4ZDZiNGU1ZmEwY2QyMCJ9.R5JNgmVMBFE0fPKisJiEyoPEYsVB0zsXQNJ5kdC7Qms', 'topCode': '-1'}, 'returnMsg': '操作成功!', 'returnData': {}}  

            

2022-06-29 14:32:09,766 template INFO 模板替换成功，替换的模板为D:\zjg\laodaomeidan-master\api_yaml\filView.yml

2022-06-29 14:32:09,901 接口测试 INFO 
            请求地址：http://222.247.54.74:8990/dns-ynjnrcpjfwpt-proj-backstage-api/bks/v1/fil/view/filView  

            请求参数：{'headers': {'Proxy-Connection': 'keep-alive', 'authorization_token': 'eyJhbGciOiJIUzI1NiIsInR5cCI6IkpXVCJ9.eyJjdXJyZW50IjoxNjU2NDg0NTgyMTg3LCJleHAiOjE2NTY0ODgxODIsImlhdCI6MTY1NjQ4NDU4MiwidXNlckNvZGUiOiJiYTRkNzgxZTUyM2M0MzczOGI4ZDZiNGU1ZmEwY2QyMCJ9.R5JNgmVMBFE0fPKisJiEyoPEYsVB0zsXQNJ5kdC7Qms', 'Content-Type': 'application/x-www-form-urlencoded;charset=UTF-8', 'Accept': 'application/json, text/plain, */*', 'Accept-Language': 'zh-CN,zh;q=0.9', 'User-Agent': 'Mozilla/5.0 (Windows NT 6.1; Win64; x64) AppleWebKit/537.36'}}  

            返回信息: {'returnCode': 200, 'success': True, 'data': {'orgCode': '8b7d7091d36bc4e950a4a1b68bab4178', 'filInfoCode': None, 'orgName': '昆明市官渡区阳光职业培训学校', 'socialCreditCode': '-1', 'unitAddress': '昆明市官渡区街道办事处季官社区第三居民小组云秀小巷官南城G区102号', 'contractPerson': '郑颖', 'contractPhone': '13312560156', 'isFil': 1, 'skillLevelIdentification': 8, 'professionalQualification': -1, 'specialAbility': 8, 'officialExamination': 8, 'codingStatus': 1}, 'returnMsg': '操作成功!', 'returnData': {}}  

            

2022-06-29 14:34:06,234 template INFO 模板替换成功，替换的模板为D:\zjg\laodaomeidan-master\api_yaml\login.yml

2022-06-29 14:34:06,363 接口测试 INFO 
            请求地址：http://222.247.54.74:8990/dns-ynjnrcpjfwpt-proj-backstage-api/bks/v1/user/login  

            请求参数：{'headers': {'Proxy-Connection': 'keep-alive', 'Content-Length': '56', 'Content-Type': 'application/x-www-form-urlencoded;charset=UTF-8', 'Accept': 'application/json, text/plain, */*', 'Accept-Language': 'zh-CN,zh;q=0.9', 'User-Agent': 'Mozilla/5.0 (Windows NT 6.1; Win64; x64) AppleWebKit/537.36'}, 'data': {'password': 'qiz3DwnIhxml+YVQRgCz5g==', 'username': 'N/hB1rj3sKt5HLA5ikuapg=='}}  

            返回信息: {'returnCode': 200, 'success': True, 'data': {'authorizationToken': 'eyJhbGciOiJIUzI1NiIsInR5cCI6IkpXVCJ9.eyJjdXJyZW50IjoxNjU2NDg0Njk4NzgwLCJleHAiOjE2NTY0ODgyOTgsImlhdCI6MTY1NjQ4NDY5OCwidXNlckNvZGUiOiJiYTRkNzgxZTUyM2M0MzczOGI4ZDZiNGU1ZmEwY2QyMCJ9.NKSwtYxgQvwqWPlFF4s0RvL8mIh6sWmhnhiNlBFsw48', 'topCode': '-1'}, 'returnMsg': '操作成功!', 'returnData': {}}  

            

2022-06-29 14:34:06,423 template INFO 模板替换成功，替换的模板为D:\zjg\laodaomeidan-master\api_yaml\saveExaPlanApi.yml

2022-06-29 14:34:06,695 接口测试 INFO 
            请求地址：http://222.247.54.74:8990/dns-ynjnrcpjfwpt-proj-backstage-api/bks/v1/exaPlan/saveExaPlan  

            请求参数：{'headers': {'authorization_token': 'eyJhbGciOiJIUzI1NiIsInR5cCI6IkpXVCJ9.eyJjdXJyZW50IjoxNjU2NDg0Njk4NzgwLCJleHAiOjE2NTY0ODgyOTgsImlhdCI6MTY1NjQ4NDY5OCwidXNlckNvZGUiOiJiYTRkNzgxZTUyM2M0MzczOGI4ZDZiNGU1ZmEwY2QyMCJ9.NKSwtYxgQvwqWPlFF4s0RvL8mIh6sWmhnhiNlBFsw48', 'Proxy-Connection': 'keep-alive', 'Content-Type': 'application/json;charset=UTF-8', 'Accept': 'application/json, text/plain, */*', 'Accept-Language': 'zh-CN,zh;q=0.9', 'User-Agent': 'Mozilla/5.0 (Windows NT 6.1; Win64; x64) AppleWebKit/537.36'}, 'json': {'advanceSubmit': 1, 'advanceSubmitTime': 30, 'area': ['dd9b2987af4a11e9ac97005056ae9835', 'dd9be929af4a11e9ac97005056ae9835'], 'city': 'dd9be929af4a11e9ac97005056ae9835', 'endTime': '2022-07-09 23:59:59', 'faceReg': 1, 'job': '375a468328aa45f28e2cfbfaa9cfd0e5', 'jobCode': '375a468328aa45f28e2cfbfaa9cfd0e5', 'onlineSwitch': 0, 'planCate': '0', 'planName': '锅巴:狗子1656484444', 'planStep': 0, 'planType': 0, 'positionSign': 1, 'province': 'dd9b2987af4a11e9ac97005056ae9835', 'regTimes': 1, 'selDate': ['2022-05-13T08:55:58.101Z', '2022-05-29T08:55:58.101Z'], 'socialSignEndTime': '2022-07-09 23:59:59', 'socialSignStartTime': '2022-06-29 00:00:00', 'sociologyDate': ['2022-05-13T08:56:31.901Z', '2022-05-29T08:56:31.901Z'], 'startTime': '2022-06-29 00:00:00', 'sub': [0, 1], 'subjects': '0,1', 'workCode': '53db1e63b7ea484581e489037b4728e0', 'workLevelCode': '8427964542f34e4ca87620e0a3a48d89'}}  

            返回信息: {'returnCode': 200, 'success': True, 'data': None, 'returnMsg': '操作成功!', 'returnData': {}}  

            

2022-06-29 14:34:06,740 template INFO 模板替换成功，替换的模板为D:\zjg\laodaomeidan-master\api_yaml\saveStudentApi.yml

2022-06-29 14:34:07,464 接口测试 INFO 
            请求地址：http://222.247.54.74:8990/dns-ynjnrcpjfwpt-proj-backstage-api/bks/v1/examaff/student/saveStudent  

            请求参数：{'headers': {'authorization_token': 'eyJhbGciOiJIUzI1NiIsInR5cCI6IkpXVCJ9.eyJjdXJyZW50IjoxNjU2NDg0Njk4NzgwLCJleHAiOjE2NTY0ODgyOTgsImlhdCI6MTY1NjQ4NDY5OCwidXNlckNvZGUiOiJiYTRkNzgxZTUyM2M0MzczOGI4ZDZiNGU1ZmEwY2QyMCJ9.NKSwtYxgQvwqWPlFF4s0RvL8mIh6sWmhnhiNlBFsw48', 'Proxy-Connection': 'keep-alive', 'Content-Type': 'application/json;charset=UTF-8', 'Accept': 'application/json, text/plain, */*', 'Accept-Language': 'zh-CN,zh;q=0.9', 'User-Agent': 'Mozilla/5.0 (Windows NT 6.1; Win64; x64) AppleWebKit/537.36'}, 'json': {'age': 23, 'birth': '1999-03-07', 'bizCode': '', 'cardNo': 330801193704179433, 'cardType': '237', 'education': '0', 'electronicPhoto': 'https://danengshou.obs.cn-north-1.myhuaweicloud.com/71c24673558d458982589cdcbd95b4b6.jpg', 'examaffPlanCode': 'f543b44376614a72829d12cc45b18a40', 'job': '375a468328aa45f28e2cfbfaa9cfd0e5', 'jobCode': '375a468328aa45f28e2cfbfaa9cfd0e5', 'mobile': 15848658063, 'planCoding': '530100202206290001', 'planType': 0, 'realNamePassed': 0, 'sex': '1', 'studentName': '曹兵1656484444', 'studentType': '0', 'trainSchool': '母猪产后的护理与调养专业学校', 'unit': '汉雅', 'workCode': '53db1e63b7ea484581e489037b4728e0', 'workLevelCode': '8427964542f34e4ca87620e0a3a48d89'}}  

            返回信息: {'returnCode': 200, 'success': True, 'data': None, 'returnMsg': '操作成功!', 'returnData': {}}  

            

2022-06-29 14:34:07,513 template INFO 模板替换成功，替换的模板为D:\zjg\laodaomeidan-master\api_yaml\studentAttachApi.yml

2022-06-29 14:34:07,693 接口测试 INFO 
            请求地址：http://222.247.54.74:8990/dns-ynjnrcpjfwpt-proj-backstage-api/bks/v1/examaff/student/uploadAttach  

            请求参数：{'headers': {'authorization_token': 'eyJhbGciOiJIUzI1NiIsInR5cCI6IkpXVCJ9.eyJjdXJyZW50IjoxNjU2NDg0Njk4NzgwLCJleHAiOjE2NTY0ODgyOTgsImlhdCI6MTY1NjQ4NDY5OCwidXNlckNvZGUiOiJiYTRkNzgxZTUyM2M0MzczOGI4ZDZiNGU1ZmEwY2QyMCJ9.NKSwtYxgQvwqWPlFF4s0RvL8mIh6sWmhnhiNlBFsw48', 'Proxy-Connection': 'keep-alive', 'Content-Type': 'application/x-www-form-urlencoded', 'Accept': 'application/json, text/plain, */*', 'Accept-Language': 'zh-CN,zh;q=0.9', 'User-Agent': 'Mozilla/5.0 (Windows NT 6.1; Win64; x64) AppleWebKit/537.36'}, 'params': {'attachName': 'F8983F1DD17811C3C6B350B82C90A61A.jpg', 'attachSrc': 'https://danengshou.obs.cn-north-1.myhuaweicloud.com/ed4499281b77450284f90da87659ebee.jpg', 'modelCode': '1', 'planCode': 'f543b44376614a72829d12cc45b18a40'}}  

            返回信息: {'returnCode': 200, 'success': True, 'data': None, 'returnMsg': '操作成功!', 'returnData': {}}  

            

2022-06-29 14:34:07,727 template INFO 模板替换成功，替换的模板为D:\zjg\laodaomeidan-master\api_yaml\saveSiteApi.yml

2022-06-29 14:34:07,859 接口测试 INFO 
            请求地址：http://222.247.54.74:8990/dns-ynjnrcpjfwpt-proj-backstage-api/bks/v1/examaff/site/saveSite  

            请求参数：{'headers': {'authorization_token': 'eyJhbGciOiJIUzI1NiIsInR5cCI6IkpXVCJ9.eyJjdXJyZW50IjoxNjU2NDg0Njk4NzgwLCJleHAiOjE2NTY0ODgyOTgsImlhdCI6MTY1NjQ4NDY5OCwidXNlckNvZGUiOiJiYTRkNzgxZTUyM2M0MzczOGI4ZDZiNGU1ZmEwY2QyMCJ9.NKSwtYxgQvwqWPlFF4s0RvL8mIh6sWmhnhiNlBFsw48', 'Proxy-Connection': 'keep-alive', 'Content-Type': 'application/json;charset=UTF-8', 'Accept': 'application/json, text/plain, */*', 'Accept-Language': 'zh-CN,zh;q=0.9', 'User-Agent': 'Mozilla/5.0 (Windows NT 6.1; Win64; x64) AppleWebKit/537.36'}, 'json': {'bizCode': '', 'fillingExamSiteCode': '91a62971ff1641e5b6b1ae1addb9115f', 'planCode': 'f543b44376614a72829d12cc45b18a40', 'planCoding': '530100202206290001', 'planType': 0, 'siteType': '0'}}  

            返回信息: {'returnCode': 200, 'success': True, 'data': {'id': None, 'bizCode': '8fe25027418841cf94fc74444b1010c1', 'planCode': 'f543b44376614a72829d12cc45b18a40', 'planCoding': None, 'planType': None, 'fillingSiteName': None, 'fillingSiteCode': None, 'fillingExamSiteCode': '91a62971ff1641e5b6b1ae1addb9115f', 'sitePosition': None, 'siteLongitude': None, 'siteLatitude': None, 'siteType': 0, 'createBy': 'ba4d781e523c43738b8d6b4e5fa0cd20', 'createTime': '2022-06-29T06:38:20.276+0000', 'lastUpdateTime': '2022-06-29T06:38:20.276+0000', 'lastUpdateBy': 'ba4d781e523c43738b8d6b4e5fa0cd20', 'isDelete': 0, 'topCode': '8b7d7091d36bc4e950a4a1b68bab4178', 'dateInt': 220629, 'cameraList': None, 'cameras': None}, 'returnMsg': '操作成功!', 'returnData': {}}  

            

2022-06-29 14:34:07,888 template INFO 模板替换成功，替换的模板为D:\zjg\laodaomeidan-master\api_yaml\saveSiteApi.yml

2022-06-29 14:34:08,030 接口测试 INFO 
            请求地址：http://222.247.54.74:8990/dns-ynjnrcpjfwpt-proj-backstage-api/bks/v1/examaff/site/saveSite  

            请求参数：{'headers': {'authorization_token': 'eyJhbGciOiJIUzI1NiIsInR5cCI6IkpXVCJ9.eyJjdXJyZW50IjoxNjU2NDg0Njk4NzgwLCJleHAiOjE2NTY0ODgyOTgsImlhdCI6MTY1NjQ4NDY5OCwidXNlckNvZGUiOiJiYTRkNzgxZTUyM2M0MzczOGI4ZDZiNGU1ZmEwY2QyMCJ9.NKSwtYxgQvwqWPlFF4s0RvL8mIh6sWmhnhiNlBFsw48', 'Proxy-Connection': 'keep-alive', 'Content-Type': 'application/json;charset=UTF-8', 'Accept': 'application/json, text/plain, */*', 'Accept-Language': 'zh-CN,zh;q=0.9', 'User-Agent': 'Mozilla/5.0 (Windows NT 6.1; Win64; x64) AppleWebKit/537.36'}, 'json': {'bizCode': '', 'fillingExamSiteCode': '91a62971ff1641e5b6b1ae1addb9115f', 'planCode': 'f543b44376614a72829d12cc45b18a40', 'planCoding': '530100202206290001', 'planType': 0, 'siteType': '1'}}  

            返回信息: {'returnCode': 200, 'success': True, 'data': {'id': None, 'bizCode': 'ff4b4dbe86a4469dbe5de2dea00264f4', 'planCode': 'f543b44376614a72829d12cc45b18a40', 'planCoding': None, 'planType': None, 'fillingSiteName': None, 'fillingSiteCode': None, 'fillingExamSiteCode': '91a62971ff1641e5b6b1ae1addb9115f', 'sitePosition': None, 'siteLongitude': None, 'siteLatitude': None, 'siteType': 1, 'createBy': 'ba4d781e523c43738b8d6b4e5fa0cd20', 'createTime': '2022-06-29T06:38:20.446+0000', 'lastUpdateTime': '2022-06-29T06:38:20.446+0000', 'lastUpdateBy': 'ba4d781e523c43738b8d6b4e5fa0cd20', 'isDelete': 0, 'topCode': '8b7d7091d36bc4e950a4a1b68bab4178', 'dateInt': 220629, 'cameraList': None, 'cameras': None}, 'returnMsg': '操作成功!', 'returnData': {}}  

            

2022-06-29 14:34:10,089 template INFO 模板替换成功，替换的模板为D:\zjg\laodaomeidan-master\api_yaml\savePlaceApi.yml

2022-06-29 14:34:11,500 接口测试 INFO 
            请求地址：http://222.247.54.74:8990/dns-ynjnrcpjfwpt-proj-backstage-api/bks/v1/examaff/site/savePlace  

            请求参数：{'headers': {'authorization_token': 'eyJhbGciOiJIUzI1NiIsInR5cCI6IkpXVCJ9.eyJjdXJyZW50IjoxNjU2NDg0Njk4NzgwLCJleHAiOjE2NTY0ODgyOTgsImlhdCI6MTY1NjQ4NDY5OCwidXNlckNvZGUiOiJiYTRkNzgxZTUyM2M0MzczOGI4ZDZiNGU1ZmEwY2QyMCJ9.NKSwtYxgQvwqWPlFF4s0RvL8mIh6sWmhnhiNlBFsw48', 'Proxy-Connection': 'keep-alive', 'Content-Type': 'application/json;charset=UTF-8', 'Accept': 'application/json, text/plain, */*', 'Accept-Language': 'zh-CN,zh;q=0.9', 'User-Agent': 'Mozilla/5.0 (Windows NT 6.1; Win64; x64) AppleWebKit/537.36'}, 'json': {'area': {'address': '云南省昆明市呈贡区', 'addressComponents': {'city': '昆明市', 'district': '呈贡区', 'province': '云南省', 'street': '', 'streetNumber': ''}, 'business': '', 'point': {'lat': 24.906561, 'lng': 102.825089}, 'surroundingPois': [{'Yi': '房地产', 'address': '云南省昆明市呈贡区彩云中路', 'city': '昆明市', 'phoneNumber': None, 'point': {'lat': 24.906687, 'lng': 102.823444}, 'postcode': None, 'tags': ['房地产'], 'title': '众和东苑', 'type': 0, 'uid': 'e6d9df09eaed329eadb22a03'}]}, 'cameras': [], 'endTime': '2022-06-29 14:34:11', 'examSiteCode': '8fe25027418841cf94fc74444b1010c1', 'jks': ['李本莹'], 'monitors': [{'monitorCode': '23502a671cef47c0889f95399e888428'}], 'orgCode': 'd96b58f212c6418b9f146d65e7add859', 'placeDetailAddress': '考场', 'placeLatitude': 24.906561, 'placeLongitude': 102.825089, 'placeName': '玉兰路麓天路口考场', 'placePosition': '云南省昆明市呈贡区', 'planCode': 'f543b44376614a72829d12cc45b18a40', 'planCoding': 530100202206290001, 'startTime': '2022-06-29 14:34:10', 'stuCount': 0, 'students': [{'studentCode': '84da83e303b14f8db25dea76e9b6ada8'}], 'suts': 1}}  

            返回信息: {'returnCode': 200, 'success': True, 'data': None, 'returnMsg': '操作成功!', 'returnData': {}}  

            

2022-06-29 14:34:13,543 template INFO 模板替换成功，替换的模板为D:\zjg\laodaomeidan-master\api_yaml\savePlaceApi.yml

2022-06-29 14:34:13,811 接口测试 INFO 
            请求地址：http://222.247.54.74:8990/dns-ynjnrcpjfwpt-proj-backstage-api/bks/v1/examaff/site/savePlace  

            请求参数：{'headers': {'authorization_token': 'eyJhbGciOiJIUzI1NiIsInR5cCI6IkpXVCJ9.eyJjdXJyZW50IjoxNjU2NDg0Njk4NzgwLCJleHAiOjE2NTY0ODgyOTgsImlhdCI6MTY1NjQ4NDY5OCwidXNlckNvZGUiOiJiYTRkNzgxZTUyM2M0MzczOGI4ZDZiNGU1ZmEwY2QyMCJ9.NKSwtYxgQvwqWPlFF4s0RvL8mIh6sWmhnhiNlBFsw48', 'Proxy-Connection': 'keep-alive', 'Content-Type': 'application/json;charset=UTF-8', 'Accept': 'application/json, text/plain, */*', 'Accept-Language': 'zh-CN,zh;q=0.9', 'User-Agent': 'Mozilla/5.0 (Windows NT 6.1; Win64; x64) AppleWebKit/537.36'}, 'json': {'area': {'address': '云南省昆明市呈贡区', 'addressComponents': {'city': '昆明市', 'district': '呈贡区', 'province': '云南省', 'street': '', 'streetNumber': ''}, 'business': '', 'point': {'lat': 24.906561, 'lng': 102.825089}, 'surroundingPois': [{'Yi': '房地产', 'address': '云南省昆明市呈贡区彩云中路', 'city': '昆明市', 'phoneNumber': None, 'point': {'lat': 24.906687, 'lng': 102.823444}, 'postcode': None, 'tags': ['房地产'], 'title': '众和东苑', 'type': 0, 'uid': 'e6d9df09eaed329eadb22a03'}]}, 'cameras': [], 'endTime': '2022-06-29 14:34:14', 'examSiteCode': 'ff4b4dbe86a4469dbe5de2dea00264f4', 'jks': ['李本莹'], 'monitors': [{'monitorCode': '23502a671cef47c0889f95399e888428'}], 'orgCode': 'd96b58f212c6418b9f146d65e7add859', 'placeDetailAddress': '考场', 'placeLatitude': 24.906561, 'placeLongitude': 102.825089, 'placeName': '玉兰路麓天路口考场', 'placePosition': '云南省昆明市呈贡区', 'planCode': 'f543b44376614a72829d12cc45b18a40', 'planCoding': 530100202206290001, 'startTime': '2022-06-29 14:34:13', 'stuCount': 0, 'students': [{'studentCode': '84da83e303b14f8db25dea76e9b6ada8'}], 'suts': 1}}  

            返回信息: {'returnCode': 200, 'success': True, 'data': None, 'returnMsg': '操作成功!', 'returnData': {}}  

            

2022-06-29 14:34:13,846 template INFO 模板替换成功，替换的模板为D:\zjg\laodaomeidan-master\api_yaml\saveDistributePersonApi.yml

2022-06-29 14:34:14,018 接口测试 INFO 
            请求地址：http://222.247.54.74:8990/dns-ynjnrcpjfwpt-proj-backstage-api/bks/v1/exaAff/distributePerson  

            请求参数：{'headers': {'authorization_token': 'eyJhbGciOiJIUzI1NiIsInR5cCI6IkpXVCJ9.eyJjdXJyZW50IjoxNjU2NDg0Njk4NzgwLCJleHAiOjE2NTY0ODgyOTgsImlhdCI6MTY1NjQ4NDY5OCwidXNlckNvZGUiOiJiYTRkNzgxZTUyM2M0MzczOGI4ZDZiNGU1ZmEwY2QyMCJ9.NKSwtYxgQvwqWPlFF4s0RvL8mIh6sWmhnhiNlBFsw48', 'Proxy-Connection': 'keep-alive', 'Content-Type': 'application/json;charset=UTF-8', 'Accept': 'application/json, text/plain, */*', 'Accept-Language': 'zh-CN,zh;q=0.9', 'User-Agent': 'Mozilla/5.0 (Windows NT 6.1; Win64; x64) AppleWebKit/537.36'}, 'json': {'personCode': ['259ef3e2bda84637abbfe66ba9e93e2d'], 'personType': 0, 'planCode': 'f543b44376614a72829d12cc45b18a40', 'planCoding': 530100202206290001, 'planType': 0}}  

            返回信息: {'returnCode': 200, 'success': True, 'data': None, 'returnMsg': '操作成功!', 'returnData': {}}  

            

2022-06-29 14:34:14,029 template INFO 模板替换成功，替换的模板为D:\zjg\laodaomeidan-master\api_yaml\saveDistributePersonApi.yml

2022-06-29 14:34:14,168 接口测试 INFO 
            请求地址：http://222.247.54.74:8990/dns-ynjnrcpjfwpt-proj-backstage-api/bks/v1/exaAff/distributePerson  

            请求参数：{'headers': {'authorization_token': 'eyJhbGciOiJIUzI1NiIsInR5cCI6IkpXVCJ9.eyJjdXJyZW50IjoxNjU2NDg0Njk4NzgwLCJleHAiOjE2NTY0ODgyOTgsImlhdCI6MTY1NjQ4NDY5OCwidXNlckNvZGUiOiJiYTRkNzgxZTUyM2M0MzczOGI4ZDZiNGU1ZmEwY2QyMCJ9.NKSwtYxgQvwqWPlFF4s0RvL8mIh6sWmhnhiNlBFsw48', 'Proxy-Connection': 'keep-alive', 'Content-Type': 'application/json;charset=UTF-8', 'Accept': 'application/json, text/plain, */*', 'Accept-Language': 'zh-CN,zh;q=0.9', 'User-Agent': 'Mozilla/5.0 (Windows NT 6.1; Win64; x64) AppleWebKit/537.36'}, 'json': {'personCode': ['cb5fb763ae574f6ab4c9080d9f74037b'], 'personType': 1, 'planCode': 'f543b44376614a72829d12cc45b18a40', 'planCoding': 530100202206290001, 'planType': 0}}  

            返回信息: {'returnCode': 200, 'success': True, 'data': None, 'returnMsg': '操作成功!', 'returnData': {}}  

            

2022-06-29 14:34:14,179 template INFO 模板替换成功，替换的模板为D:\zjg\laodaomeidan-master\api_yaml\saveDistributePersonApi.yml

2022-06-29 14:34:14,344 接口测试 INFO 
            请求地址：http://222.247.54.74:8990/dns-ynjnrcpjfwpt-proj-backstage-api/bks/v1/exaAff/distributePerson  

            请求参数：{'headers': {'authorization_token': 'eyJhbGciOiJIUzI1NiIsInR5cCI6IkpXVCJ9.eyJjdXJyZW50IjoxNjU2NDg0Njk4NzgwLCJleHAiOjE2NTY0ODgyOTgsImlhdCI6MTY1NjQ4NDY5OCwidXNlckNvZGUiOiJiYTRkNzgxZTUyM2M0MzczOGI4ZDZiNGU1ZmEwY2QyMCJ9.NKSwtYxgQvwqWPlFF4s0RvL8mIh6sWmhnhiNlBFsw48', 'Proxy-Connection': 'keep-alive', 'Content-Type': 'application/json;charset=UTF-8', 'Accept': 'application/json, text/plain, */*', 'Accept-Language': 'zh-CN,zh;q=0.9', 'User-Agent': 'Mozilla/5.0 (Windows NT 6.1; Win64; x64) AppleWebKit/537.36'}, 'json': {'personCode': ['e534f11638144821b4b2fe69118f4cb6', '74f47dd9df8d4d519f92aad63807b7f1', 'c1c2c092e33042659e765a5bd2716340'], 'personType': 3, 'planCode': 'f543b44376614a72829d12cc45b18a40', 'planCoding': 530100202206290001, 'planType': 0}}  

            返回信息: {'returnCode': 200, 'success': True, 'data': None, 'returnMsg': '操作成功!', 'returnData': {}}  

            

2022-06-29 14:34:14,367 template INFO 模板替换成功，替换的模板为D:\zjg\laodaomeidan-master\api_yaml\addOffLinePaperApi.yml

2022-06-29 14:34:14,621 接口测试 INFO 
            请求地址：http://222.247.54.74:8990/dns-ynjnrcpjfwpt-proj-backstage-api/bks/v1/exaAff/addOffLinePaper  

            请求参数：{'headers': {'authorization_token': 'eyJhbGciOiJIUzI1NiIsInR5cCI6IkpXVCJ9.eyJjdXJyZW50IjoxNjU2NDg0Njk4NzgwLCJleHAiOjE2NTY0ODgyOTgsImlhdCI6MTY1NjQ4NDY5OCwidXNlckNvZGUiOiJiYTRkNzgxZTUyM2M0MzczOGI4ZDZiNGU1ZmEwY2QyMCJ9.NKSwtYxgQvwqWPlFF4s0RvL8mIh6sWmhnhiNlBFsw48', 'Content-Type': 'application/x-www-form-urlencoded', 'User-Agent': 'Mozilla/5.0 (Windows NT 6.1; Win64; x64) AppleWebKit/537.36'}, 'params': {'formationType': 1, 'paperCoding': 1, 'paperSrc': 'https://danengshou.obs.cn-north-1.myhuaweicloud.com/7c27c0323ecc45699307cc5342dd8845.jpg', 'planCode': 'f543b44376614a72829d12cc45b18a40', 'type': '0'}}  

            返回信息: {'returnCode': 200, 'success': True, 'data': None, 'returnMsg': '操作成功!', 'returnData': {}}  

            

2022-06-29 14:34:14,652 template INFO 模板替换成功，替换的模板为D:\zjg\laodaomeidan-master\api_yaml\addOffLinePaperApi.yml

2022-06-29 14:34:15,824 接口测试 INFO 
            请求地址：http://222.247.54.74:8990/dns-ynjnrcpjfwpt-proj-backstage-api/bks/v1/exaAff/addOffLinePaper  

            请求参数：{'headers': {'authorization_token': 'eyJhbGciOiJIUzI1NiIsInR5cCI6IkpXVCJ9.eyJjdXJyZW50IjoxNjU2NDg0Njk4NzgwLCJleHAiOjE2NTY0ODgyOTgsImlhdCI6MTY1NjQ4NDY5OCwidXNlckNvZGUiOiJiYTRkNzgxZTUyM2M0MzczOGI4ZDZiNGU1ZmEwY2QyMCJ9.NKSwtYxgQvwqWPlFF4s0RvL8mIh6sWmhnhiNlBFsw48', 'Content-Type': 'application/x-www-form-urlencoded', 'User-Agent': 'Mozilla/5.0 (Windows NT 6.1; Win64; x64) AppleWebKit/537.36'}, 'params': {'formationType': 1, 'paperCoding': 2, 'paperSrc': 'https://danengshou.obs.cn-north-1.myhuaweicloud.com/7c27c0323ecc45699307cc5342dd8845.jpg', 'planCode': 'f543b44376614a72829d12cc45b18a40', 'type': '1'}}  

            返回信息: {'returnCode': 200, 'success': True, 'data': None, 'returnMsg': '操作成功!', 'returnData': {}}  

            

2022-06-29 14:34:15,839 template INFO 模板替换成功，替换的模板为D:\zjg\laodaomeidan-master\api_yaml\filView.yml

2022-06-29 14:34:15,986 接口测试 INFO 
            请求地址：http://222.247.54.74:8990/dns-ynjnrcpjfwpt-proj-backstage-api/bks/v1/fil/view/filView  

            请求参数：{'headers': {'Proxy-Connection': 'keep-alive', 'authorization_token': 'eyJhbGciOiJIUzI1NiIsInR5cCI6IkpXVCJ9.eyJjdXJyZW50IjoxNjU2NDg0Njk4NzgwLCJleHAiOjE2NTY0ODgyOTgsImlhdCI6MTY1NjQ4NDY5OCwidXNlckNvZGUiOiJiYTRkNzgxZTUyM2M0MzczOGI4ZDZiNGU1ZmEwY2QyMCJ9.NKSwtYxgQvwqWPlFF4s0RvL8mIh6sWmhnhiNlBFsw48', 'Content-Type': 'application/x-www-form-urlencoded;charset=UTF-8', 'Accept': 'application/json, text/plain, */*', 'Accept-Language': 'zh-CN,zh;q=0.9', 'User-Agent': 'Mozilla/5.0 (Windows NT 6.1; Win64; x64) AppleWebKit/537.36'}}  

            返回信息: {'returnCode': 200, 'success': True, 'data': {'orgCode': '8b7d7091d36bc4e950a4a1b68bab4178', 'filInfoCode': None, 'orgName': '昆明市官渡区阳光职业培训学校', 'socialCreditCode': '-1', 'unitAddress': '昆明市官渡区街道办事处季官社区第三居民小组云秀小巷官南城G区102号', 'contractPerson': '郑颖', 'contractPhone': '13312560156', 'isFil': 1, 'skillLevelIdentification': 8, 'professionalQualification': -1, 'specialAbility': 8, 'officialExamination': 8, 'codingStatus': 1}, 'returnMsg': '操作成功!', 'returnData': {}}  

            
