
2022-06-27 10:12:33,412 template INFO 模板替换成功，替换的模板为D:\zjg\laodaomeidan-master\api_yaml\login.yml

2022-06-27 10:12:33,518 接口测试 INFO 
            请求地址：http://222.247.54.74:8990/dns-ynjnrcpjfwpt-proj-backstage-api/bks/v1/user/login  

            请求参数：{'headers': {'Proxy-Connection': 'keep-alive', 'Content-Length': '56', 'Content-Type': 'application/x-www-form-urlencoded;charset=UTF-8', 'Accept': 'application/json, text/plain, */*', 'Accept-Language': 'zh-CN,zh;q=0.9', 'User-Agent': 'Mozilla/5.0 (Windows NT 6.1; Win64; x64) AppleWebKit/537.36'}, 'data': {'password': 'qiz3DwnIhxml+YVQRgCz5g==', 'username': 'N/hB1rj3sKt5HLA5ikuapg=='}}  

            返回信息: {'returnCode': 200, 'success': True, 'data': {'authorizationToken': 'eyJhbGciOiJIUzI1NiIsInR5cCI6IkpXVCJ9.eyJjdXJyZW50IjoxNjU2Mjk2MTkwMTQzLCJleHAiOjE2NTYyOTk3OTAsImlhdCI6MTY1NjI5NjE5MCwidXNlckNvZGUiOiJiYTRkNzgxZTUyM2M0MzczOGI4ZDZiNGU1ZmEwY2QyMCJ9.waYtTVvN_49Z_fSeaNNYBBo4aI1e_3WYQZxJ56Qao9A', 'topCode': '-1'}, 'returnMsg': '操作成功!', 'returnData': {}}  

            

2022-06-27 10:12:33,546 template INFO 模板替换成功，替换的模板为D:\zjg\laodaomeidan-master\api_yaml\saveExaPlanApi.yml

2022-06-27 10:12:33,755 接口测试 INFO 
            请求地址：http://222.247.54.74:8990/dns-ynjnrcpjfwpt-proj-backstage-api/bks/v1/exaPlan/saveExaPlan  

            请求参数：{'headers': {'authorization_token': 'eyJhbGciOiJIUzI1NiIsInR5cCI6IkpXVCJ9.eyJjdXJyZW50IjoxNjU2Mjk2MTkwMTQzLCJleHAiOjE2NTYyOTk3OTAsImlhdCI6MTY1NjI5NjE5MCwidXNlckNvZGUiOiJiYTRkNzgxZTUyM2M0MzczOGI4ZDZiNGU1ZmEwY2QyMCJ9.waYtTVvN_49Z_fSeaNNYBBo4aI1e_3WYQZxJ56Qao9A', 'Proxy-Connection': 'keep-alive', 'Content-Type': 'application/json;charset=UTF-8', 'Accept': 'application/json, text/plain, */*', 'Accept-Language': 'zh-CN,zh;q=0.9', 'User-Agent': 'Mozilla/5.0 (Windows NT 6.1; Win64; x64) AppleWebKit/537.36'}, 'json': {'advanceSubmit': 1, 'advanceSubmitTime': 30, 'area': ['dd9b2987af4a11e9ac97005056ae9835', 'dd9be929af4a11e9ac97005056ae9835'], 'city': 'dd9be929af4a11e9ac97005056ae9835', 'endTime': '2022-07-07 23:59:59', 'faceReg': 1, 'job': '375a468328aa45f28e2cfbfaa9cfd0e5', 'jobCode': '375a468328aa45f28e2cfbfaa9cfd0e5', 'onlineSwitch': 0, 'planCate': '0', 'planName': '锅巴:狗子1656295952', 'planStep': 0, 'planType': 0, 'positionSign': 1, 'province': 'dd9b2987af4a11e9ac97005056ae9835', 'regTimes': 1, 'selDate': ['2022-05-13T08:55:58.101Z', '2022-05-29T08:55:58.101Z'], 'socialSignEndTime': '2022-07-07 23:59:59', 'socialSignStartTime': '2022-06-27 00:00:00', 'sociologyDate': ['2022-05-13T08:56:31.901Z', '2022-05-29T08:56:31.901Z'], 'startTime': '2022-06-27 00:00:00', 'sub': [0, 1], 'subjects': '0,1', 'workCode': '53db1e63b7ea484581e489037b4728e0', 'workLevelCode': '8427964542f34e4ca87620e0a3a48d89'}}  

            返回信息: {'returnCode': 200, 'success': True, 'data': None, 'returnMsg': '操作成功!', 'returnData': {}}  

            

2022-06-27 10:12:33,802 template INFO 模板替换成功，替换的模板为D:\zjg\laodaomeidan-master\api_yaml\saveStudentApi.yml

2022-06-27 10:12:34,234 接口测试 INFO 
            请求地址：http://222.247.54.74:8990/dns-ynjnrcpjfwpt-proj-backstage-api/bks/v1/examaff/student/saveStudent  

            请求参数：{'headers': {'authorization_token': 'eyJhbGciOiJIUzI1NiIsInR5cCI6IkpXVCJ9.eyJjdXJyZW50IjoxNjU2Mjk2MTkwMTQzLCJleHAiOjE2NTYyOTk3OTAsImlhdCI6MTY1NjI5NjE5MCwidXNlckNvZGUiOiJiYTRkNzgxZTUyM2M0MzczOGI4ZDZiNGU1ZmEwY2QyMCJ9.waYtTVvN_49Z_fSeaNNYBBo4aI1e_3WYQZxJ56Qao9A', 'Proxy-Connection': 'keep-alive', 'Content-Type': 'application/json;charset=UTF-8', 'Accept': 'application/json, text/plain, */*', 'Accept-Language': 'zh-CN,zh;q=0.9', 'User-Agent': 'Mozilla/5.0 (Windows NT 6.1; Win64; x64) AppleWebKit/537.36'}, 'json': {'age': 23, 'birth': '1999-03-07', 'bizCode': '', 'cardNo': 429005200207049368, 'cardType': '237', 'education': '0', 'electronicPhoto': 'https://danengshou.obs.cn-north-1.myhuaweicloud.com/71c24673558d458982589cdcbd95b4b6.jpg', 'examaffPlanCode': '2e955bc14f174cf0a854cf379ea6feee', 'job': '375a468328aa45f28e2cfbfaa9cfd0e5', 'jobCode': '375a468328aa45f28e2cfbfaa9cfd0e5', 'mobile': 15693172614, 'planCoding': '530100202206270001', 'planType': 0, 'realNamePassed': 0, 'sex': '1', 'studentName': '杨娜1656295952', 'studentType': '0', 'trainSchool': '母猪产后的护理与调养专业学校', 'unit': '汉雅', 'workCode': '53db1e63b7ea484581e489037b4728e0', 'workLevelCode': '8427964542f34e4ca87620e0a3a48d89'}}  

            返回信息: {'returnCode': 200, 'success': True, 'data': None, 'returnMsg': '操作成功!', 'returnData': {}}  

            

2022-06-27 10:12:34,254 template INFO 模板替换成功，替换的模板为D:\zjg\laodaomeidan-master\api_yaml\studentAttachApi.yml

2022-06-27 10:12:34,386 接口测试 INFO 
            请求地址：http://222.247.54.74:8990/dns-ynjnrcpjfwpt-proj-backstage-api/bks/v1/examaff/student/uploadAttach  

            请求参数：{'headers': {'authorization_token': 'eyJhbGciOiJIUzI1NiIsInR5cCI6IkpXVCJ9.eyJjdXJyZW50IjoxNjU2Mjk2MTkwMTQzLCJleHAiOjE2NTYyOTk3OTAsImlhdCI6MTY1NjI5NjE5MCwidXNlckNvZGUiOiJiYTRkNzgxZTUyM2M0MzczOGI4ZDZiNGU1ZmEwY2QyMCJ9.waYtTVvN_49Z_fSeaNNYBBo4aI1e_3WYQZxJ56Qao9A', 'Proxy-Connection': 'keep-alive', 'Content-Type': 'application/x-www-form-urlencoded', 'Accept': 'application/json, text/plain, */*', 'Accept-Language': 'zh-CN,zh;q=0.9', 'User-Agent': 'Mozilla/5.0 (Windows NT 6.1; Win64; x64) AppleWebKit/537.36'}, 'params': {'attachName': 'F8983F1DD17811C3C6B350B82C90A61A.jpg', 'attachSrc': 'https://danengshou.obs.cn-north-1.myhuaweicloud.com/ed4499281b77450284f90da87659ebee.jpg', 'modelCode': '1', 'planCode': '2e955bc14f174cf0a854cf379ea6feee'}}  

            返回信息: {'returnCode': 200, 'success': True, 'data': None, 'returnMsg': '操作成功!', 'returnData': {}}  

            

2022-06-27 10:12:34,402 template INFO 模板替换成功，替换的模板为D:\zjg\laodaomeidan-master\api_yaml\saveSiteApi.yml

2022-06-27 10:12:34,516 接口测试 INFO 
            请求地址：http://222.247.54.74:8990/dns-ynjnrcpjfwpt-proj-backstage-api/bks/v1/examaff/site/saveSite  

            请求参数：{'headers': {'authorization_token': 'eyJhbGciOiJIUzI1NiIsInR5cCI6IkpXVCJ9.eyJjdXJyZW50IjoxNjU2Mjk2MTkwMTQzLCJleHAiOjE2NTYyOTk3OTAsImlhdCI6MTY1NjI5NjE5MCwidXNlckNvZGUiOiJiYTRkNzgxZTUyM2M0MzczOGI4ZDZiNGU1ZmEwY2QyMCJ9.waYtTVvN_49Z_fSeaNNYBBo4aI1e_3WYQZxJ56Qao9A', 'Proxy-Connection': 'keep-alive', 'Content-Type': 'application/json;charset=UTF-8', 'Accept': 'application/json, text/plain, */*', 'Accept-Language': 'zh-CN,zh;q=0.9', 'User-Agent': 'Mozilla/5.0 (Windows NT 6.1; Win64; x64) AppleWebKit/537.36'}, 'json': {'bizCode': '', 'fillingExamSiteCode': '91a62971ff1641e5b6b1ae1addb9115f', 'planCode': '2e955bc14f174cf0a854cf379ea6feee', 'planCoding': '530100202206270001', 'planType': 0, 'siteType': '0'}}  

            返回信息: {'returnCode': 200, 'success': True, 'data': {'id': None, 'bizCode': '817a94c2bef34d8d94d8f5d6f32eb062', 'planCode': '2e955bc14f174cf0a854cf379ea6feee', 'planCoding': None, 'planType': None, 'fillingSiteName': None, 'fillingSiteCode': None, 'fillingExamSiteCode': '91a62971ff1641e5b6b1ae1addb9115f', 'sitePosition': None, 'siteLongitude': None, 'siteLatitude': None, 'siteType': 0, 'createBy': 'ba4d781e523c43738b8d6b4e5fa0cd20', 'createTime': '2022-06-27T02:16:31.131+0000', 'lastUpdateTime': '2022-06-27T02:16:31.131+0000', 'lastUpdateBy': 'ba4d781e523c43738b8d6b4e5fa0cd20', 'isDelete': 0, 'topCode': '8b7d7091d36bc4e950a4a1b68bab4178', 'dateInt': 220627, 'cameraList': None, 'cameras': None}, 'returnMsg': '操作成功!', 'returnData': {}}  

            

2022-06-27 10:12:34,536 template INFO 模板替换成功，替换的模板为D:\zjg\laodaomeidan-master\api_yaml\saveSiteApi.yml

2022-06-27 10:12:34,622 接口测试 INFO 
            请求地址：http://222.247.54.74:8990/dns-ynjnrcpjfwpt-proj-backstage-api/bks/v1/examaff/site/saveSite  

            请求参数：{'headers': {'authorization_token': 'eyJhbGciOiJIUzI1NiIsInR5cCI6IkpXVCJ9.eyJjdXJyZW50IjoxNjU2Mjk2MTkwMTQzLCJleHAiOjE2NTYyOTk3OTAsImlhdCI6MTY1NjI5NjE5MCwidXNlckNvZGUiOiJiYTRkNzgxZTUyM2M0MzczOGI4ZDZiNGU1ZmEwY2QyMCJ9.waYtTVvN_49Z_fSeaNNYBBo4aI1e_3WYQZxJ56Qao9A', 'Proxy-Connection': 'keep-alive', 'Content-Type': 'application/json;charset=UTF-8', 'Accept': 'application/json, text/plain, */*', 'Accept-Language': 'zh-CN,zh;q=0.9', 'User-Agent': 'Mozilla/5.0 (Windows NT 6.1; Win64; x64) AppleWebKit/537.36'}, 'json': {'bizCode': '', 'fillingExamSiteCode': '91a62971ff1641e5b6b1ae1addb9115f', 'planCode': '2e955bc14f174cf0a854cf379ea6feee', 'planCoding': '530100202206270001', 'planType': 0, 'siteType': '1'}}  

            返回信息: {'returnCode': 200, 'success': True, 'data': {'id': None, 'bizCode': '3e92c1545339428a853dee6d7549fe23', 'planCode': '2e955bc14f174cf0a854cf379ea6feee', 'planCoding': None, 'planType': None, 'fillingSiteName': None, 'fillingSiteCode': None, 'fillingExamSiteCode': '91a62971ff1641e5b6b1ae1addb9115f', 'sitePosition': None, 'siteLongitude': None, 'siteLatitude': None, 'siteType': 1, 'createBy': 'ba4d781e523c43738b8d6b4e5fa0cd20', 'createTime': '2022-06-27T02:16:31.244+0000', 'lastUpdateTime': '2022-06-27T02:16:31.244+0000', 'lastUpdateBy': 'ba4d781e523c43738b8d6b4e5fa0cd20', 'isDelete': 0, 'topCode': '8b7d7091d36bc4e950a4a1b68bab4178', 'dateInt': 220627, 'cameraList': None, 'cameras': None}, 'returnMsg': '操作成功!', 'returnData': {}}  

            

2022-06-27 10:12:36,751 template INFO 模板替换成功，替换的模板为D:\zjg\laodaomeidan-master\api_yaml\savePlaceApi.yml

2022-06-27 10:12:37,062 接口测试 INFO 
            请求地址：http://222.247.54.74:8990/dns-ynjnrcpjfwpt-proj-backstage-api/bks/v1/examaff/site/savePlace  

            请求参数：{'headers': {'authorization_token': 'eyJhbGciOiJIUzI1NiIsInR5cCI6IkpXVCJ9.eyJjdXJyZW50IjoxNjU2Mjk2MTkwMTQzLCJleHAiOjE2NTYyOTk3OTAsImlhdCI6MTY1NjI5NjE5MCwidXNlckNvZGUiOiJiYTRkNzgxZTUyM2M0MzczOGI4ZDZiNGU1ZmEwY2QyMCJ9.waYtTVvN_49Z_fSeaNNYBBo4aI1e_3WYQZxJ56Qao9A', 'Proxy-Connection': 'keep-alive', 'Content-Type': 'application/json;charset=UTF-8', 'Accept': 'application/json, text/plain, */*', 'Accept-Language': 'zh-CN,zh;q=0.9', 'User-Agent': 'Mozilla/5.0 (Windows NT 6.1; Win64; x64) AppleWebKit/537.36'}, 'json': {'area': {'address': '云南省昆明市呈贡区', 'addressComponents': {'city': '昆明市', 'district': '呈贡区', 'province': '云南省', 'street': '', 'streetNumber': ''}, 'business': '', 'point': {'lat': 24.906561, 'lng': 102.825089}, 'surroundingPois': [{'Yi': '房地产', 'address': '云南省昆明市呈贡区彩云中路', 'city': '昆明市', 'phoneNumber': None, 'point': {'lat': 24.906687, 'lng': 102.823444}, 'postcode': None, 'tags': ['房地产'], 'title': '众和东苑', 'type': 0, 'uid': 'e6d9df09eaed329eadb22a03'}]}, 'cameras': [], 'endTime': '2022-06-27 10:12:37', 'examSiteCode': '817a94c2bef34d8d94d8f5d6f32eb062', 'jks': ['李本莹'], 'monitors': [{'monitorCode': '23502a671cef47c0889f95399e888428'}], 'orgCode': 'd96b58f212c6418b9f146d65e7add859', 'placeDetailAddress': '考场', 'placeLatitude': 24.906561, 'placeLongitude': 102.825089, 'placeName': '玉兰路麓天路口考场', 'placePosition': '云南省昆明市呈贡区', 'planCode': '2e955bc14f174cf0a854cf379ea6feee', 'planCoding': 530100202206270001, 'startTime': '2022-06-27 10:12:36', 'stuCount': 0, 'students': [{'studentCode': '66d16406a4e649568382fdf9195cd6af'}], 'suts': 1}}  

            返回信息: {'returnCode': 200, 'success': True, 'data': None, 'returnMsg': '操作成功!', 'returnData': {}}  

            

2022-06-27 10:12:39,110 template INFO 模板替换成功，替换的模板为D:\zjg\laodaomeidan-master\api_yaml\savePlaceApi.yml

2022-06-27 10:12:39,301 接口测试 INFO 
            请求地址：http://222.247.54.74:8990/dns-ynjnrcpjfwpt-proj-backstage-api/bks/v1/examaff/site/savePlace  

            请求参数：{'headers': {'authorization_token': 'eyJhbGciOiJIUzI1NiIsInR5cCI6IkpXVCJ9.eyJjdXJyZW50IjoxNjU2Mjk2MTkwMTQzLCJleHAiOjE2NTYyOTk3OTAsImlhdCI6MTY1NjI5NjE5MCwidXNlckNvZGUiOiJiYTRkNzgxZTUyM2M0MzczOGI4ZDZiNGU1ZmEwY2QyMCJ9.waYtTVvN_49Z_fSeaNNYBBo4aI1e_3WYQZxJ56Qao9A', 'Proxy-Connection': 'keep-alive', 'Content-Type': 'application/json;charset=UTF-8', 'Accept': 'application/json, text/plain, */*', 'Accept-Language': 'zh-CN,zh;q=0.9', 'User-Agent': 'Mozilla/5.0 (Windows NT 6.1; Win64; x64) AppleWebKit/537.36'}, 'json': {'area': {'address': '云南省昆明市呈贡区', 'addressComponents': {'city': '昆明市', 'district': '呈贡区', 'province': '云南省', 'street': '', 'streetNumber': ''}, 'business': '', 'point': {'lat': 24.906561, 'lng': 102.825089}, 'surroundingPois': [{'Yi': '房地产', 'address': '云南省昆明市呈贡区彩云中路', 'city': '昆明市', 'phoneNumber': None, 'point': {'lat': 24.906687, 'lng': 102.823444}, 'postcode': None, 'tags': ['房地产'], 'title': '众和东苑', 'type': 0, 'uid': 'e6d9df09eaed329eadb22a03'}]}, 'cameras': [], 'endTime': '2022-06-27 10:12:40', 'examSiteCode': '3e92c1545339428a853dee6d7549fe23', 'jks': ['李本莹'], 'monitors': [{'monitorCode': '23502a671cef47c0889f95399e888428'}], 'orgCode': 'd96b58f212c6418b9f146d65e7add859', 'placeDetailAddress': '考场', 'placeLatitude': 24.906561, 'placeLongitude': 102.825089, 'placeName': '玉兰路麓天路口考场', 'placePosition': '云南省昆明市呈贡区', 'planCode': '2e955bc14f174cf0a854cf379ea6feee', 'planCoding': 530100202206270001, 'startTime': '2022-06-27 10:12:39', 'stuCount': 0, 'students': [{'studentCode': '66d16406a4e649568382fdf9195cd6af'}], 'suts': 1}}  

            返回信息: {'returnCode': 200, 'success': True, 'data': None, 'returnMsg': '操作成功!', 'returnData': {}}  

            

2022-06-27 10:12:39,327 template INFO 模板替换成功，替换的模板为D:\zjg\laodaomeidan-master\api_yaml\saveDistributePersonApi.yml

2022-06-27 10:12:39,445 接口测试 INFO 
            请求地址：http://222.247.54.74:8990/dns-ynjnrcpjfwpt-proj-backstage-api/bks/v1/exaAff/distributePerson  

            请求参数：{'headers': {'authorization_token': 'eyJhbGciOiJIUzI1NiIsInR5cCI6IkpXVCJ9.eyJjdXJyZW50IjoxNjU2Mjk2MTkwMTQzLCJleHAiOjE2NTYyOTk3OTAsImlhdCI6MTY1NjI5NjE5MCwidXNlckNvZGUiOiJiYTRkNzgxZTUyM2M0MzczOGI4ZDZiNGU1ZmEwY2QyMCJ9.waYtTVvN_49Z_fSeaNNYBBo4aI1e_3WYQZxJ56Qao9A', 'Proxy-Connection': 'keep-alive', 'Content-Type': 'application/json;charset=UTF-8', 'Accept': 'application/json, text/plain, */*', 'Accept-Language': 'zh-CN,zh;q=0.9', 'User-Agent': 'Mozilla/5.0 (Windows NT 6.1; Win64; x64) AppleWebKit/537.36'}, 'json': {'personCode': ['259ef3e2bda84637abbfe66ba9e93e2d'], 'personType': 0, 'planCode': '2e955bc14f174cf0a854cf379ea6feee', 'planCoding': 530100202206270001, 'planType': 0}}  

            返回信息: {'returnCode': 200, 'success': True, 'data': None, 'returnMsg': '操作成功!', 'returnData': {}}  

            

2022-06-27 10:12:39,468 template INFO 模板替换成功，替换的模板为D:\zjg\laodaomeidan-master\api_yaml\saveDistributePersonApi.yml

2022-06-27 10:12:39,578 接口测试 INFO 
            请求地址：http://222.247.54.74:8990/dns-ynjnrcpjfwpt-proj-backstage-api/bks/v1/exaAff/distributePerson  

            请求参数：{'headers': {'authorization_token': 'eyJhbGciOiJIUzI1NiIsInR5cCI6IkpXVCJ9.eyJjdXJyZW50IjoxNjU2Mjk2MTkwMTQzLCJleHAiOjE2NTYyOTk3OTAsImlhdCI6MTY1NjI5NjE5MCwidXNlckNvZGUiOiJiYTRkNzgxZTUyM2M0MzczOGI4ZDZiNGU1ZmEwY2QyMCJ9.waYtTVvN_49Z_fSeaNNYBBo4aI1e_3WYQZxJ56Qao9A', 'Proxy-Connection': 'keep-alive', 'Content-Type': 'application/json;charset=UTF-8', 'Accept': 'application/json, text/plain, */*', 'Accept-Language': 'zh-CN,zh;q=0.9', 'User-Agent': 'Mozilla/5.0 (Windows NT 6.1; Win64; x64) AppleWebKit/537.36'}, 'json': {'personCode': ['cb5fb763ae574f6ab4c9080d9f74037b'], 'personType': 1, 'planCode': '2e955bc14f174cf0a854cf379ea6feee', 'planCoding': 530100202206270001, 'planType': 0}}  

            返回信息: {'returnCode': 200, 'success': True, 'data': None, 'returnMsg': '操作成功!', 'returnData': {}}  

            

2022-06-27 10:12:39,600 template INFO 模板替换成功，替换的模板为D:\zjg\laodaomeidan-master\api_yaml\saveDistributePersonApi.yml

2022-06-27 10:12:39,728 接口测试 INFO 
            请求地址：http://222.247.54.74:8990/dns-ynjnrcpjfwpt-proj-backstage-api/bks/v1/exaAff/distributePerson  

            请求参数：{'headers': {'authorization_token': 'eyJhbGciOiJIUzI1NiIsInR5cCI6IkpXVCJ9.eyJjdXJyZW50IjoxNjU2Mjk2MTkwMTQzLCJleHAiOjE2NTYyOTk3OTAsImlhdCI6MTY1NjI5NjE5MCwidXNlckNvZGUiOiJiYTRkNzgxZTUyM2M0MzczOGI4ZDZiNGU1ZmEwY2QyMCJ9.waYtTVvN_49Z_fSeaNNYBBo4aI1e_3WYQZxJ56Qao9A', 'Proxy-Connection': 'keep-alive', 'Content-Type': 'application/json;charset=UTF-8', 'Accept': 'application/json, text/plain, */*', 'Accept-Language': 'zh-CN,zh;q=0.9', 'User-Agent': 'Mozilla/5.0 (Windows NT 6.1; Win64; x64) AppleWebKit/537.36'}, 'json': {'personCode': ['e534f11638144821b4b2fe69118f4cb6', '74f47dd9df8d4d519f92aad63807b7f1', 'c1c2c092e33042659e765a5bd2716340'], 'personType': 3, 'planCode': '2e955bc14f174cf0a854cf379ea6feee', 'planCoding': 530100202206270001, 'planType': 0}}  

            返回信息: {'returnCode': 200, 'success': True, 'data': None, 'returnMsg': '操作成功!', 'returnData': {}}  

            

2022-06-27 10:12:39,767 template INFO 模板替换成功，替换的模板为D:\zjg\laodaomeidan-master\api_yaml\addOffLinePaperApi.yml

2022-06-27 10:12:40,002 接口测试 INFO 
            请求地址：http://222.247.54.74:8990/dns-ynjnrcpjfwpt-proj-backstage-api/bks/v1/exaAff/addOffLinePaper  

            请求参数：{'headers': {'authorization_token': 'eyJhbGciOiJIUzI1NiIsInR5cCI6IkpXVCJ9.eyJjdXJyZW50IjoxNjU2Mjk2MTkwMTQzLCJleHAiOjE2NTYyOTk3OTAsImlhdCI6MTY1NjI5NjE5MCwidXNlckNvZGUiOiJiYTRkNzgxZTUyM2M0MzczOGI4ZDZiNGU1ZmEwY2QyMCJ9.waYtTVvN_49Z_fSeaNNYBBo4aI1e_3WYQZxJ56Qao9A', 'Content-Type': 'application/x-www-form-urlencoded', 'User-Agent': 'Mozilla/5.0 (Windows NT 6.1; Win64; x64) AppleWebKit/537.36'}, 'params': {'formationType': 1, 'paperCoding': 1, 'paperSrc': 'https://danengshou.obs.cn-north-1.myhuaweicloud.com/7c27c0323ecc45699307cc5342dd8845.jpg', 'planCode': '2e955bc14f174cf0a854cf379ea6feee', 'type': '0'}}  

            返回信息: {'returnCode': 200, 'success': True, 'data': None, 'returnMsg': '操作成功!', 'returnData': {}}  

            

2022-06-27 10:12:40,035 template INFO 模板替换成功，替换的模板为D:\zjg\laodaomeidan-master\api_yaml\addOffLinePaperApi.yml

2022-06-27 10:12:40,134 接口测试 INFO 
            请求地址：http://222.247.54.74:8990/dns-ynjnrcpjfwpt-proj-backstage-api/bks/v1/exaAff/addOffLinePaper  

            请求参数：{'headers': {'authorization_token': 'eyJhbGciOiJIUzI1NiIsInR5cCI6IkpXVCJ9.eyJjdXJyZW50IjoxNjU2Mjk2MTkwMTQzLCJleHAiOjE2NTYyOTk3OTAsImlhdCI6MTY1NjI5NjE5MCwidXNlckNvZGUiOiJiYTRkNzgxZTUyM2M0MzczOGI4ZDZiNGU1ZmEwY2QyMCJ9.waYtTVvN_49Z_fSeaNNYBBo4aI1e_3WYQZxJ56Qao9A', 'Content-Type': 'application/x-www-form-urlencoded', 'User-Agent': 'Mozilla/5.0 (Windows NT 6.1; Win64; x64) AppleWebKit/537.36'}, 'params': {'formationType': 1, 'paperCoding': 2, 'paperSrc': 'https://danengshou.obs.cn-north-1.myhuaweicloud.com/7c27c0323ecc45699307cc5342dd8845.jpg', 'planCode': '2e955bc14f174cf0a854cf379ea6feee', 'type': '1'}}  

            返回信息: {'returnCode': 200, 'success': True, 'data': None, 'returnMsg': '操作成功!', 'returnData': {}}  

            

2022-06-27 10:12:40,139 template INFO 模板替换成功，替换的模板为D:\zjg\laodaomeidan-master\api_yaml\filView.yml

2022-06-27 10:12:40,243 接口测试 INFO 
            请求地址：http://222.247.54.74:8990/dns-ynjnrcpjfwpt-proj-backstage-api/bks/v1/fil/view/filView  

            请求参数：{'headers': {'Proxy-Connection': 'keep-alive', 'authorization_token': 'eyJhbGciOiJIUzI1NiIsInR5cCI6IkpXVCJ9.eyJjdXJyZW50IjoxNjU2Mjk2MTkwMTQzLCJleHAiOjE2NTYyOTk3OTAsImlhdCI6MTY1NjI5NjE5MCwidXNlckNvZGUiOiJiYTRkNzgxZTUyM2M0MzczOGI4ZDZiNGU1ZmEwY2QyMCJ9.waYtTVvN_49Z_fSeaNNYBBo4aI1e_3WYQZxJ56Qao9A', 'Content-Type': 'application/x-www-form-urlencoded;charset=UTF-8', 'Accept': 'application/json, text/plain, */*', 'Accept-Language': 'zh-CN,zh;q=0.9', 'User-Agent': 'Mozilla/5.0 (Windows NT 6.1; Win64; x64) AppleWebKit/537.36'}}  

            返回信息: {'returnCode': 200, 'success': True, 'data': {'orgCode': '8b7d7091d36bc4e950a4a1b68bab4178', 'filInfoCode': None, 'orgName': '昆明市官渡区阳光职业培训学校', 'socialCreditCode': '-1', 'unitAddress': '昆明市官渡区街道办事处季官社区第三居民小组云秀小巷官南城G区102号', 'contractPerson': '郑颖', 'contractPhone': '13312560156', 'isFil': 1, 'skillLevelIdentification': 8, 'professionalQualification': -1, 'specialAbility': 8, 'officialExamination': 8, 'codingStatus': 1}, 'returnMsg': '操作成功!', 'returnData': {}}  

            
